<?xml version="1.0" encoding="utf-8"?>
<CoverageSession xmlns:xsd="http://www.w3.org/2001/XMLSchema" xmlns:xsi="http://www.w3.org/2001/XMLSchema-instance" Version="4.6.0.0">
  <Summary numSequencePoints="249" visitedSequencePoints="201" numBranchPoints="64" visitedBranchPoints="47" sequenceCoverage="80.72" branchCoverage="73.44" maxCyclomaticComplexity="8" minCyclomaticComplexity="1" maxCrapScore="8" minCrapScore="1" visitedClasses="4" numClasses="4" visitedMethods="14" numMethods="24" />
  <Modules>
    <Module hash="D6-BD-28-D8-AA-FD-84-BE-CF-2B-F3-97-8E-D3-CF-A9-9D-19-98-6E">
      <Summary numSequencePoints="118" visitedSequencePoints="118" numBranchPoints="23" visitedBranchPoints="23" sequenceCoverage="100" branchCoverage="100" maxCyclomaticComplexity="7" minCyclomaticComplexity="1" maxCrapScore="7" minCrapScore="1" visitedClasses="1" numClasses="1" visitedMethods="7" numMethods="7" />
      <ModulePath>C:\Users\greg\source\repos\chess-sketch\GameTests\bin\Debug\GameTests.dll</ModulePath>
      <ModuleTime>2018-11-16T03:26:35.8542417Z</ModuleTime>
      <ModuleName>GameTests</ModuleName>
      <Files>
        <File uid="1" fullPath="C:\Users\greg\source\repos\chess-sketch\GameTests\GameTests.cs" />
      </Files>
      <Classes>
        <Class>
          <Summary numSequencePoints="118" visitedSequencePoints="118" numBranchPoints="23" visitedBranchPoints="23" sequenceCoverage="100" branchCoverage="100" maxCyclomaticComplexity="7" minCyclomaticComplexity="1" maxCrapScore="7" minCrapScore="1" visitedClasses="1" numClasses="1" visitedMethods="7" numMethods="7" />
          <FullName>gsChessLib.GameTests</FullName>
          <Methods>
            <Method visited="true" cyclomaticComplexity="2" nPathComplexity="2" sequenceCoverage="100" branchCoverage="100" crapScore="2" isConstructor="false" isStatic="false" isGetter="false" isSetter="false">
              <Summary numSequencePoints="19" visitedSequencePoints="19" numBranchPoints="3" visitedBranchPoints="3" sequenceCoverage="100" branchCoverage="100" maxCyclomaticComplexity="2" minCyclomaticComplexity="2" maxCrapScore="2" minCrapScore="2" visitedClasses="0" numClasses="0" visitedMethods="1" numMethods="1" />
              <MetadataToken>100663297</MetadataToken>
              <Name>System.Void gsChessLib.GameTests::GeneratePawns()</Name>
              <FileRef uid="1" />
              <SequencePoints>
                <SequencePoint vc="1" uspid="1" ordinal="0" offset="0" sl="13" sc="9" el="13" ec="10" bec="0" bev="0" fileid="1">
                  <TrackedMethodRefs>
                    <TrackedMethodRef uid="1" vc="1" />
                  </TrackedMethodRefs>
                </SequencePoint>
                <SequencePoint vc="1" uspid="2" ordinal="1" offset="1" sl="14" sc="13" el="14" ec="62" bec="0" bev="0" fileid="1">
                  <TrackedMethodRefs>
                    <TrackedMethodRef uid="1" vc="1" />
                  </TrackedMethodRefs>
                </SequencePoint>
                <SequencePoint vc="1" uspid="3" ordinal="2" offset="7" sl="17" sc="18" el="17" ec="27" bec="0" bev="0" fileid="1">
                  <TrackedMethodRefs>
                    <TrackedMethodRef uid="1" vc="1" />
                  </TrackedMethodRefs>
                </SequencePoint>
                <SequencePoint vc="8" uspid="4" ordinal="3" offset="11" sl="18" sc="13" el="18" ec="14" bec="0" bev="0" fileid="1">
                  <TrackedMethodRefs>
                    <TrackedMethodRef uid="1" vc="8" />
                  </TrackedMethodRefs>
                </SequencePoint>
                <SequencePoint vc="8" uspid="5" ordinal="4" offset="12" sl="19" sc="17" el="19" ec="49" bec="0" bev="0" fileid="1">
                  <TrackedMethodRefs>
                    <TrackedMethodRef uid="1" vc="8" />
                  </TrackedMethodRefs>
                </SequencePoint>
                <SequencePoint vc="8" uspid="6" ordinal="5" offset="18" sl="20" sc="17" el="20" ec="31" bec="0" bev="0" fileid="1">
                  <TrackedMethodRefs>
                    <TrackedMethodRef uid="1" vc="8" />
                  </TrackedMethodRefs>
                </SequencePoint>
                <SequencePoint vc="8" uspid="7" ordinal="6" offset="29" sl="21" sc="17" el="21" ec="45" bec="0" bev="0" fileid="1">
                  <TrackedMethodRefs>
                    <TrackedMethodRef uid="1" vc="8" />
                  </TrackedMethodRefs>
                </SequencePoint>
                <SequencePoint vc="8" uspid="8" ordinal="7" offset="53" sl="22" sc="17" el="22" ec="27" bec="0" bev="0" fileid="1">
                  <TrackedMethodRefs>
                    <TrackedMethodRef uid="1" vc="8" />
                  </TrackedMethodRefs>
                </SequencePoint>
                <SequencePoint vc="8" uspid="9" ordinal="8" offset="62" sl="23" sc="17" el="23" ec="33" bec="0" bev="0" fileid="1">
                  <TrackedMethodRefs>
                    <TrackedMethodRef uid="1" vc="8" />
                  </TrackedMethodRefs>
                </SequencePoint>
                <SequencePoint vc="8" uspid="10" ordinal="9" offset="69" sl="24" sc="17" el="24" ec="31" bec="0" bev="0" fileid="1">
                  <TrackedMethodRefs>
                    <TrackedMethodRef uid="1" vc="8" />
                  </TrackedMethodRefs>
                </SequencePoint>
                <SequencePoint vc="8" uspid="11" ordinal="10" offset="77" sl="25" sc="13" el="25" ec="14" bec="0" bev="0" fileid="1">
                  <TrackedMethodRefs>
                    <TrackedMethodRef uid="1" vc="8" />
                  </TrackedMethodRefs>
                </SequencePoint>
                <SequencePoint vc="8" uspid="12" ordinal="11" offset="78" sl="17" sc="36" el="17" ec="39" bec="0" bev="0" fileid="1">
                  <TrackedMethodRefs>
                    <TrackedMethodRef uid="1" vc="8" />
                  </TrackedMethodRefs>
                </SequencePoint>
                <SequencePoint vc="9" uspid="13" ordinal="12" offset="82" sl="17" sc="29" el="17" ec="34" bec="2" bev="2" fileid="1">
                  <TrackedMethodRefs>
                    <TrackedMethodRef uid="1" vc="9" />
                  </TrackedMethodRefs>
                </SequencePoint>
                <SequencePoint vc="1" uspid="14" ordinal="13" offset="92" sl="27" sc="13" el="27" ec="46" bec="0" bev="0" fileid="1">
                  <TrackedMethodRefs>
                    <TrackedMethodRef uid="1" vc="1" />
                  </TrackedMethodRefs>
                </SequencePoint>
                <SequencePoint vc="1" uspid="15" ordinal="14" offset="107" sl="28" sc="13" el="28" ec="51" bec="0" bev="0" fileid="1">
                  <TrackedMethodRefs>
                    <TrackedMethodRef uid="1" vc="1" />
                  </TrackedMethodRefs>
                </SequencePoint>
                <SequencePoint vc="1" uspid="16" ordinal="15" offset="135" sl="29" sc="13" el="29" ec="47" bec="0" bev="0" fileid="1">
                  <TrackedMethodRefs>
                    <TrackedMethodRef uid="1" vc="1" />
                  </TrackedMethodRefs>
                </SequencePoint>
                <SequencePoint vc="1" uspid="17" ordinal="16" offset="157" sl="30" sc="13" el="30" ec="47" bec="0" bev="0" fileid="1">
                  <TrackedMethodRefs>
                    <TrackedMethodRef uid="1" vc="1" />
                  </TrackedMethodRefs>
                </SequencePoint>
                <SequencePoint vc="1" uspid="18" ordinal="17" offset="179" sl="31" sc="13" el="31" ec="53" bec="0" bev="0" fileid="1">
                  <TrackedMethodRefs>
                    <TrackedMethodRef uid="1" vc="1" />
                  </TrackedMethodRefs>
                </SequencePoint>
                <SequencePoint vc="1" uspid="19" ordinal="18" offset="200" sl="32" sc="9" el="32" ec="10" bec="0" bev="0" fileid="1">
                  <TrackedMethodRefs>
                    <TrackedMethodRef uid="1" vc="1" />
                  </TrackedMethodRefs>
                </SequencePoint>
              </SequencePoints>
              <BranchPoints>
                <BranchPoint vc="1" uspid="20" ordinal="0" offset="90" sl="17" path="0" offsetend="92" fileid="1">
                  <TrackedMethodRefs>
                    <TrackedMethodRef uid="1" vc="1" />
                  </TrackedMethodRefs>
                </BranchPoint>
                <BranchPoint vc="8" uspid="21" ordinal="1" offset="90" sl="17" path="1" offsetend="11" fileid="1">
                  <TrackedMethodRefs>
                    <TrackedMethodRef uid="1" vc="8" />
                  </TrackedMethodRefs>
                </BranchPoint>
              </BranchPoints>
              <MethodPoint xsi:type="SequencePoint" vc="1" uspid="1" ordinal="0" offset="0" sl="13" sc="9" el="13" ec="10" bec="0" bev="0" fileid="1">
                <TrackedMethodRefs>
                  <TrackedMethodRef uid="1" vc="1" />
                </TrackedMethodRefs>
              </MethodPoint>
            </Method>
            <Method visited="true" cyclomaticComplexity="2" nPathComplexity="2" sequenceCoverage="100" branchCoverage="100" crapScore="2" isConstructor="false" isStatic="false" isGetter="false" isSetter="false">
              <Summary numSequencePoints="16" visitedSequencePoints="16" numBranchPoints="3" visitedBranchPoints="3" sequenceCoverage="100" branchCoverage="100" maxCyclomaticComplexity="2" minCyclomaticComplexity="2" maxCrapScore="2" minCrapScore="2" visitedClasses="0" numClasses="0" visitedMethods="1" numMethods="1" />
              <MetadataToken>100663298</MetadataToken>
              <Name>System.Void gsChessLib.GameTests::GeneratePawnsOnABoard()</Name>
              <FileRef uid="1" />
              <SequencePoints>
                <SequencePoint vc="1" uspid="22" ordinal="0" offset="0" sl="36" sc="9" el="36" ec="10" bec="0" bev="0" fileid="1">
                  <TrackedMethodRefs>
                    <TrackedMethodRef uid="2" vc="1" />
                  </TrackedMethodRefs>
                </SequencePoint>
                <SequencePoint vc="1" uspid="23" ordinal="1" offset="1" sl="37" sc="13" el="37" ec="45" bec="0" bev="0" fileid="1">
                  <TrackedMethodRefs>
                    <TrackedMethodRef uid="2" vc="1" />
                  </TrackedMethodRefs>
                </SequencePoint>
                <SequencePoint vc="1" uspid="24" ordinal="2" offset="7" sl="38" sc="13" el="38" ec="47" bec="0" bev="0" fileid="1">
                  <TrackedMethodRefs>
                    <TrackedMethodRef uid="2" vc="1" />
                  </TrackedMethodRefs>
                </SequencePoint>
                <SequencePoint vc="1" uspid="25" ordinal="3" offset="19" sl="41" sc="18" el="41" ec="27" bec="0" bev="0" fileid="1">
                  <TrackedMethodRefs>
                    <TrackedMethodRef uid="2" vc="1" />
                  </TrackedMethodRefs>
                </SequencePoint>
                <SequencePoint vc="8" uspid="26" ordinal="4" offset="23" sl="42" sc="13" el="42" ec="14" bec="0" bev="0" fileid="1">
                  <TrackedMethodRefs>
                    <TrackedMethodRef uid="2" vc="8" />
                  </TrackedMethodRefs>
                </SequencePoint>
                <SequencePoint vc="8" uspid="27" ordinal="5" offset="24" sl="43" sc="17" el="43" ec="49" bec="0" bev="0" fileid="1">
                  <TrackedMethodRefs>
                    <TrackedMethodRef uid="2" vc="8" />
                  </TrackedMethodRefs>
                </SequencePoint>
                <SequencePoint vc="8" uspid="28" ordinal="6" offset="30" sl="44" sc="17" el="44" ec="31" bec="0" bev="0" fileid="1">
                  <TrackedMethodRefs>
                    <TrackedMethodRef uid="2" vc="8" />
                  </TrackedMethodRefs>
                </SequencePoint>
                <SequencePoint vc="8" uspid="29" ordinal="7" offset="41" sl="45" sc="17" el="45" ec="45" bec="0" bev="0" fileid="1">
                  <TrackedMethodRefs>
                    <TrackedMethodRef uid="2" vc="8" />
                  </TrackedMethodRefs>
                </SequencePoint>
                <SequencePoint vc="8" uspid="30" ordinal="8" offset="65" sl="46" sc="17" el="46" ec="27" bec="0" bev="0" fileid="1">
                  <TrackedMethodRefs>
                    <TrackedMethodRef uid="2" vc="8" />
                  </TrackedMethodRefs>
                </SequencePoint>
                <SequencePoint vc="8" uspid="31" ordinal="9" offset="74" sl="47" sc="17" el="47" ec="33" bec="0" bev="0" fileid="1">
                  <TrackedMethodRefs>
                    <TrackedMethodRef uid="2" vc="8" />
                  </TrackedMethodRefs>
                </SequencePoint>
                <SequencePoint vc="8" uspid="32" ordinal="10" offset="81" sl="48" sc="17" el="48" ec="33" bec="0" bev="0" fileid="1">
                  <TrackedMethodRefs>
                    <TrackedMethodRef uid="2" vc="8" />
                  </TrackedMethodRefs>
                </SequencePoint>
                <SequencePoint vc="8" uspid="33" ordinal="11" offset="94" sl="49" sc="13" el="49" ec="14" bec="0" bev="0" fileid="1">
                  <TrackedMethodRefs>
                    <TrackedMethodRef uid="2" vc="8" />
                  </TrackedMethodRefs>
                </SequencePoint>
                <SequencePoint vc="8" uspid="34" ordinal="12" offset="95" sl="41" sc="36" el="41" ec="39" bec="0" bev="0" fileid="1">
                  <TrackedMethodRefs>
                    <TrackedMethodRef uid="2" vc="8" />
                  </TrackedMethodRefs>
                </SequencePoint>
                <SequencePoint vc="9" uspid="35" ordinal="13" offset="99" sl="41" sc="29" el="41" ec="34" bec="2" bev="2" fileid="1">
                  <TrackedMethodRefs>
                    <TrackedMethodRef uid="2" vc="9" />
                  </TrackedMethodRefs>
                </SequencePoint>
                <SequencePoint vc="1" uspid="36" ordinal="14" offset="109" sl="50" sc="13" el="50" ec="48" bec="0" bev="0" fileid="1">
                  <TrackedMethodRefs>
                    <TrackedMethodRef uid="2" vc="1" />
                  </TrackedMethodRefs>
                </SequencePoint>
                <SequencePoint vc="1" uspid="37" ordinal="15" offset="129" sl="51" sc="9" el="51" ec="10" bec="0" bev="0" fileid="1">
                  <TrackedMethodRefs>
                    <TrackedMethodRef uid="2" vc="1" />
                  </TrackedMethodRefs>
                </SequencePoint>
              </SequencePoints>
              <BranchPoints>
                <BranchPoint vc="1" uspid="38" ordinal="0" offset="107" sl="41" path="0" offsetend="109" fileid="1">
                  <TrackedMethodRefs>
                    <TrackedMethodRef uid="2" vc="1" />
                  </TrackedMethodRefs>
                </BranchPoint>
                <BranchPoint vc="8" uspid="39" ordinal="1" offset="107" sl="41" path="1" offsetend="23" fileid="1">
                  <TrackedMethodRefs>
                    <TrackedMethodRef uid="2" vc="8" />
                  </TrackedMethodRefs>
                </BranchPoint>
              </BranchPoints>
              <MethodPoint xsi:type="SequencePoint" vc="1" uspid="22" ordinal="0" offset="0" sl="36" sc="9" el="36" ec="10" bec="0" bev="0" fileid="1">
                <TrackedMethodRefs>
                  <TrackedMethodRef uid="2" vc="1" />
                </TrackedMethodRefs>
              </MethodPoint>
            </Method>
            <Method visited="true" cyclomaticComplexity="1" nPathComplexity="0" sequenceCoverage="100" branchCoverage="100" crapScore="1" isConstructor="false" isStatic="false" isGetter="false" isSetter="false">
              <Summary numSequencePoints="5" visitedSequencePoints="5" numBranchPoints="1" visitedBranchPoints="1" sequenceCoverage="100" branchCoverage="100" maxCyclomaticComplexity="1" minCyclomaticComplexity="1" maxCrapScore="1" minCrapScore="1" visitedClasses="0" numClasses="0" visitedMethods="1" numMethods="1" />
              <MetadataToken>100663299</MetadataToken>
              <Name>System.Void gsChessLib.GameTests::Test_8x8_BoardString()</Name>
              <FileRef uid="1" />
              <SequencePoints>
                <SequencePoint vc="1" uspid="40" ordinal="0" offset="0" sl="55" sc="9" el="55" ec="10" bec="0" bev="0" fileid="1">
                  <TrackedMethodRefs>
                    <TrackedMethodRef uid="3" vc="1" />
                  </TrackedMethodRefs>
                </SequencePoint>
                <SequencePoint vc="1" uspid="41" ordinal="1" offset="1" sl="56" sc="13" el="56" ec="45" bec="0" bev="0" fileid="1">
                  <TrackedMethodRefs>
                    <TrackedMethodRef uid="3" vc="1" />
                  </TrackedMethodRefs>
                </SequencePoint>
                <SequencePoint vc="1" uspid="42" ordinal="2" offset="7" sl="57" sc="13" el="57" ec="144" bec="0" bev="0" fileid="1">
                  <TrackedMethodRefs>
                    <TrackedMethodRef uid="3" vc="1" />
                  </TrackedMethodRefs>
                </SequencePoint>
                <SequencePoint vc="1" uspid="43" ordinal="3" offset="23" sl="63" sc="13" el="63" ec="144" bec="0" bev="0" fileid="1">
                  <TrackedMethodRefs>
                    <TrackedMethodRef uid="3" vc="1" />
                  </TrackedMethodRefs>
                </SequencePoint>
                <SequencePoint vc="1" uspid="44" ordinal="4" offset="39" sl="64" sc="9" el="64" ec="10" bec="0" bev="0" fileid="1">
                  <TrackedMethodRefs>
                    <TrackedMethodRef uid="3" vc="1" />
                  </TrackedMethodRefs>
                </SequencePoint>
              </SequencePoints>
              <BranchPoints />
              <MethodPoint xsi:type="SequencePoint" vc="1" uspid="40" ordinal="0" offset="0" sl="55" sc="9" el="55" ec="10" bec="0" bev="0" fileid="1">
                <TrackedMethodRefs>
                  <TrackedMethodRef uid="3" vc="1" />
                </TrackedMethodRefs>
              </MethodPoint>
            </Method>
            <Method visited="true" cyclomaticComplexity="1" nPathComplexity="0" sequenceCoverage="100" branchCoverage="100" crapScore="1" isConstructor="false" isStatic="false" isGetter="false" isSetter="false">
              <Summary numSequencePoints="5" visitedSequencePoints="5" numBranchPoints="1" visitedBranchPoints="1" sequenceCoverage="100" branchCoverage="100" maxCyclomaticComplexity="1" minCyclomaticComplexity="1" maxCrapScore="1" minCrapScore="1" visitedClasses="0" numClasses="0" visitedMethods="1" numMethods="1" />
              <MetadataToken>100663300</MetadataToken>
              <Name>System.Void gsChessLib.GameTests::GetInitialWhitePieces()</Name>
              <FileRef uid="1" />
              <SequencePoints>
                <SequencePoint vc="1" uspid="45" ordinal="0" offset="0" sl="68" sc="9" el="68" ec="10" bec="0" bev="0" fileid="1">
                  <TrackedMethodRefs>
                    <TrackedMethodRef uid="4" vc="1" />
                  </TrackedMethodRefs>
                </SequencePoint>
                <SequencePoint vc="1" uspid="46" ordinal="1" offset="1" sl="69" sc="13" el="69" ec="45" bec="0" bev="0" fileid="1">
                  <TrackedMethodRefs>
                    <TrackedMethodRef uid="4" vc="1" />
                  </TrackedMethodRefs>
                </SequencePoint>
                <SequencePoint vc="1" uspid="47" ordinal="2" offset="7" sl="70" sc="13" el="70" ec="52" bec="0" bev="0" fileid="1">
                  <TrackedMethodRefs>
                    <TrackedMethodRef uid="4" vc="1" />
                  </TrackedMethodRefs>
                </SequencePoint>
                <SequencePoint vc="1" uspid="48" ordinal="3" offset="20" sl="71" sc="13" el="71" ec="126" bec="0" bev="0" fileid="1">
                  <TrackedMethodRefs>
                    <TrackedMethodRef uid="4" vc="1" />
                  </TrackedMethodRefs>
                </SequencePoint>
                <SequencePoint vc="1" uspid="49" ordinal="4" offset="42" sl="73" sc="9" el="73" ec="10" bec="0" bev="0" fileid="1">
                  <TrackedMethodRefs>
                    <TrackedMethodRef uid="4" vc="1" />
                  </TrackedMethodRefs>
                </SequencePoint>
              </SequencePoints>
              <BranchPoints />
              <MethodPoint xsi:type="SequencePoint" vc="1" uspid="45" ordinal="0" offset="0" sl="68" sc="9" el="68" ec="10" bec="0" bev="0" fileid="1">
                <TrackedMethodRefs>
                  <TrackedMethodRef uid="4" vc="1" />
                </TrackedMethodRefs>
              </MethodPoint>
            </Method>
            <Method visited="true" cyclomaticComplexity="1" nPathComplexity="0" sequenceCoverage="100" branchCoverage="100" crapScore="1" isConstructor="false" isStatic="false" isGetter="false" isSetter="false">
              <Summary numSequencePoints="7" visitedSequencePoints="7" numBranchPoints="1" visitedBranchPoints="1" sequenceCoverage="100" branchCoverage="100" maxCyclomaticComplexity="1" minCyclomaticComplexity="1" maxCrapScore="1" minCrapScore="1" visitedClasses="0" numClasses="0" visitedMethods="1" numMethods="1" />
              <MetadataToken>100663301</MetadataToken>
              <Name>System.Void gsChessLib.GameTests::TestBoardStringToPieces()</Name>
              <FileRef uid="1" />
              <SequencePoints>
                <SequencePoint vc="1" uspid="50" ordinal="0" offset="0" sl="77" sc="9" el="77" ec="10" bec="0" bev="0" fileid="1">
                  <TrackedMethodRefs>
                    <TrackedMethodRef uid="5" vc="1" />
                  </TrackedMethodRefs>
                </SequencePoint>
                <SequencePoint vc="1" uspid="51" ordinal="1" offset="1" sl="78" sc="13" el="78" ec="45" bec="0" bev="0" fileid="1">
                  <TrackedMethodRefs>
                    <TrackedMethodRef uid="5" vc="1" />
                  </TrackedMethodRefs>
                </SequencePoint>
                <SequencePoint vc="1" uspid="52" ordinal="2" offset="7" sl="79" sc="13" el="79" ec="52" bec="0" bev="0" fileid="1">
                  <TrackedMethodRefs>
                    <TrackedMethodRef uid="5" vc="1" />
                  </TrackedMethodRefs>
                </SequencePoint>
                <SequencePoint vc="1" uspid="53" ordinal="3" offset="20" sl="80" sc="13" el="80" ec="37" bec="0" bev="0" fileid="1">
                  <TrackedMethodRefs>
                    <TrackedMethodRef uid="5" vc="1" />
                  </TrackedMethodRefs>
                </SequencePoint>
                <SequencePoint vc="1" uspid="54" ordinal="4" offset="27" sl="81" sc="13" el="81" ec="45" bec="0" bev="0" fileid="1">
                  <TrackedMethodRefs>
                    <TrackedMethodRef uid="5" vc="1" />
                  </TrackedMethodRefs>
                </SequencePoint>
                <SequencePoint vc="1" uspid="55" ordinal="5" offset="42" sl="82" sc="13" el="82" ec="50" bec="0" bev="0" fileid="1">
                  <TrackedMethodRefs>
                    <TrackedMethodRef uid="5" vc="1" />
                  </TrackedMethodRefs>
                </SequencePoint>
                <SequencePoint vc="1" uspid="56" ordinal="6" offset="63" sl="83" sc="9" el="83" ec="10" bec="0" bev="0" fileid="1">
                  <TrackedMethodRefs>
                    <TrackedMethodRef uid="5" vc="1" />
                  </TrackedMethodRefs>
                </SequencePoint>
              </SequencePoints>
              <BranchPoints />
              <MethodPoint xsi:type="SequencePoint" vc="1" uspid="50" ordinal="0" offset="0" sl="77" sc="9" el="77" ec="10" bec="0" bev="0" fileid="1">
                <TrackedMethodRefs>
                  <TrackedMethodRef uid="5" vc="1" />
                </TrackedMethodRefs>
              </MethodPoint>
            </Method>
            <Method visited="true" cyclomaticComplexity="7" nPathComplexity="64" sequenceCoverage="100" branchCoverage="100" crapScore="7" isConstructor="false" isStatic="false" isGetter="false" isSetter="false">
              <Summary numSequencePoints="57" visitedSequencePoints="57" numBranchPoints="13" visitedBranchPoints="13" sequenceCoverage="100" branchCoverage="100" maxCyclomaticComplexity="7" minCyclomaticComplexity="7" maxCrapScore="7" minCrapScore="7" visitedClasses="0" numClasses="0" visitedMethods="1" numMethods="1" />
              <MetadataToken>100663302</MetadataToken>
              <Name>System.Void gsChessLib.GameTests::Test_GetPiecesOnSquare_InitialBoard()</Name>
              <FileRef uid="1" />
              <SequencePoints>
                <SequencePoint vc="1" uspid="57" ordinal="0" offset="0" sl="87" sc="9" el="87" ec="10" bec="0" bev="0" fileid="1">
                  <TrackedMethodRefs>
                    <TrackedMethodRef uid="6" vc="1" />
                  </TrackedMethodRefs>
                </SequencePoint>
                <SequencePoint vc="1" uspid="58" ordinal="1" offset="1" sl="88" sc="13" el="88" ec="45" bec="0" bev="0" fileid="1">
                  <TrackedMethodRefs>
                    <TrackedMethodRef uid="6" vc="1" />
                  </TrackedMethodRefs>
                </SequencePoint>
                <SequencePoint vc="1" uspid="59" ordinal="2" offset="7" sl="89" sc="13" el="89" ec="52" bec="0" bev="0" fileid="1">
                  <TrackedMethodRefs>
                    <TrackedMethodRef uid="6" vc="1" />
                  </TrackedMethodRefs>
                </SequencePoint>
                <SequencePoint vc="1" uspid="60" ordinal="3" offset="20" sl="90" sc="13" el="90" ec="37" bec="0" bev="0" fileid="1">
                  <TrackedMethodRefs>
                    <TrackedMethodRef uid="6" vc="1" />
                  </TrackedMethodRefs>
                </SequencePoint>
                <SequencePoint vc="1" uspid="61" ordinal="4" offset="27" sl="91" sc="13" el="91" ec="45" bec="0" bev="0" fileid="1">
                  <TrackedMethodRefs>
                    <TrackedMethodRef uid="6" vc="1" />
                  </TrackedMethodRefs>
                </SequencePoint>
                <SequencePoint vc="1" uspid="62" ordinal="5" offset="42" sl="92" sc="13" el="92" ec="49" bec="0" bev="0" fileid="1">
                  <TrackedMethodRefs>
                    <TrackedMethodRef uid="6" vc="1" />
                  </TrackedMethodRefs>
                </SequencePoint>
                <SequencePoint vc="1" uspid="63" ordinal="6" offset="63" sl="97" sc="13" el="97" ec="42" bec="0" bev="0" fileid="1">
                  <TrackedMethodRefs>
                    <TrackedMethodRef uid="6" vc="1" />
                  </TrackedMethodRefs>
                </SequencePoint>
                <SequencePoint vc="1" uspid="64" ordinal="7" offset="69" sl="98" sc="18" el="98" ec="27" bec="0" bev="0" fileid="1">
                  <TrackedMethodRefs>
                    <TrackedMethodRef uid="6" vc="1" />
                  </TrackedMethodRefs>
                </SequencePoint>
                <SequencePoint vc="7" uspid="65" ordinal="8" offset="73" sl="99" sc="13" el="99" ec="14" bec="0" bev="0" fileid="1">
                  <TrackedMethodRefs>
                    <TrackedMethodRef uid="6" vc="7" />
                  </TrackedMethodRefs>
                </SequencePoint>
                <SequencePoint vc="7" uspid="66" ordinal="9" offset="74" sl="100" sc="17" el="100" ec="79" bec="0" bev="0" fileid="1">
                  <TrackedMethodRefs>
                    <TrackedMethodRef uid="6" vc="7" />
                  </TrackedMethodRefs>
                </SequencePoint>
                <SequencePoint vc="7" uspid="67" ordinal="10" offset="97" sl="101" sc="17" el="101" ec="42" bec="0" bev="0" fileid="1">
                  <TrackedMethodRefs>
                    <TrackedMethodRef uid="6" vc="7" />
                  </TrackedMethodRefs>
                </SequencePoint>
                <SequencePoint vc="7" uspid="68" ordinal="11" offset="108" sl="102" sc="17" el="102" ec="47" bec="0" bev="0" fileid="1">
                  <TrackedMethodRefs>
                    <TrackedMethodRef uid="6" vc="7" />
                  </TrackedMethodRefs>
                </SequencePoint>
                <SequencePoint vc="7" uspid="69" ordinal="12" offset="131" sl="103" sc="17" el="103" ec="69" bec="0" bev="0" fileid="1">
                  <TrackedMethodRefs>
                    <TrackedMethodRef uid="6" vc="7" />
                  </TrackedMethodRefs>
                </SequencePoint>
                <SequencePoint vc="7" uspid="70" ordinal="13" offset="167" sl="104" sc="13" el="104" ec="14" bec="0" bev="0" fileid="1">
                  <TrackedMethodRefs>
                    <TrackedMethodRef uid="6" vc="7" />
                  </TrackedMethodRefs>
                </SequencePoint>
                <SequencePoint vc="7" uspid="71" ordinal="14" offset="168" sl="98" sc="36" el="98" ec="39" bec="0" bev="0" fileid="1">
                  <TrackedMethodRefs>
                    <TrackedMethodRef uid="6" vc="7" />
                  </TrackedMethodRefs>
                </SequencePoint>
                <SequencePoint vc="8" uspid="72" ordinal="15" offset="172" sl="98" sc="29" el="98" ec="34" bec="2" bev="2" fileid="1">
                  <TrackedMethodRefs>
                    <TrackedMethodRef uid="6" vc="8" />
                  </TrackedMethodRefs>
                </SequencePoint>
                <SequencePoint vc="1" uspid="73" ordinal="16" offset="182" sl="108" sc="18" el="108" ec="27" bec="0" bev="0" fileid="1">
                  <TrackedMethodRefs>
                    <TrackedMethodRef uid="6" vc="1" />
                  </TrackedMethodRefs>
                </SequencePoint>
                <SequencePoint vc="7" uspid="74" ordinal="17" offset="187" sl="109" sc="13" el="109" ec="14" bec="0" bev="0" fileid="1">
                  <TrackedMethodRefs>
                    <TrackedMethodRef uid="6" vc="7" />
                  </TrackedMethodRefs>
                </SequencePoint>
                <SequencePoint vc="7" uspid="75" ordinal="18" offset="188" sl="110" sc="17" el="110" ec="79" bec="0" bev="0" fileid="1">
                  <TrackedMethodRefs>
                    <TrackedMethodRef uid="6" vc="7" />
                  </TrackedMethodRefs>
                </SequencePoint>
                <SequencePoint vc="7" uspid="76" ordinal="19" offset="211" sl="111" sc="17" el="111" ec="42" bec="0" bev="0" fileid="1">
                  <TrackedMethodRefs>
                    <TrackedMethodRef uid="6" vc="7" />
                  </TrackedMethodRefs>
                </SequencePoint>
                <SequencePoint vc="7" uspid="77" ordinal="20" offset="222" sl="112" sc="17" el="112" ec="47" bec="0" bev="0" fileid="1">
                  <TrackedMethodRefs>
                    <TrackedMethodRef uid="6" vc="7" />
                  </TrackedMethodRefs>
                </SequencePoint>
                <SequencePoint vc="7" uspid="78" ordinal="21" offset="245" sl="113" sc="17" el="113" ec="57" bec="0" bev="0" fileid="1">
                  <TrackedMethodRefs>
                    <TrackedMethodRef uid="6" vc="7" />
                  </TrackedMethodRefs>
                </SequencePoint>
                <SequencePoint vc="7" uspid="79" ordinal="22" offset="274" sl="114" sc="13" el="114" ec="14" bec="0" bev="0" fileid="1">
                  <TrackedMethodRefs>
                    <TrackedMethodRef uid="6" vc="7" />
                  </TrackedMethodRefs>
                </SequencePoint>
                <SequencePoint vc="7" uspid="80" ordinal="23" offset="275" sl="108" sc="36" el="108" ec="39" bec="0" bev="0" fileid="1">
                  <TrackedMethodRefs>
                    <TrackedMethodRef uid="6" vc="7" />
                  </TrackedMethodRefs>
                </SequencePoint>
                <SequencePoint vc="8" uspid="81" ordinal="24" offset="281" sl="108" sc="29" el="108" ec="34" bec="2" bev="2" fileid="1">
                  <TrackedMethodRefs>
                    <TrackedMethodRef uid="6" vc="8" />
                  </TrackedMethodRefs>
                </SequencePoint>
                <SequencePoint vc="1" uspid="82" ordinal="25" offset="292" sl="117" sc="18" el="117" ec="27" bec="0" bev="0" fileid="1">
                  <TrackedMethodRefs>
                    <TrackedMethodRef uid="6" vc="1" />
                  </TrackedMethodRefs>
                </SequencePoint>
                <SequencePoint vc="4" uspid="83" ordinal="26" offset="297" sl="118" sc="13" el="118" ec="14" bec="0" bev="0" fileid="1">
                  <TrackedMethodRefs>
                    <TrackedMethodRef uid="6" vc="4" />
                  </TrackedMethodRefs>
                </SequencePoint>
                <SequencePoint vc="4" uspid="84" ordinal="27" offset="298" sl="119" sc="22" el="119" ec="31" bec="0" bev="0" fileid="1">
                  <TrackedMethodRefs>
                    <TrackedMethodRef uid="6" vc="4" />
                  </TrackedMethodRefs>
                </SequencePoint>
                <SequencePoint vc="28" uspid="85" ordinal="28" offset="303" sl="120" sc="17" el="120" ec="18" bec="0" bev="0" fileid="1">
                  <TrackedMethodRefs>
                    <TrackedMethodRef uid="6" vc="28" />
                  </TrackedMethodRefs>
                </SequencePoint>
                <SequencePoint vc="28" uspid="86" ordinal="29" offset="304" sl="121" sc="21" el="121" ec="95" bec="0" bev="0" fileid="1">
                  <TrackedMethodRefs>
                    <TrackedMethodRef uid="6" vc="28" />
                  </TrackedMethodRefs>
                </SequencePoint>
                <SequencePoint vc="28" uspid="87" ordinal="30" offset="338" sl="122" sc="21" el="122" ec="46" bec="0" bev="0" fileid="1">
                  <TrackedMethodRefs>
                    <TrackedMethodRef uid="6" vc="28" />
                  </TrackedMethodRefs>
                </SequencePoint>
                <SequencePoint vc="28" uspid="88" ordinal="31" offset="349" sl="123" sc="17" el="123" ec="18" bec="0" bev="0" fileid="1">
                  <TrackedMethodRefs>
                    <TrackedMethodRef uid="6" vc="28" />
                  </TrackedMethodRefs>
                </SequencePoint>
                <SequencePoint vc="28" uspid="89" ordinal="32" offset="350" sl="119" sc="40" el="119" ec="43" bec="0" bev="0" fileid="1">
                  <TrackedMethodRefs>
                    <TrackedMethodRef uid="6" vc="28" />
                  </TrackedMethodRefs>
                </SequencePoint>
                <SequencePoint vc="32" uspid="90" ordinal="33" offset="356" sl="119" sc="33" el="119" ec="38" bec="2" bev="2" fileid="1">
                  <TrackedMethodRefs>
                    <TrackedMethodRef uid="6" vc="32" />
                  </TrackedMethodRefs>
                </SequencePoint>
                <SequencePoint vc="4" uspid="91" ordinal="34" offset="367" sl="124" sc="13" el="124" ec="14" bec="0" bev="0" fileid="1">
                  <TrackedMethodRefs>
                    <TrackedMethodRef uid="6" vc="4" />
                  </TrackedMethodRefs>
                </SequencePoint>
                <SequencePoint vc="4" uspid="92" ordinal="35" offset="368" sl="117" sc="36" el="117" ec="39" bec="0" bev="0" fileid="1">
                  <TrackedMethodRefs>
                    <TrackedMethodRef uid="6" vc="4" />
                  </TrackedMethodRefs>
                </SequencePoint>
                <SequencePoint vc="5" uspid="93" ordinal="36" offset="374" sl="117" sc="29" el="117" ec="34" bec="2" bev="2" fileid="1">
                  <TrackedMethodRefs>
                    <TrackedMethodRef uid="6" vc="5" />
                  </TrackedMethodRefs>
                </SequencePoint>
                <SequencePoint vc="1" uspid="94" ordinal="37" offset="385" sl="127" sc="18" el="127" ec="27" bec="0" bev="0" fileid="1">
                  <TrackedMethodRefs>
                    <TrackedMethodRef uid="6" vc="1" />
                  </TrackedMethodRefs>
                </SequencePoint>
                <SequencePoint vc="7" uspid="95" ordinal="38" offset="390" sl="128" sc="13" el="128" ec="14" bec="0" bev="0" fileid="1">
                  <TrackedMethodRefs>
                    <TrackedMethodRef uid="6" vc="7" />
                  </TrackedMethodRefs>
                </SequencePoint>
                <SequencePoint vc="7" uspid="96" ordinal="39" offset="391" sl="129" sc="17" el="129" ec="79" bec="0" bev="0" fileid="1">
                  <TrackedMethodRefs>
                    <TrackedMethodRef uid="6" vc="7" />
                  </TrackedMethodRefs>
                </SequencePoint>
                <SequencePoint vc="7" uspid="97" ordinal="40" offset="414" sl="130" sc="17" el="130" ec="42" bec="0" bev="0" fileid="1">
                  <TrackedMethodRefs>
                    <TrackedMethodRef uid="6" vc="7" />
                  </TrackedMethodRefs>
                </SequencePoint>
                <SequencePoint vc="7" uspid="98" ordinal="41" offset="425" sl="131" sc="17" el="131" ec="47" bec="0" bev="0" fileid="1">
                  <TrackedMethodRefs>
                    <TrackedMethodRef uid="6" vc="7" />
                  </TrackedMethodRefs>
                </SequencePoint>
                <SequencePoint vc="7" uspid="99" ordinal="42" offset="448" sl="132" sc="17" el="132" ec="57" bec="0" bev="0" fileid="1">
                  <TrackedMethodRefs>
                    <TrackedMethodRef uid="6" vc="7" />
                  </TrackedMethodRefs>
                </SequencePoint>
                <SequencePoint vc="7" uspid="100" ordinal="43" offset="477" sl="133" sc="13" el="133" ec="14" bec="0" bev="0" fileid="1">
                  <TrackedMethodRefs>
                    <TrackedMethodRef uid="6" vc="7" />
                  </TrackedMethodRefs>
                </SequencePoint>
                <SequencePoint vc="7" uspid="101" ordinal="44" offset="478" sl="127" sc="36" el="127" ec="39" bec="0" bev="0" fileid="1">
                  <TrackedMethodRefs>
                    <TrackedMethodRef uid="6" vc="7" />
                  </TrackedMethodRefs>
                </SequencePoint>
                <SequencePoint vc="8" uspid="102" ordinal="45" offset="484" sl="127" sc="29" el="127" ec="34" bec="2" bev="2" fileid="1">
                  <TrackedMethodRefs>
                    <TrackedMethodRef uid="6" vc="8" />
                  </TrackedMethodRefs>
                </SequencePoint>
                <SequencePoint vc="1" uspid="103" ordinal="46" offset="495" sl="136" sc="13" el="136" ec="43" bec="0" bev="0" fileid="1">
                  <TrackedMethodRefs>
                    <TrackedMethodRef uid="6" vc="1" />
                  </TrackedMethodRefs>
                </SequencePoint>
                <SequencePoint vc="1" uspid="104" ordinal="47" offset="501" sl="137" sc="18" el="137" ec="27" bec="0" bev="0" fileid="1">
                  <TrackedMethodRefs>
                    <TrackedMethodRef uid="6" vc="1" />
                  </TrackedMethodRefs>
                </SequencePoint>
                <SequencePoint vc="7" uspid="105" ordinal="48" offset="506" sl="138" sc="13" el="138" ec="14" bec="0" bev="0" fileid="1">
                  <TrackedMethodRefs>
                    <TrackedMethodRef uid="6" vc="7" />
                  </TrackedMethodRefs>
                </SequencePoint>
                <SequencePoint vc="7" uspid="106" ordinal="49" offset="507" sl="139" sc="17" el="139" ec="79" bec="0" bev="0" fileid="1">
                  <TrackedMethodRefs>
                    <TrackedMethodRef uid="6" vc="7" />
                  </TrackedMethodRefs>
                </SequencePoint>
                <SequencePoint vc="7" uspid="107" ordinal="50" offset="530" sl="140" sc="17" el="140" ec="42" bec="0" bev="0" fileid="1">
                  <TrackedMethodRefs>
                    <TrackedMethodRef uid="6" vc="7" />
                  </TrackedMethodRefs>
                </SequencePoint>
                <SequencePoint vc="7" uspid="108" ordinal="51" offset="541" sl="141" sc="17" el="141" ec="47" bec="0" bev="0" fileid="1">
                  <TrackedMethodRefs>
                    <TrackedMethodRef uid="6" vc="7" />
                  </TrackedMethodRefs>
                </SequencePoint>
                <SequencePoint vc="7" uspid="109" ordinal="52" offset="564" sl="142" sc="17" el="142" ec="68" bec="0" bev="0" fileid="1">
                  <TrackedMethodRefs>
                    <TrackedMethodRef uid="6" vc="7" />
                  </TrackedMethodRefs>
                </SequencePoint>
                <SequencePoint vc="7" uspid="110" ordinal="53" offset="601" sl="143" sc="13" el="143" ec="14" bec="0" bev="0" fileid="1">
                  <TrackedMethodRefs>
                    <TrackedMethodRef uid="6" vc="7" />
                  </TrackedMethodRefs>
                </SequencePoint>
                <SequencePoint vc="7" uspid="111" ordinal="54" offset="602" sl="137" sc="36" el="137" ec="39" bec="0" bev="0" fileid="1">
                  <TrackedMethodRefs>
                    <TrackedMethodRef uid="6" vc="7" />
                  </TrackedMethodRefs>
                </SequencePoint>
                <SequencePoint vc="8" uspid="112" ordinal="55" offset="608" sl="137" sc="29" el="137" ec="34" bec="2" bev="2" fileid="1">
                  <TrackedMethodRefs>
                    <TrackedMethodRef uid="6" vc="8" />
                  </TrackedMethodRefs>
                </SequencePoint>
                <SequencePoint vc="1" uspid="113" ordinal="56" offset="619" sl="145" sc="9" el="145" ec="10" bec="0" bev="0" fileid="1">
                  <TrackedMethodRefs>
                    <TrackedMethodRef uid="6" vc="1" />
                  </TrackedMethodRefs>
                </SequencePoint>
              </SequencePoints>
              <BranchPoints>
                <BranchPoint vc="1" uspid="114" ordinal="0" offset="180" sl="98" path="0" offsetend="182" fileid="1">
                  <TrackedMethodRefs>
                    <TrackedMethodRef uid="6" vc="1" />
                  </TrackedMethodRefs>
                </BranchPoint>
                <BranchPoint vc="7" uspid="115" ordinal="1" offset="180" sl="98" path="1" offsetend="73" fileid="1">
                  <TrackedMethodRefs>
                    <TrackedMethodRef uid="6" vc="7" />
                  </TrackedMethodRefs>
                </BranchPoint>
                <BranchPoint vc="1" uspid="116" ordinal="2" offset="290" sl="108" path="0" offsetend="292" fileid="1">
                  <TrackedMethodRefs>
                    <TrackedMethodRef uid="6" vc="1" />
                  </TrackedMethodRefs>
                </BranchPoint>
                <BranchPoint vc="7" uspid="117" ordinal="3" offset="290" sl="108" path="1" offsetend="187" fileid="1">
                  <TrackedMethodRefs>
                    <TrackedMethodRef uid="6" vc="7" />
                  </TrackedMethodRefs>
                </BranchPoint>
                <BranchPoint vc="4" uspid="118" ordinal="4" offset="365" sl="119" path="0" offsetend="367" fileid="1">
                  <TrackedMethodRefs>
                    <TrackedMethodRef uid="6" vc="4" />
                  </TrackedMethodRefs>
                </BranchPoint>
                <BranchPoint vc="28" uspid="119" ordinal="5" offset="365" sl="119" path="1" offsetend="303" fileid="1">
                  <TrackedMethodRefs>
                    <TrackedMethodRef uid="6" vc="28" />
                  </TrackedMethodRefs>
                </BranchPoint>
                <BranchPoint vc="1" uspid="120" ordinal="6" offset="383" sl="117" path="0" offsetend="385" fileid="1">
                  <TrackedMethodRefs>
                    <TrackedMethodRef uid="6" vc="1" />
                  </TrackedMethodRefs>
                </BranchPoint>
                <BranchPoint vc="4" uspid="121" ordinal="7" offset="383" sl="117" path="1" offsetend="297" fileid="1">
                  <TrackedMethodRefs>
                    <TrackedMethodRef uid="6" vc="4" />
                  </TrackedMethodRefs>
                </BranchPoint>
                <BranchPoint vc="1" uspid="122" ordinal="8" offset="493" sl="127" path="0" offsetend="495" fileid="1">
                  <TrackedMethodRefs>
                    <TrackedMethodRef uid="6" vc="1" />
                  </TrackedMethodRefs>
                </BranchPoint>
                <BranchPoint vc="7" uspid="123" ordinal="9" offset="493" sl="127" path="1" offsetend="390" fileid="1">
                  <TrackedMethodRefs>
                    <TrackedMethodRef uid="6" vc="7" />
                  </TrackedMethodRefs>
                </BranchPoint>
                <BranchPoint vc="1" uspid="124" ordinal="10" offset="617" sl="137" path="0" offsetend="619" fileid="1">
                  <TrackedMethodRefs>
                    <TrackedMethodRef uid="6" vc="1" />
                  </TrackedMethodRefs>
                </BranchPoint>
                <BranchPoint vc="7" uspid="125" ordinal="11" offset="617" sl="137" path="1" offsetend="506" fileid="1">
                  <TrackedMethodRefs>
                    <TrackedMethodRef uid="6" vc="7" />
                  </TrackedMethodRefs>
                </BranchPoint>
              </BranchPoints>
              <MethodPoint xsi:type="SequencePoint" vc="1" uspid="57" ordinal="0" offset="0" sl="87" sc="9" el="87" ec="10" bec="0" bev="0" fileid="1">
                <TrackedMethodRefs>
                  <TrackedMethodRef uid="6" vc="1" />
                </TrackedMethodRefs>
              </MethodPoint>
            </Method>
            <Method visited="true" cyclomaticComplexity="1" nPathComplexity="0" sequenceCoverage="100" branchCoverage="100" crapScore="1" isConstructor="false" isStatic="false" isGetter="false" isSetter="false">
              <Summary numSequencePoints="9" visitedSequencePoints="9" numBranchPoints="1" visitedBranchPoints="1" sequenceCoverage="100" branchCoverage="100" maxCyclomaticComplexity="1" minCyclomaticComplexity="1" maxCrapScore="1" minCrapScore="1" visitedClasses="0" numClasses="0" visitedMethods="1" numMethods="1" />
              <MetadataToken>100663303</MetadataToken>
              <Name>System.Void gsChessLib.GameTests::TestValidPawnMovesForward_init()</Name>
              <FileRef uid="1" />
              <SequencePoints>
                <SequencePoint vc="1" uspid="126" ordinal="0" offset="0" sl="149" sc="9" el="149" ec="10" bec="0" bev="0" fileid="1">
                  <TrackedMethodRefs>
                    <TrackedMethodRef uid="7" vc="1" />
                  </TrackedMethodRefs>
                </SequencePoint>
                <SequencePoint vc="1" uspid="127" ordinal="1" offset="1" sl="150" sc="13" el="150" ec="45" bec="0" bev="0" fileid="1">
                  <TrackedMethodRefs>
                    <TrackedMethodRef uid="7" vc="1" />
                  </TrackedMethodRefs>
                </SequencePoint>
                <SequencePoint vc="1" uspid="128" ordinal="2" offset="7" sl="151" sc="13" el="151" ec="52" bec="0" bev="0" fileid="1">
                  <TrackedMethodRefs>
                    <TrackedMethodRef uid="7" vc="1" />
                  </TrackedMethodRefs>
                </SequencePoint>
                <SequencePoint vc="1" uspid="129" ordinal="3" offset="20" sl="152" sc="13" el="152" ec="37" bec="0" bev="0" fileid="1">
                  <TrackedMethodRefs>
                    <TrackedMethodRef uid="7" vc="1" />
                  </TrackedMethodRefs>
                </SequencePoint>
                <SequencePoint vc="1" uspid="130" ordinal="4" offset="27" sl="154" sc="13" el="154" ec="63" bec="0" bev="0" fileid="1">
                  <TrackedMethodRefs>
                    <TrackedMethodRef uid="7" vc="1" />
                  </TrackedMethodRefs>
                </SequencePoint>
                <SequencePoint vc="1" uspid="131" ordinal="5" offset="38" sl="155" sc="13" el="155" ec="40" bec="0" bev="0" fileid="1">
                  <TrackedMethodRefs>
                    <TrackedMethodRef uid="7" vc="1" />
                  </TrackedMethodRefs>
                </SequencePoint>
                <SequencePoint vc="1" uspid="132" ordinal="6" offset="48" sl="156" sc="13" el="156" ec="57" bec="0" bev="0" fileid="1">
                  <TrackedMethodRefs>
                    <TrackedMethodRef uid="7" vc="1" />
                  </TrackedMethodRefs>
                </SequencePoint>
                <SequencePoint vc="1" uspid="133" ordinal="7" offset="56" sl="157" sc="13" el="157" ec="43" bec="0" bev="0" fileid="1">
                  <TrackedMethodRefs>
                    <TrackedMethodRef uid="7" vc="1" />
                  </TrackedMethodRefs>
                </SequencePoint>
                <SequencePoint vc="1" uspid="134" ordinal="8" offset="71" sl="159" sc="9" el="159" ec="10" bec="0" bev="0" fileid="1">
                  <TrackedMethodRefs>
                    <TrackedMethodRef uid="7" vc="1" />
                  </TrackedMethodRefs>
                </SequencePoint>
              </SequencePoints>
              <BranchPoints />
              <MethodPoint xsi:type="SequencePoint" vc="1" uspid="126" ordinal="0" offset="0" sl="149" sc="9" el="149" ec="10" bec="0" bev="0" fileid="1">
                <TrackedMethodRefs>
                  <TrackedMethodRef uid="7" vc="1" />
                </TrackedMethodRefs>
              </MethodPoint>
            </Method>
            <Method visited="false" cyclomaticComplexity="1" nPathComplexity="0" sequenceCoverage="0" branchCoverage="0" crapScore="2" isConstructor="true" isStatic="false" isGetter="false" isSetter="false">
              <Summary numSequencePoints="0" visitedSequencePoints="0" numBranchPoints="0" visitedBranchPoints="0" sequenceCoverage="0" branchCoverage="0" maxCyclomaticComplexity="1" minCyclomaticComplexity="1" maxCrapScore="2" minCrapScore="2" visitedClasses="0" numClasses="0" visitedMethods="0" numMethods="0" />
              <MetadataToken>100663304</MetadataToken>
              <Name>System.Void gsChessLib.GameTests::.ctor()</Name>
              <SequencePoints />
              <BranchPoints />
              <MethodPoint vc="0" uspid="135" ordinal="0" offset="0" />
            </Method>
          </Methods>
        </Class>
      </Classes>
      <TrackedMethods>
        <TrackedMethod uid="1" token="100663297" name="System.Void gsChessLib.GameTests::GeneratePawns()" strategy="MSTestTest" />
        <TrackedMethod uid="2" token="100663298" name="System.Void gsChessLib.GameTests::GeneratePawnsOnABoard()" strategy="MSTestTest" />
        <TrackedMethod uid="3" token="100663299" name="System.Void gsChessLib.GameTests::Test_8x8_BoardString()" strategy="MSTestTest" />
        <TrackedMethod uid="4" token="100663300" name="System.Void gsChessLib.GameTests::GetInitialWhitePieces()" strategy="MSTestTest" />
        <TrackedMethod uid="5" token="100663301" name="System.Void gsChessLib.GameTests::TestBoardStringToPieces()" strategy="MSTestTest" />
        <TrackedMethod uid="6" token="100663302" name="System.Void gsChessLib.GameTests::Test_GetPiecesOnSquare_InitialBoard()" strategy="MSTestTest" />
        <TrackedMethod uid="7" token="100663303" name="System.Void gsChessLib.GameTests::TestValidPawnMovesForward_init()" strategy="MSTestTest" />
      </TrackedMethods>
    </Module>
    <Module hash="CF-BD-23-41-AF-44-25-B5-95-AD-A0-B4-5C-92-67-11-2B-62-9D-56">
      <Summary numSequencePoints="131" visitedSequencePoints="83" numBranchPoints="41" visitedBranchPoints="24" sequenceCoverage="63.36" branchCoverage="58.54" maxCyclomaticComplexity="8" minCyclomaticComplexity="1" maxCrapScore="8" minCrapScore="1" visitedClasses="3" numClasses="3" visitedMethods="7" numMethods="17" />
      <ModulePath>C:\Users\greg\source\repos\chess-sketch\GameTests\bin\Debug\gsChessLib.dll</ModulePath>
      <ModuleTime>2018-11-16T03:26:35.6012112Z</ModuleTime>
      <ModuleName>gsChessLib</ModuleName>
      <Files>
        <File uid="3" fullPath="C:\Users\greg\source\repos\chess-sketch\gsChessLib\Game.cs" />
      </Files>
      <Classes>
        <Class>
          <Summary numSequencePoints="76" visitedSequencePoints="40" numBranchPoints="26" visitedBranchPoints="12" sequenceCoverage="52.63" branchCoverage="46.15" maxCyclomaticComplexity="8" minCyclomaticComplexity="1" maxCrapScore="8" minCrapScore="1" visitedClasses="1" numClasses="1" visitedMethods="3" numMethods="10" />
          <FullName>gsChessLib.Game</FullName>
          <Methods>
            <Method visited="false" cyclomaticComplexity="1" nPathComplexity="0" sequenceCoverage="0" branchCoverage="0" crapScore="2" isConstructor="false" isStatic="true" isGetter="false" isSetter="false">
              <Summary numSequencePoints="6" visitedSequencePoints="0" numBranchPoints="1" visitedBranchPoints="0" sequenceCoverage="0" branchCoverage="0" maxCyclomaticComplexity="1" minCyclomaticComplexity="1" maxCrapScore="2" minCrapScore="2" visitedClasses="0" numClasses="0" visitedMethods="0" numMethods="1" />
              <MetadataToken>100663297</MetadataToken>
              <Name>System.String gsChessLib.Game::PointToAlgebraic(System.Windows.Point)</Name>
              <FileRef uid="3" />
              <SequencePoints>
                <SequencePoint vc="0" uspid="136" ordinal="0" offset="0" sl="33" sc="9" el="33" ec="10" bec="0" bev="0" fileid="3" />
                <SequencePoint vc="0" uspid="137" ordinal="1" offset="1" sl="35" sc="13" el="35" ec="38" bec="0" bev="0" fileid="3" />
                <SequencePoint vc="0" uspid="138" ordinal="2" offset="7" sl="38" sc="13" el="38" ec="34" bec="0" bev="0" fileid="3" />
                <SequencePoint vc="0" uspid="139" ordinal="3" offset="23" sl="40" sc="13" el="40" ec="48" bec="0" bev="0" fileid="3" />
                <SequencePoint vc="0" uspid="140" ordinal="4" offset="47" sl="41" sc="13" el="41" ec="33" bec="0" bev="0" fileid="3" />
                <SequencePoint vc="0" uspid="141" ordinal="5" offset="58" sl="42" sc="9" el="42" ec="10" bec="0" bev="0" fileid="3" />
              </SequencePoints>
              <BranchPoints />
              <MethodPoint xsi:type="SequencePoint" vc="0" uspid="136" ordinal="0" offset="0" sl="33" sc="9" el="33" ec="10" bec="0" bev="0" fileid="3" />
            </Method>
            <Method visited="false" cyclomaticComplexity="1" nPathComplexity="0" sequenceCoverage="0" branchCoverage="0" crapScore="2" isConstructor="false" isStatic="true" isGetter="false" isSetter="false">
              <Summary numSequencePoints="10" visitedSequencePoints="0" numBranchPoints="1" visitedBranchPoints="0" sequenceCoverage="0" branchCoverage="0" maxCyclomaticComplexity="1" minCyclomaticComplexity="1" maxCrapScore="2" minCrapScore="2" visitedClasses="0" numClasses="0" visitedMethods="0" numMethods="1" />
              <MetadataToken>100663298</MetadataToken>
              <Name>System.Collections.Generic.List`1&lt;System.Windows.Point&gt; gsChessLib.Game::ValidMoves(gsChessLib.Game/Board,gsChessLib.Game/Piece)</Name>
              <FileRef uid="3" />
              <SequencePoints>
                <SequencePoint vc="0" uspid="142" ordinal="0" offset="0" sl="146" sc="9" el="146" ec="10" bec="0" bev="0" fileid="3" />
                <SequencePoint vc="0" uspid="143" ordinal="1" offset="1" sl="147" sc="13" el="147" ec="52" bec="0" bev="0" fileid="3" />
                <SequencePoint vc="0" uspid="144" ordinal="2" offset="7" sl="150" sc="13" el="150" ec="57" bec="0" bev="0" fileid="3" />
                <SequencePoint vc="0" uspid="145" ordinal="3" offset="15" sl="152" sc="13" el="152" ec="55" bec="0" bev="0" fileid="3" />
                <SequencePoint vc="0" uspid="146" ordinal="4" offset="22" sl="154" sc="13" el="154" ec="59" bec="0" bev="0" fileid="3" />
                <SequencePoint vc="0" uspid="147" ordinal="5" offset="29" sl="156" sc="13" el="156" ec="59" bec="0" bev="0" fileid="3" />
                <SequencePoint vc="0" uspid="148" ordinal="6" offset="37" sl="158" sc="13" el="158" ec="57" bec="0" bev="0" fileid="3" />
                <SequencePoint vc="0" uspid="149" ordinal="7" offset="45" sl="160" sc="13" el="160" ec="55" bec="0" bev="0" fileid="3" />
                <SequencePoint vc="0" uspid="150" ordinal="8" offset="53" sl="161" sc="13" el="161" ec="27" bec="0" bev="0" fileid="3" />
                <SequencePoint vc="0" uspid="151" ordinal="9" offset="58" sl="162" sc="9" el="162" ec="10" bec="0" bev="0" fileid="3" />
              </SequencePoints>
              <BranchPoints />
              <MethodPoint xsi:type="SequencePoint" vc="0" uspid="142" ordinal="0" offset="0" sl="146" sc="9" el="146" ec="10" bec="0" bev="0" fileid="3" />
            </Method>
            <Method visited="true" cyclomaticComplexity="4" nPathComplexity="2" sequenceCoverage="100" branchCoverage="100" crapScore="4" isConstructor="false" isStatic="true" isGetter="false" isSetter="false">
              <Summary numSequencePoints="12" visitedSequencePoints="12" numBranchPoints="3" visitedBranchPoints="3" sequenceCoverage="100" branchCoverage="100" maxCyclomaticComplexity="4" minCyclomaticComplexity="4" maxCrapScore="4" minCrapScore="4" visitedClasses="0" numClasses="0" visitedMethods="1" numMethods="1" />
              <MetadataToken>100663299</MetadataToken>
              <Name>gsChessLib.Game/Piece gsChessLib.Game::GetPieceOnSquare(gsChessLib.Game/Board,System.Char,System.Char)</Name>
              <FileRef uid="3" />
              <SequencePoints>
                <SequencePoint vc="59" uspid="152" ordinal="0" offset="0" sl="166" sc="9" el="166" ec="10" bec="0" bev="0" fileid="3">
                  <TrackedMethodRefs>
                    <TrackedMethodRef uid="7" vc="3" />
                    <TrackedMethodRef uid="6" vc="56" />
                  </TrackedMethodRefs>
                </SequencePoint>
                <SequencePoint vc="59" uspid="153" ordinal="1" offset="1" sl="168" sc="13" el="168" ec="36" bec="0" bev="0" fileid="3">
                  <TrackedMethodRefs>
                    <TrackedMethodRef uid="7" vc="3" />
                    <TrackedMethodRef uid="6" vc="56" />
                  </TrackedMethodRefs>
                </SequencePoint>
                <SequencePoint vc="59" uspid="154" ordinal="2" offset="3" sl="169" sc="13" el="169" ec="20" bec="0" bev="0" fileid="3">
                  <TrackedMethodRefs>
                    <TrackedMethodRef uid="7" vc="3" />
                    <TrackedMethodRef uid="6" vc="56" />
                  </TrackedMethodRefs>
                </SequencePoint>
                <SequencePoint vc="59" uspid="155" ordinal="3" offset="4" sl="169" sc="33" el="169" ec="41" bec="0" bev="0" fileid="3">
                  <TrackedMethodRefs>
                    <TrackedMethodRef uid="7" vc="3" />
                    <TrackedMethodRef uid="6" vc="56" />
                  </TrackedMethodRefs>
                </SequencePoint>
                <SequencePoint vc="1888" uspid="156" ordinal="4" offset="18" sl="169" sc="22" el="169" ec="29" bec="0" bev="0" fileid="3">
                  <TrackedMethodRefs>
                    <TrackedMethodRef uid="7" vc="96" />
                    <TrackedMethodRef uid="6" vc="1792" />
                  </TrackedMethodRefs>
                </SequencePoint>
                <SequencePoint vc="1888" uspid="157" ordinal="5" offset="26" sl="170" sc="13" el="170" ec="14" bec="0" bev="0" fileid="3">
                  <TrackedMethodRefs>
                    <TrackedMethodRef uid="7" vc="96" />
                    <TrackedMethodRef uid="6" vc="1792" />
                  </TrackedMethodRefs>
                </SequencePoint>
                <SequencePoint vc="1888" uspid="158" ordinal="6" offset="27" sl="172" sc="17" el="172" ec="42" bec="2" bev="2" fileid="3">
                  <TrackedMethodRefs>
                    <TrackedMethodRef uid="7" vc="96" />
                    <TrackedMethodRef uid="6" vc="1792" />
                  </TrackedMethodRefs>
                </SequencePoint>
                <SequencePoint vc="29" uspid="159" ordinal="7" offset="52" sl="173" sc="21" el="173" ec="35" bec="0" bev="0" fileid="3">
                  <TrackedMethodRefs>
                    <TrackedMethodRef uid="7" vc="1" />
                    <TrackedMethodRef uid="6" vc="28" />
                  </TrackedMethodRefs>
                </SequencePoint>
                <SequencePoint vc="1888" uspid="160" ordinal="8" offset="54" sl="174" sc="13" el="174" ec="14" bec="0" bev="0" fileid="3">
                  <TrackedMethodRefs>
                    <TrackedMethodRef uid="7" vc="96" />
                    <TrackedMethodRef uid="6" vc="1792" />
                  </TrackedMethodRefs>
                </SequencePoint>
                <SequencePoint vc="1947" uspid="161" ordinal="9" offset="55" sl="169" sc="30" el="169" ec="32" bec="0" bev="0" fileid="3">
                  <TrackedMethodRefs>
                    <TrackedMethodRef uid="7" vc="99" />
                    <TrackedMethodRef uid="6" vc="1848" />
                  </TrackedMethodRefs>
                </SequencePoint>
                <SequencePoint vc="59" uspid="162" ordinal="10" offset="81" sl="175" sc="13" el="175" ec="30" bec="0" bev="0" fileid="3">
                  <TrackedMethodRefs>
                    <TrackedMethodRef uid="7" vc="3" />
                    <TrackedMethodRef uid="6" vc="56" />
                  </TrackedMethodRefs>
                </SequencePoint>
                <SequencePoint vc="59" uspid="163" ordinal="11" offset="86" sl="177" sc="9" el="177" ec="10" bec="0" bev="0" fileid="3">
                  <TrackedMethodRefs>
                    <TrackedMethodRef uid="7" vc="3" />
                    <TrackedMethodRef uid="6" vc="56" />
                  </TrackedMethodRefs>
                </SequencePoint>
              </SequencePoints>
              <BranchPoints>
                <BranchPoint vc="29" uspid="166" ordinal="2" offset="50" sl="172" path="0" offsetend="52" fileid="3">
                  <TrackedMethodRefs>
                    <TrackedMethodRef uid="7" vc="1" />
                    <TrackedMethodRef uid="6" vc="28" />
                  </TrackedMethodRefs>
                </BranchPoint>
                <BranchPoint vc="1859" uspid="167" ordinal="3" offset="50" sl="172" path="1" offsetend="54" fileid="3">
                  <TrackedMethodRefs>
                    <TrackedMethodRef uid="7" vc="95" />
                    <TrackedMethodRef uid="6" vc="1764" />
                  </TrackedMethodRefs>
                </BranchPoint>
              </BranchPoints>
              <MethodPoint xsi:type="SequencePoint" vc="59" uspid="152" ordinal="0" offset="0" sl="166" sc="9" el="166" ec="10" bec="0" bev="0" fileid="3">
                <TrackedMethodRefs>
                  <TrackedMethodRef uid="7" vc="3" />
                  <TrackedMethodRef uid="6" vc="56" />
                </TrackedMethodRefs>
              </MethodPoint>
            </Method>
            <Method visited="true" cyclomaticComplexity="1" nPathComplexity="0" sequenceCoverage="100" branchCoverage="100" crapScore="1" isConstructor="false" isStatic="true" isGetter="false" isSetter="false">
              <Summary numSequencePoints="6" visitedSequencePoints="6" numBranchPoints="1" visitedBranchPoints="1" sequenceCoverage="100" branchCoverage="100" maxCyclomaticComplexity="1" minCyclomaticComplexity="1" maxCrapScore="1" minCrapScore="1" visitedClasses="0" numClasses="0" visitedMethods="1" numMethods="1" />
              <MetadataToken>100663300</MetadataToken>
              <Name>gsChessLib.Game/Piece gsChessLib.Game::CheckForward(gsChessLib.Game/Board,gsChessLib.Game/Piece,System.Int32)</Name>
              <FileRef uid="3" />
              <SequencePoints>
                <SequencePoint vc="2" uspid="170" ordinal="0" offset="0" sl="181" sc="9" el="181" ec="10" bec="0" bev="0" fileid="3">
                  <TrackedMethodRefs>
                    <TrackedMethodRef uid="7" vc="2" />
                  </TrackedMethodRefs>
                </SequencePoint>
                <SequencePoint vc="2" uspid="171" ordinal="1" offset="1" sl="182" sc="13" el="182" ec="42" bec="0" bev="0" fileid="3">
                  <TrackedMethodRefs>
                    <TrackedMethodRef uid="7" vc="2" />
                  </TrackedMethodRefs>
                </SequencePoint>
                <SequencePoint vc="2" uspid="172" ordinal="2" offset="13" sl="183" sc="13" el="183" ec="28" bec="0" bev="0" fileid="3">
                  <TrackedMethodRefs>
                    <TrackedMethodRef uid="7" vc="2" />
                  </TrackedMethodRefs>
                </SequencePoint>
                <SequencePoint vc="2" uspid="173" ordinal="3" offset="17" sl="184" sc="13" el="184" ec="76" bec="0" bev="0" fileid="3">
                  <TrackedMethodRefs>
                    <TrackedMethodRef uid="7" vc="2" />
                  </TrackedMethodRefs>
                </SequencePoint>
                <SequencePoint vc="2" uspid="174" ordinal="4" offset="43" sl="185" sc="13" el="185" ec="32" bec="0" bev="0" fileid="3">
                  <TrackedMethodRefs>
                    <TrackedMethodRef uid="7" vc="2" />
                  </TrackedMethodRefs>
                </SequencePoint>
                <SequencePoint vc="2" uspid="175" ordinal="5" offset="47" sl="186" sc="9" el="186" ec="10" bec="0" bev="0" fileid="3">
                  <TrackedMethodRefs>
                    <TrackedMethodRef uid="7" vc="2" />
                  </TrackedMethodRefs>
                </SequencePoint>
              </SequencePoints>
              <BranchPoints />
              <MethodPoint xsi:type="SequencePoint" vc="2" uspid="170" ordinal="0" offset="0" sl="181" sc="9" el="181" ec="10" bec="0" bev="0" fileid="3">
                <TrackedMethodRefs>
                  <TrackedMethodRef uid="7" vc="2" />
                </TrackedMethodRefs>
              </MethodPoint>
            </Method>
            <Method visited="true" cyclomaticComplexity="8" nPathComplexity="128" sequenceCoverage="100" branchCoverage="53.33" crapScore="8" isConstructor="false" isStatic="true" isGetter="false" isSetter="false">
              <Summary numSequencePoints="22" visitedSequencePoints="22" numBranchPoints="15" visitedBranchPoints="8" sequenceCoverage="100" branchCoverage="53.33" maxCyclomaticComplexity="8" minCyclomaticComplexity="8" maxCrapScore="8" minCrapScore="8" visitedClasses="0" numClasses="0" visitedMethods="1" numMethods="1" />
              <MetadataToken>100663301</MetadataToken>
              <Name>System.Collections.Generic.List`1&lt;System.Windows.Point&gt; gsChessLib.Game::ValidPawnMoves(gsChessLib.Game/Board,gsChessLib.Game/Piece)</Name>
              <FileRef uid="3" />
              <SequencePoints>
                <SequencePoint vc="1" uspid="176" ordinal="0" offset="0" sl="195" sc="9" el="195" ec="10" bec="0" bev="0" fileid="3">
                  <TrackedMethodRefs>
                    <TrackedMethodRef uid="7" vc="1" />
                  </TrackedMethodRefs>
                </SequencePoint>
                <SequencePoint vc="1" uspid="177" ordinal="1" offset="1" sl="197" sc="13" el="197" ec="57" bec="0" bev="0" fileid="3">
                  <TrackedMethodRefs>
                    <TrackedMethodRef uid="7" vc="1" />
                  </TrackedMethodRefs>
                </SequencePoint>
                <SequencePoint vc="1" uspid="178" ordinal="2" offset="7" sl="205" sc="13" el="205" ec="36" bec="0" bev="0" fileid="3">
                  <TrackedMethodRefs>
                    <TrackedMethodRef uid="7" vc="1" />
                  </TrackedMethodRefs>
                </SequencePoint>
                <SequencePoint vc="1" uspid="179" ordinal="3" offset="15" sl="207" sc="13" el="207" ec="46" bec="2" bev="1" fileid="3">
                  <TrackedMethodRefs>
                    <TrackedMethodRef uid="7" vc="1" />
                  </TrackedMethodRefs>
                </SequencePoint>
                <SequencePoint vc="1" uspid="180" ordinal="4" offset="33" sl="208" sc="13" el="208" ec="14" bec="0" bev="0" fileid="3">
                  <TrackedMethodRefs>
                    <TrackedMethodRef uid="7" vc="1" />
                  </TrackedMethodRefs>
                </SequencePoint>
                <SequencePoint vc="1" uspid="181" ordinal="5" offset="34" sl="210" sc="17" el="210" ec="62" bec="2" bev="1" fileid="3">
                  <TrackedMethodRefs>
                    <TrackedMethodRef uid="7" vc="1" />
                  </TrackedMethodRefs>
                </SequencePoint>
                <SequencePoint vc="1" uspid="182" ordinal="6" offset="62" sl="211" sc="21" el="211" ec="32" bec="0" bev="0" fileid="3">
                  <TrackedMethodRefs>
                    <TrackedMethodRef uid="7" vc="1" />
                  </TrackedMethodRefs>
                </SequencePoint>
                <SequencePoint vc="1" uspid="183" ordinal="7" offset="71" sl="212" sc="17" el="212" ec="62" bec="2" bev="1" fileid="3">
                  <TrackedMethodRefs>
                    <TrackedMethodRef uid="7" vc="1" />
                  </TrackedMethodRefs>
                </SequencePoint>
                <SequencePoint vc="1" uspid="184" ordinal="8" offset="99" sl="213" sc="21" el="213" ec="34" bec="0" bev="0" fileid="3">
                  <TrackedMethodRefs>
                    <TrackedMethodRef uid="7" vc="1" />
                  </TrackedMethodRefs>
                </SequencePoint>
                <SequencePoint vc="1" uspid="185" ordinal="9" offset="118" sl="214" sc="17" el="214" ec="37" bec="0" bev="0" fileid="3">
                  <TrackedMethodRefs>
                    <TrackedMethodRef uid="7" vc="1" />
                  </TrackedMethodRefs>
                </SequencePoint>
                <SequencePoint vc="1" uspid="186" ordinal="10" offset="126" sl="216" sc="17" el="216" ec="38" bec="2" bev="1" fileid="3">
                  <TrackedMethodRefs>
                    <TrackedMethodRef uid="7" vc="1" />
                  </TrackedMethodRefs>
                </SequencePoint>
                <SequencePoint vc="1" uspid="187" ordinal="11" offset="141" sl="217" sc="21" el="217" ec="55" bec="2" bev="1" fileid="3">
                  <TrackedMethodRefs>
                    <TrackedMethodRef uid="7" vc="1" />
                  </TrackedMethodRefs>
                </SequencePoint>
                <SequencePoint vc="1" uspid="188" ordinal="12" offset="158" sl="218" sc="21" el="218" ec="22" bec="0" bev="0" fileid="3">
                  <TrackedMethodRefs>
                    <TrackedMethodRef uid="7" vc="1" />
                  </TrackedMethodRefs>
                </SequencePoint>
                <SequencePoint vc="1" uspid="189" ordinal="13" offset="159" sl="219" sc="25" el="219" ec="70" bec="2" bev="1" fileid="3">
                  <TrackedMethodRefs>
                    <TrackedMethodRef uid="7" vc="1" />
                  </TrackedMethodRefs>
                </SequencePoint>
                <SequencePoint vc="1" uspid="190" ordinal="14" offset="187" sl="220" sc="29" el="220" ec="40" bec="0" bev="0" fileid="3">
                  <TrackedMethodRefs>
                    <TrackedMethodRef uid="7" vc="1" />
                  </TrackedMethodRefs>
                </SequencePoint>
                <SequencePoint vc="1" uspid="191" ordinal="15" offset="196" sl="221" sc="25" el="221" ec="70" bec="2" bev="1" fileid="3">
                  <TrackedMethodRefs>
                    <TrackedMethodRef uid="7" vc="1" />
                  </TrackedMethodRefs>
                </SequencePoint>
                <SequencePoint vc="1" uspid="192" ordinal="16" offset="224" sl="222" sc="29" el="222" ec="44" bec="0" bev="0" fileid="3">
                  <TrackedMethodRefs>
                    <TrackedMethodRef uid="7" vc="1" />
                  </TrackedMethodRefs>
                </SequencePoint>
                <SequencePoint vc="1" uspid="193" ordinal="17" offset="243" sl="223" sc="25" el="223" ec="45" bec="0" bev="0" fileid="3">
                  <TrackedMethodRefs>
                    <TrackedMethodRef uid="7" vc="1" />
                  </TrackedMethodRefs>
                </SequencePoint>
                <SequencePoint vc="1" uspid="194" ordinal="18" offset="251" sl="224" sc="21" el="224" ec="22" bec="0" bev="0" fileid="3">
                  <TrackedMethodRefs>
                    <TrackedMethodRef uid="7" vc="1" />
                  </TrackedMethodRefs>
                </SequencePoint>
                <SequencePoint vc="1" uspid="195" ordinal="19" offset="252" sl="225" sc="13" el="225" ec="14" bec="0" bev="0" fileid="3">
                  <TrackedMethodRefs>
                    <TrackedMethodRef uid="7" vc="1" />
                  </TrackedMethodRefs>
                </SequencePoint>
                <SequencePoint vc="1" uspid="196" ordinal="20" offset="253" sl="235" sc="13" el="235" ec="32" bec="0" bev="0" fileid="3">
                  <TrackedMethodRefs>
                    <TrackedMethodRef uid="7" vc="1" />
                  </TrackedMethodRefs>
                </SequencePoint>
                <SequencePoint vc="1" uspid="197" ordinal="21" offset="258" sl="236" sc="9" el="236" ec="10" bec="0" bev="0" fileid="3">
                  <TrackedMethodRefs>
                    <TrackedMethodRef uid="7" vc="1" />
                  </TrackedMethodRefs>
                </SequencePoint>
              </SequencePoints>
              <BranchPoints>
                <BranchPoint vc="1" uspid="198" ordinal="0" offset="28" sl="207" path="0" offsetend="33" fileid="3">
                  <TrackedMethodRefs>
                    <TrackedMethodRef uid="7" vc="1" />
                  </TrackedMethodRefs>
                </BranchPoint>
                <BranchPoint vc="0" uspid="199" ordinal="1" offset="28" sl="207" path="1" offsetend="253" fileid="3" />
                <BranchPoint vc="1" uspid="200" ordinal="2" offset="60" sl="210" path="0" offsetend="62" fileid="3">
                  <TrackedMethodRefs>
                    <TrackedMethodRef uid="7" vc="1" />
                  </TrackedMethodRefs>
                </BranchPoint>
                <BranchPoint vc="0" uspid="201" ordinal="3" offset="60" sl="210" path="1" offsetend="71" fileid="3" />
                <BranchPoint vc="1" uspid="202" ordinal="4" offset="97" sl="212" path="0" offsetend="99" fileid="3">
                  <TrackedMethodRefs>
                    <TrackedMethodRef uid="7" vc="1" />
                  </TrackedMethodRefs>
                </BranchPoint>
                <BranchPoint vc="0" uspid="203" ordinal="5" offset="97" sl="212" path="1" offsetend="118" fileid="3" />
                <BranchPoint vc="1" uspid="204" ordinal="6" offset="139" sl="216" path="0" offsetend="141" fileid="3">
                  <TrackedMethodRefs>
                    <TrackedMethodRef uid="7" vc="1" />
                  </TrackedMethodRefs>
                </BranchPoint>
                <BranchPoint vc="0" uspid="205" ordinal="7" offset="139" sl="216" path="1" offsetend="252" fileid="3" />
                <BranchPoint vc="1" uspid="206" ordinal="8" offset="156" sl="217" path="0" offsetend="158" fileid="3">
                  <TrackedMethodRefs>
                    <TrackedMethodRef uid="7" vc="1" />
                  </TrackedMethodRefs>
                </BranchPoint>
                <BranchPoint vc="0" uspid="207" ordinal="9" offset="156" sl="217" path="1" offsetend="252" fileid="3" />
                <BranchPoint vc="1" uspid="208" ordinal="10" offset="185" sl="219" path="0" offsetend="187" fileid="3">
                  <TrackedMethodRefs>
                    <TrackedMethodRef uid="7" vc="1" />
                  </TrackedMethodRefs>
                </BranchPoint>
                <BranchPoint vc="0" uspid="209" ordinal="11" offset="185" sl="219" path="1" offsetend="196" fileid="3" />
                <BranchPoint vc="1" uspid="210" ordinal="12" offset="222" sl="221" path="0" offsetend="224" fileid="3">
                  <TrackedMethodRefs>
                    <TrackedMethodRef uid="7" vc="1" />
                  </TrackedMethodRefs>
                </BranchPoint>
                <BranchPoint vc="0" uspid="211" ordinal="13" offset="222" sl="221" path="1" offsetend="243" fileid="3" />
              </BranchPoints>
              <MethodPoint xsi:type="SequencePoint" vc="1" uspid="176" ordinal="0" offset="0" sl="195" sc="9" el="195" ec="10" bec="0" bev="0" fileid="3">
                <TrackedMethodRefs>
                  <TrackedMethodRef uid="7" vc="1" />
                </TrackedMethodRefs>
              </MethodPoint>
            </Method>
            <Method visited="false" cyclomaticComplexity="1" nPathComplexity="0" sequenceCoverage="0" branchCoverage="0" crapScore="2" isConstructor="false" isStatic="true" isGetter="false" isSetter="false">
              <Summary numSequencePoints="4" visitedSequencePoints="0" numBranchPoints="1" visitedBranchPoints="0" sequenceCoverage="0" branchCoverage="0" maxCyclomaticComplexity="1" minCyclomaticComplexity="1" maxCrapScore="2" minCrapScore="2" visitedClasses="0" numClasses="0" visitedMethods="0" numMethods="1" />
              <MetadataToken>100663302</MetadataToken>
              <Name>System.Collections.Generic.List`1&lt;System.Windows.Point&gt; gsChessLib.Game::ValidRookMoves(gsChessLib.Game/Board)</Name>
              <FileRef uid="3" />
              <SequencePoints>
                <SequencePoint vc="0" uspid="212" ordinal="0" offset="0" sl="239" sc="9" el="239" ec="10" bec="0" bev="0" fileid="3" />
                <SequencePoint vc="0" uspid="213" ordinal="1" offset="1" sl="240" sc="13" el="240" ec="56" bec="0" bev="0" fileid="3" />
                <SequencePoint vc="0" uspid="214" ordinal="2" offset="7" sl="241" sc="13" el="241" ec="31" bec="0" bev="0" fileid="3" />
                <SequencePoint vc="0" uspid="215" ordinal="3" offset="11" sl="242" sc="9" el="242" ec="10" bec="0" bev="0" fileid="3" />
              </SequencePoints>
              <BranchPoints />
              <MethodPoint xsi:type="SequencePoint" vc="0" uspid="212" ordinal="0" offset="0" sl="239" sc="9" el="239" ec="10" bec="0" bev="0" fileid="3" />
            </Method>
            <Method visited="false" cyclomaticComplexity="1" nPathComplexity="0" sequenceCoverage="0" branchCoverage="0" crapScore="2" isConstructor="false" isStatic="true" isGetter="false" isSetter="false">
              <Summary numSequencePoints="4" visitedSequencePoints="0" numBranchPoints="1" visitedBranchPoints="0" sequenceCoverage="0" branchCoverage="0" maxCyclomaticComplexity="1" minCyclomaticComplexity="1" maxCrapScore="2" minCrapScore="2" visitedClasses="0" numClasses="0" visitedMethods="0" numMethods="1" />
              <MetadataToken>100663303</MetadataToken>
              <Name>System.Collections.Generic.List`1&lt;System.Windows.Point&gt; gsChessLib.Game::ValidKnightMoves(gsChessLib.Game/Board)</Name>
              <FileRef uid="3" />
              <SequencePoints>
                <SequencePoint vc="0" uspid="216" ordinal="0" offset="0" sl="245" sc="9" el="245" ec="10" bec="0" bev="0" fileid="3" />
                <SequencePoint vc="0" uspid="217" ordinal="1" offset="1" sl="246" sc="13" el="246" ec="56" bec="0" bev="0" fileid="3" />
                <SequencePoint vc="0" uspid="218" ordinal="2" offset="7" sl="247" sc="13" el="247" ec="31" bec="0" bev="0" fileid="3" />
                <SequencePoint vc="0" uspid="219" ordinal="3" offset="11" sl="248" sc="9" el="248" ec="10" bec="0" bev="0" fileid="3" />
              </SequencePoints>
              <BranchPoints />
[...]
                  <TrackedMethodRefs>
                    <TrackedMethodRef uid="5" vc="32" />
                    <TrackedMethodRef uid="7" vc="32" />
                    <TrackedMethodRef uid="6" vc="32" />
                  </TrackedMethodRefs>
                </SequencePoint>
                <SequencePoint vc="96" uspid="263" ordinal="11" offset="83" sl="101" sc="29" el="101" ec="57" bec="0" bev="0" fileid="3">
                  <TrackedMethodRefs>
                    <TrackedMethodRef uid="5" vc="32" />
                    <TrackedMethodRef uid="7" vc="32" />
                    <TrackedMethodRef uid="6" vc="32" />
                  </TrackedMethodRefs>
                </SequencePoint>
                <SequencePoint vc="96" uspid="264" ordinal="12" offset="110" sl="102" sc="29" el="102" ec="57" bec="0" bev="0" fileid="3">
                  <TrackedMethodRefs>
                    <TrackedMethodRef uid="5" vc="32" />
                    <TrackedMethodRef uid="7" vc="32" />
                    <TrackedMethodRef uid="6" vc="32" />
                  </TrackedMethodRefs>
                </SequencePoint>
                <SequencePoint vc="96" uspid="265" ordinal="13" offset="136" sl="104" sc="29" el="104" ec="68" bec="2" bev="2" fileid="3">
                  <TrackedMethodRefs>
                    <TrackedMethodRef uid="5" vc="32" />
                    <TrackedMethodRef uid="7" vc="32" />
                    <TrackedMethodRef uid="6" vc="32" />
                  </TrackedMethodRefs>
                </SequencePoint>
                <SequencePoint vc="48" uspid="266" ordinal="14" offset="170" sl="105" sc="33" el="105" ec="47" bec="0" bev="0" fileid="3">
                  <TrackedMethodRefs>
                    <TrackedMethodRef uid="5" vc="16" />
                    <TrackedMethodRef uid="7" vc="16" />
                    <TrackedMethodRef uid="6" vc="16" />
                  </TrackedMethodRefs>
                </SequencePoint>
                <SequencePoint vc="48" uspid="267" ordinal="15" offset="184" sl="107" sc="33" el="107" ec="47" bec="0" bev="0" fileid="3">
                  <TrackedMethodRefs>
                    <TrackedMethodRef uid="5" vc="16" />
                    <TrackedMethodRef uid="7" vc="16" />
                    <TrackedMethodRef uid="6" vc="16" />
                  </TrackedMethodRefs>
                </SequencePoint>
                <SequencePoint vc="96" uspid="268" ordinal="16" offset="196" sl="109" sc="29" el="109" ec="70" bec="0" bev="0" fileid="3">
                  <TrackedMethodRefs>
                    <TrackedMethodRef uid="5" vc="32" />
                    <TrackedMethodRef uid="7" vc="32" />
                    <TrackedMethodRef uid="6" vc="32" />
                  </TrackedMethodRefs>
                </SequencePoint>
                <SequencePoint vc="96" uspid="269" ordinal="17" offset="235" sl="110" sc="29" el="110" ec="46" bec="0" bev="0" fileid="3">
                  <TrackedMethodRefs>
                    <TrackedMethodRef uid="5" vc="32" />
                    <TrackedMethodRef uid="7" vc="32" />
                    <TrackedMethodRef uid="6" vc="32" />
                  </TrackedMethodRefs>
                </SequencePoint>
                <SequencePoint vc="96" uspid="270" ordinal="18" offset="244" sl="111" sc="25" el="111" ec="26" bec="0" bev="0" fileid="3">
                  <TrackedMethodRefs>
                    <TrackedMethodRef uid="5" vc="32" />
                    <TrackedMethodRef uid="7" vc="32" />
                    <TrackedMethodRef uid="6" vc="32" />
                  </TrackedMethodRefs>
                </SequencePoint>
                <SequencePoint vc="192" uspid="271" ordinal="19" offset="245" sl="113" sc="21" el="113" ec="22" bec="0" bev="0" fileid="3">
                  <TrackedMethodRefs>
                    <TrackedMethodRef uid="5" vc="64" />
                    <TrackedMethodRef uid="7" vc="64" />
                    <TrackedMethodRef uid="6" vc="64" />
                  </TrackedMethodRefs>
                </SequencePoint>
                <SequencePoint vc="192" uspid="272" ordinal="20" offset="246" sl="95" sc="53" el="95" ec="56" bec="0" bev="0" fileid="3">
                  <TrackedMethodRefs>
                    <TrackedMethodRef uid="5" vc="64" />
                    <TrackedMethodRef uid="7" vc="64" />
                    <TrackedMethodRef uid="6" vc="64" />
                  </TrackedMethodRefs>
                </SequencePoint>
                <SequencePoint vc="216" uspid="273" ordinal="21" offset="252" sl="95" sc="37" el="95" ec="51" bec="2" bev="2" fileid="3">
                  <TrackedMethodRefs>
                    <TrackedMethodRef uid="5" vc="72" />
                    <TrackedMethodRef uid="7" vc="72" />
                    <TrackedMethodRef uid="6" vc="72" />
                  </TrackedMethodRefs>
                </SequencePoint>
                <SequencePoint vc="24" uspid="274" ordinal="22" offset="271" sl="114" sc="17" el="114" ec="18" bec="0" bev="0" fileid="3">
                  <TrackedMethodRefs>
                    <TrackedMethodRef uid="5" vc="8" />
                    <TrackedMethodRef uid="7" vc="8" />
                    <TrackedMethodRef uid="6" vc="8" />
                  </TrackedMethodRefs>
                </SequencePoint>
                <SequencePoint vc="24" uspid="275" ordinal="23" offset="272" sl="92" sc="50" el="92" ec="53" bec="0" bev="0" fileid="3">
                  <TrackedMethodRefs>
                    <TrackedMethodRef uid="5" vc="8" />
                    <TrackedMethodRef uid="7" vc="8" />
                    <TrackedMethodRef uid="6" vc="8" />
                  </TrackedMethodRefs>
                </SequencePoint>
                <SequencePoint vc="27" uspid="276" ordinal="24" offset="276" sl="92" sc="33" el="92" ec="48" bec="2" bev="2" fileid="3">
                  <TrackedMethodRefs>
                    <TrackedMethodRef uid="5" vc="9" />
                    <TrackedMethodRef uid="7" vc="9" />
                    <TrackedMethodRef uid="6" vc="9" />
                  </TrackedMethodRefs>
                </SequencePoint>
                <SequencePoint vc="3" uspid="277" ordinal="25" offset="291" sl="115" sc="17" el="115" ec="36" bec="0" bev="0" fileid="3">
                  <TrackedMethodRefs>
                    <TrackedMethodRef uid="5" vc="1" />
                    <TrackedMethodRef uid="7" vc="1" />
                    <TrackedMethodRef uid="6" vc="1" />
                  </TrackedMethodRefs>
                </SequencePoint>
                <SequencePoint vc="3" uspid="278" ordinal="26" offset="299" sl="116" sc="13" el="116" ec="14" bec="0" bev="0" fileid="3">
                  <TrackedMethodRefs>
                    <TrackedMethodRef uid="5" vc="1" />
                    <TrackedMethodRef uid="7" vc="1" />
                    <TrackedMethodRef uid="6" vc="1" />
                  </TrackedMethodRefs>
                </SequencePoint>
              </SequencePoints>
              <BranchPoints>
                <BranchPoint vc="96" uspid="279" ordinal="0" offset="70" sl="97" path="0" offsetend="75" fileid="3">
                  <TrackedMethodRefs>
                    <TrackedMethodRef uid="5" vc="32" />
                    <TrackedMethodRef uid="7" vc="32" />
                    <TrackedMethodRef uid="6" vc="32" />
                  </TrackedMethodRefs>
                </BranchPoint>
                <BranchPoint vc="96" uspid="280" ordinal="1" offset="70" sl="97" path="1" offsetend="245" fileid="3">
                  <TrackedMethodRefs>
                    <TrackedMethodRef uid="5" vc="32" />
                    <TrackedMethodRef uid="7" vc="32" />
                    <TrackedMethodRef uid="6" vc="32" />
                  </TrackedMethodRefs>
                </BranchPoint>
                <BranchPoint vc="48" uspid="281" ordinal="2" offset="168" sl="104" path="0" offsetend="170" fileid="3">
                  <TrackedMethodRefs>
                    <TrackedMethodRef uid="5" vc="16" />
                    <TrackedMethodRef uid="7" vc="16" />
                    <TrackedMethodRef uid="6" vc="16" />
                  </TrackedMethodRefs>
                </BranchPoint>
                <BranchPoint vc="48" uspid="282" ordinal="3" offset="168" sl="104" path="1" offsetend="184" fileid="3">
                  <TrackedMethodRefs>
                    <TrackedMethodRef uid="5" vc="16" />
                    <TrackedMethodRef uid="7" vc="16" />
                    <TrackedMethodRef uid="6" vc="16" />
                  </TrackedMethodRefs>
                </BranchPoint>
                <BranchPoint vc="24" uspid="283" ordinal="4" offset="266" sl="95" path="0" offsetend="271" fileid="3">
                  <TrackedMethodRefs>
                    <TrackedMethodRef uid="5" vc="8" />
                    <TrackedMethodRef uid="7" vc="8" />
                    <TrackedMethodRef uid="6" vc="8" />
                  </TrackedMethodRefs>
                </BranchPoint>
                <BranchPoint vc="192" uspid="284" ordinal="5" offset="266" sl="95" path="1" offsetend="50" fileid="3">
                  <TrackedMethodRefs>
                    <TrackedMethodRef uid="5" vc="64" />
                    <TrackedMethodRef uid="7" vc="64" />
                    <TrackedMethodRef uid="6" vc="64" />
                  </TrackedMethodRefs>
                </BranchPoint>
                <BranchPoint vc="3" uspid="285" ordinal="6" offset="286" sl="92" path="0" offsetend="291" fileid="3">
                  <TrackedMethodRefs>
                    <TrackedMethodRef uid="5" vc="1" />
                    <TrackedMethodRef uid="7" vc="1" />
                    <TrackedMethodRef uid="6" vc="1" />
                  </TrackedMethodRefs>
                </BranchPoint>
                <BranchPoint vc="24" uspid="286" ordinal="7" offset="286" sl="92" path="1" offsetend="37" fileid="3">
                  <TrackedMethodRefs>
                    <TrackedMethodRef uid="5" vc="8" />
                    <TrackedMethodRef uid="7" vc="8" />
                    <TrackedMethodRef uid="6" vc="8" />
                  </TrackedMethodRefs>
                </BranchPoint>
              </BranchPoints>
              <MethodPoint xsi:type="SequencePoint" vc="3" uspid="252" ordinal="0" offset="0" sl="85" sc="13" el="85" ec="14" bec="0" bev="0" fileid="3">
                <TrackedMethodRefs>
                  <TrackedMethodRef uid="5" vc="1" />
                  <TrackedMethodRef uid="7" vc="1" />
                  <TrackedMethodRef uid="6" vc="1" />
                </TrackedMethodRefs>
              </MethodPoint>
            </Method>
            <Method visited="false" cyclomaticComplexity="1" nPathComplexity="0" sequenceCoverage="0" branchCoverage="0" crapScore="2" isConstructor="false" isStatic="true" isGetter="false" isSetter="false">
              <Summary numSequencePoints="4" visitedSequencePoints="0" numBranchPoints="1" visitedBranchPoints="0" sequenceCoverage="0" branchCoverage="0" maxCyclomaticComplexity="1" minCyclomaticComplexity="1" maxCrapScore="2" minCrapScore="2" visitedClasses="0" numClasses="0" visitedMethods="0" numMethods="1" />
              <MetadataToken>100663331</MetadataToken>
              <Name>System.Collections.Generic.List`1&lt;System.String&gt; gsChessLib.Game/Board::GetPossibleMoves(gsChessLib.Game/Board)</Name>
              <FileRef uid="3" />
              <SequencePoints>
                <SequencePoint vc="0" uspid="287" ordinal="0" offset="0" sl="120" sc="13" el="120" ec="14" bec="0" bev="0" fileid="3" />
                <SequencePoint vc="0" uspid="288" ordinal="1" offset="1" sl="121" sc="17" el="121" ec="62" bec="0" bev="0" fileid="3" />
                <SequencePoint vc="0" uspid="289" ordinal="2" offset="7" sl="122" sc="17" el="122" ec="35" bec="0" bev="0" fileid="3" />
                <SequencePoint vc="0" uspid="290" ordinal="3" offset="11" sl="123" sc="13" el="123" ec="14" bec="0" bev="0" fileid="3" />
              </SequencePoints>
              <BranchPoints />
              <MethodPoint xsi:type="SequencePoint" vc="0" uspid="287" ordinal="0" offset="0" sl="120" sc="13" el="120" ec="14" bec="0" bev="0" fileid="3" />
            </Method>
            <Method visited="false" cyclomaticComplexity="1" nPathComplexity="0" sequenceCoverage="0" branchCoverage="0" crapScore="2" isConstructor="false" isStatic="true" isGetter="false" isSetter="false">
              <Summary numSequencePoints="4" visitedSequencePoints="0" numBranchPoints="1" visitedBranchPoints="0" sequenceCoverage="0" branchCoverage="0" maxCyclomaticComplexity="1" minCyclomaticComplexity="1" maxCrapScore="2" minCrapScore="2" visitedClasses="0" numClasses="0" visitedMethods="0" numMethods="1" />
              <MetadataToken>100663332</MetadataToken>
              <Name>System.Collections.Generic.List`1&lt;gsChessLib.Game/Piece&gt; gsChessLib.Game/Board::WhitePieces()</Name>
              <FileRef uid="3" />
              <SequencePoints>
                <SequencePoint vc="0" uspid="291" ordinal="0" offset="0" sl="126" sc="13" el="126" ec="14" bec="0" bev="0" fileid="3" />
                <SequencePoint vc="0" uspid="292" ordinal="1" offset="1" sl="127" sc="17" el="127" ec="56" bec="0" bev="0" fileid="3" />
                <SequencePoint vc="0" uspid="293" ordinal="2" offset="7" sl="128" sc="17" el="128" ec="31" bec="0" bev="0" fileid="3" />
                <SequencePoint vc="0" uspid="294" ordinal="3" offset="11" sl="129" sc="13" el="129" ec="14" bec="0" bev="0" fileid="3" />
              </SequencePoints>
              <BranchPoints />
              <MethodPoint xsi:type="SequencePoint" vc="0" uspid="291" ordinal="0" offset="0" sl="126" sc="13" el="126" ec="14" bec="0" bev="0" fileid="3" />
            </Method>
            <Method visited="false" cyclomaticComplexity="1" nPathComplexity="0" sequenceCoverage="0" branchCoverage="0" crapScore="2" isConstructor="false" isStatic="true" isGetter="false" isSetter="false">
              <Summary numSequencePoints="4" visitedSequencePoints="0" numBranchPoints="1" visitedBranchPoints="0" sequenceCoverage="0" branchCoverage="0" maxCyclomaticComplexity="1" minCyclomaticComplexity="1" maxCrapScore="2" minCrapScore="2" visitedClasses="0" numClasses="0" visitedMethods="0" numMethods="1" />
              <MetadataToken>100663333</MetadataToken>
              <Name>System.Collections.Generic.List`1&lt;gsChessLib.Game/Piece&gt; gsChessLib.Game/Board::BlackPieces()</Name>
              <FileRef uid="3" />
              <SequencePoints>
                <SequencePoint vc="0" uspid="295" ordinal="0" offset="0" sl="132" sc="13" el="132" ec="14" bec="0" bev="0" fileid="3" />
                <SequencePoint vc="0" uspid="296" ordinal="1" offset="1" sl="133" sc="17" el="133" ec="56" bec="0" bev="0" fileid="3" />
                <SequencePoint vc="0" uspid="297" ordinal="2" offset="7" sl="134" sc="17" el="134" ec="31" bec="0" bev="0" fileid="3" />
                <SequencePoint vc="0" uspid="298" ordinal="3" offset="11" sl="136" sc="13" el="136" ec="14" bec="0" bev="0" fileid="3" />
              </SequencePoints>
              <BranchPoints />
              <MethodPoint xsi:type="SequencePoint" vc="0" uspid="295" ordinal="0" offset="0" sl="132" sc="13" el="132" ec="14" bec="0" bev="0" fileid="3" />
            </Method>
            <Method visited="false" cyclomaticComplexity="1" nPathComplexity="0" sequenceCoverage="0" branchCoverage="0" crapScore="2" isConstructor="true" isStatic="false" isGetter="false" isSetter="false">
              <Summary numSequencePoints="0" visitedSequencePoints="0" numBranchPoints="0" visitedBranchPoints="0" sequenceCoverage="0" branchCoverage="0" maxCyclomaticComplexity="1" minCyclomaticComplexity="1" maxCrapScore="2" minCrapScore="2" visitedClasses="0" numClasses="0" visitedMethods="0" numMethods="0" />
              <MetadataToken>100663334</MetadataToken>
              <Name>System.Void gsChessLib.Game/Board::.ctor()</Name>
              <SequencePoints />
              <BranchPoints />
              <MethodPoint vc="0" uspid="299" ordinal="0" offset="0" />
            </Method>
          </Methods>
        </Class>
        <Class>
          <Summary numSequencePoints="1" visitedSequencePoints="1" numBranchPoints="1" visitedBranchPoints="1" sequenceCoverage="100" branchCoverage="100" maxCyclomaticComplexity="1" minCyclomaticComplexity="1" maxCrapScore="2" minCrapScore="1" visitedClasses="1" numClasses="1" visitedMethods="1" numMethods="1" />
          <FullName>gsChessLib.Game/Board/&lt;&gt;c</FullName>
          <Methods>
            <Method visited="false" cyclomaticComplexity="1" nPathComplexity="0" sequenceCoverage="0" branchCoverage="0" crapScore="2" isConstructor="true" isStatic="true" isGetter="false" isSetter="false">
              <Summary numSequencePoints="0" visitedSequencePoints="0" numBranchPoints="0" visitedBranchPoints="0" sequenceCoverage="0" branchCoverage="0" maxCyclomaticComplexity="1" minCyclomaticComplexity="1" maxCrapScore="2" minCrapScore="2" visitedClasses="0" numClasses="0" visitedMethods="0" numMethods="0" />
              <MetadataToken>100663335</MetadataToken>
              <Name>System.Void gsChessLib.Game/Board/&lt;&gt;c::.cctor()</Name>
              <SequencePoints />
              <BranchPoints />
              <MethodPoint vc="0" uspid="300" ordinal="0" offset="0" />
            </Method>
            <Method visited="false" cyclomaticComplexity="1" nPathComplexity="0" sequenceCoverage="0" branchCoverage="0" crapScore="2" isConstructor="true" isStatic="false" isGetter="false" isSetter="false">
              <Summary numSequencePoints="0" visitedSequencePoints="0" numBranchPoints="0" visitedBranchPoints="0" sequenceCoverage="0" branchCoverage="0" maxCyclomaticComplexity="1" minCyclomaticComplexity="1" maxCrapScore="2" minCrapScore="2" visitedClasses="0" numClasses="0" visitedMethods="0" numMethods="0" />
              <MetadataToken>100663336</MetadataToken>
              <Name>System.Void gsChessLib.Game/Board/&lt;&gt;c::.ctor()</Name>
              <SequencePoints />
              <BranchPoints />
              <MethodPoint vc="0" uspid="301" ordinal="0" offset="0" />
            </Method>
            <Method visited="true" cyclomaticComplexity="1" nPathComplexity="0" sequenceCoverage="100" branchCoverage="100" crapScore="1" isConstructor="false" isStatic="false" isGetter="false" isSetter="false">
              <Summary numSequencePoints="1" visitedSequencePoints="1" numBranchPoints="1" visitedBranchPoints="1" sequenceCoverage="100" branchCoverage="100" maxCyclomaticComplexity="1" minCyclomaticComplexity="1" maxCrapScore="1" minCrapScore="1" visitedClasses="0" numClasses="0" visitedMethods="1" numMethods="1" />
              <MetadataToken>100663337</MetadataToken>
              <Name>System.Boolean gsChessLib.Game/Board/&lt;&gt;c::&lt;IsValidBoardString_8x8&gt;b__13_0(System.Char)</Name>
              <FileRef uid="3" />
              <SequencePoints>
                <SequencePoint vc="141" uspid="302" ordinal="0" offset="0" sl="73" sc="56" el="73" ec="65" bec="0" bev="0" fileid="3">
                  <TrackedMethodRefs>
                    <TrackedMethodRef uid="3" vc="141" />
                  </TrackedMethodRefs>
                </SequencePoint>
              </SequencePoints>
              <BranchPoints />
              <MethodPoint xsi:type="SequencePoint" vc="141" uspid="302" ordinal="0" offset="0" sl="73" sc="56" el="73" ec="65" bec="0" bev="0" fileid="3">
                <TrackedMethodRefs>
                  <TrackedMethodRef uid="3" vc="141" />
                </TrackedMethodRefs>
              </MethodPoint>
            </Method>
          </Methods>
        </Class>
      </Classes>
      <TrackedMethods />
    </Module>
  </Modules>
</CoverageSession>