<?xml version="1.0" encoding="utf-8"?>
<CoverageSession xmlns:xsd="http://www.w3.org/2001/XMLSchema" xmlns:xsi="http://www.w3.org/2001/XMLSchema-instance" Version="4.6.0.0">
  <Summary numSequencePoints="417" visitedSequencePoints="381" numBranchPoints="118" visitedBranchPoints="84" sequenceCoverage="91.37" branchCoverage="71.19" maxCyclomaticComplexity="17" minCyclomaticComplexity="1" maxCrapScore="21.97" minCrapScore="1" visitedClasses="5" numClasses="5" visitedMethods="34" numMethods="38" />
  <Modules>
    <Module hash="06-34-7D-56-FD-D9-75-23-8D-65-2A-98-C1-40-0C-9D-54-85-CD-A9">
      <Summary numSequencePoints="202" visitedSequencePoints="202" numBranchPoints="33" visitedBranchPoints="33" sequenceCoverage="100" branchCoverage="100" maxCyclomaticComplexity="7" minCyclomaticComplexity="1" maxCrapScore="7" minCrapScore="1" visitedClasses="1" numClasses="1" visitedMethods="13" numMethods="13" />
      <ModulePath>C:\Users\greg\source\repos\chess-sketch\GameTests\bin\Debug\GameTests.dll</ModulePath>
      <ModuleTime>2018-11-28T05:34:10.6332165Z</ModuleTime>
      <ModuleName>GameTests</ModuleName>
      <Files>
        <File uid="1" fullPath="C:\Users\greg\source\repos\chess-sketch\GameTests\GameTests.cs" />
      </Files>
      <Classes>
        <Class>
          <Summary numSequencePoints="202" visitedSequencePoints="202" numBranchPoints="33" visitedBranchPoints="33" sequenceCoverage="100" branchCoverage="100" maxCyclomaticComplexity="7" minCyclomaticComplexity="1" maxCrapScore="7" minCrapScore="1" visitedClasses="1" numClasses="1" visitedMethods="13" numMethods="13" />
          <FullName>gsChessLib.GameTests</FullName>
          <Methods>
            <Method visited="true" cyclomaticComplexity="2" nPathComplexity="2" sequenceCoverage="100" branchCoverage="100" crapScore="2" isConstructor="false" isStatic="false" isGetter="false" isSetter="false">
              <Summary numSequencePoints="19" visitedSequencePoints="19" numBranchPoints="3" visitedBranchPoints="3" sequenceCoverage="100" branchCoverage="100" maxCyclomaticComplexity="2" minCyclomaticComplexity="2" maxCrapScore="2" minCrapScore="2" visitedClasses="0" numClasses="0" visitedMethods="1" numMethods="1" />
              <MetadataToken>100663297</MetadataToken>
              <Name>System.Void gsChessLib.GameTests::GeneratePawns()</Name>
              <FileRef uid="1" />
              <SequencePoints>
                <SequencePoint vc="1" uspid="1" ordinal="0" offset="0" sl="13" sc="9" el="13" ec="10" bec="0" bev="0" fileid="1">
                  <TrackedMethodRefs>
                    <TrackedMethodRef uid="1" vc="1" />
                  </TrackedMethodRefs>
                </SequencePoint>
                <SequencePoint vc="1" uspid="2" ordinal="1" offset="1" sl="14" sc="13" el="14" ec="62" bec="0" bev="0" fileid="1">
                  <TrackedMethodRefs>
                    <TrackedMethodRef uid="1" vc="1" />
                  </TrackedMethodRefs>
                </SequencePoint>
                <SequencePoint vc="1" uspid="3" ordinal="2" offset="7" sl="17" sc="18" el="17" ec="27" bec="0" bev="0" fileid="1">
                  <TrackedMethodRefs>
                    <TrackedMethodRef uid="1" vc="1" />
                  </TrackedMethodRefs>
                </SequencePoint>
                <SequencePoint vc="8" uspid="4" ordinal="3" offset="11" sl="18" sc="13" el="18" ec="14" bec="0" bev="0" fileid="1">
                  <TrackedMethodRefs>
                    <TrackedMethodRef uid="1" vc="8" />
                  </TrackedMethodRefs>
                </SequencePoint>
                <SequencePoint vc="8" uspid="5" ordinal="4" offset="12" sl="19" sc="17" el="19" ec="49" bec="0" bev="0" fileid="1">
                  <TrackedMethodRefs>
                    <TrackedMethodRef uid="1" vc="8" />
                  </TrackedMethodRefs>
                </SequencePoint>
                <SequencePoint vc="8" uspid="6" ordinal="5" offset="18" sl="20" sc="17" el="20" ec="31" bec="0" bev="0" fileid="1">
                  <TrackedMethodRefs>
                    <TrackedMethodRef uid="1" vc="8" />
                  </TrackedMethodRefs>
                </SequencePoint>
                <SequencePoint vc="8" uspid="7" ordinal="6" offset="29" sl="21" sc="17" el="21" ec="45" bec="0" bev="0" fileid="1">
                  <TrackedMethodRefs>
                    <TrackedMethodRef uid="1" vc="8" />
                  </TrackedMethodRefs>
                </SequencePoint>
                <SequencePoint vc="8" uspid="8" ordinal="7" offset="53" sl="22" sc="17" el="22" ec="27" bec="0" bev="0" fileid="1">
                  <TrackedMethodRefs>
                    <TrackedMethodRef uid="1" vc="8" />
                  </TrackedMethodRefs>
                </SequencePoint>
                <SequencePoint vc="8" uspid="9" ordinal="8" offset="62" sl="23" sc="17" el="23" ec="33" bec="0" bev="0" fileid="1">
                  <TrackedMethodRefs>
                    <TrackedMethodRef uid="1" vc="8" />
                  </TrackedMethodRefs>
                </SequencePoint>
                <SequencePoint vc="8" uspid="10" ordinal="9" offset="69" sl="24" sc="17" el="24" ec="31" bec="0" bev="0" fileid="1">
                  <TrackedMethodRefs>
                    <TrackedMethodRef uid="1" vc="8" />
                  </TrackedMethodRefs>
                </SequencePoint>
                <SequencePoint vc="8" uspid="11" ordinal="10" offset="77" sl="25" sc="13" el="25" ec="14" bec="0" bev="0" fileid="1">
                  <TrackedMethodRefs>
                    <TrackedMethodRef uid="1" vc="8" />
                  </TrackedMethodRefs>
                </SequencePoint>
                <SequencePoint vc="8" uspid="12" ordinal="11" offset="78" sl="17" sc="36" el="17" ec="39" bec="0" bev="0" fileid="1">
                  <TrackedMethodRefs>
                    <TrackedMethodRef uid="1" vc="8" />
                  </TrackedMethodRefs>
                </SequencePoint>
                <SequencePoint vc="9" uspid="13" ordinal="12" offset="82" sl="17" sc="29" el="17" ec="34" bec="2" bev="2" fileid="1">
                  <TrackedMethodRefs>
                    <TrackedMethodRef uid="1" vc="9" />
                  </TrackedMethodRefs>
                </SequencePoint>
                <SequencePoint vc="1" uspid="14" ordinal="13" offset="92" sl="27" sc="13" el="27" ec="46" bec="0" bev="0" fileid="1">
                  <TrackedMethodRefs>
                    <TrackedMethodRef uid="1" vc="1" />
                  </TrackedMethodRefs>
                </SequencePoint>
                <SequencePoint vc="1" uspid="15" ordinal="14" offset="107" sl="28" sc="13" el="28" ec="51" bec="0" bev="0" fileid="1">
                  <TrackedMethodRefs>
                    <TrackedMethodRef uid="1" vc="1" />
                  </TrackedMethodRefs>
                </SequencePoint>
                <SequencePoint vc="1" uspid="16" ordinal="15" offset="135" sl="29" sc="13" el="29" ec="47" bec="0" bev="0" fileid="1">
                  <TrackedMethodRefs>
                    <TrackedMethodRef uid="1" vc="1" />
                  </TrackedMethodRefs>
                </SequencePoint>
                <SequencePoint vc="1" uspid="17" ordinal="16" offset="157" sl="30" sc="13" el="30" ec="47" bec="0" bev="0" fileid="1">
                  <TrackedMethodRefs>
                    <TrackedMethodRef uid="1" vc="1" />
                  </TrackedMethodRefs>
                </SequencePoint>
                <SequencePoint vc="1" uspid="18" ordinal="17" offset="179" sl="31" sc="13" el="31" ec="53" bec="0" bev="0" fileid="1">
                  <TrackedMethodRefs>
                    <TrackedMethodRef uid="1" vc="1" />
                  </TrackedMethodRefs>
                </SequencePoint>
                <SequencePoint vc="1" uspid="19" ordinal="18" offset="200" sl="32" sc="9" el="32" ec="10" bec="0" bev="0" fileid="1">
                  <TrackedMethodRefs>
                    <TrackedMethodRef uid="1" vc="1" />
                  </TrackedMethodRefs>
                </SequencePoint>
              </SequencePoints>
              <BranchPoints>
                <BranchPoint vc="1" uspid="20" ordinal="0" offset="90" sl="17" path="0" offsetend="92" fileid="1">
                  <TrackedMethodRefs>
                    <TrackedMethodRef uid="1" vc="1" />
                  </TrackedMethodRefs>
                </BranchPoint>
                <BranchPoint vc="8" uspid="21" ordinal="1" offset="90" sl="17" path="1" offsetend="11" fileid="1">
                  <TrackedMethodRefs>
                    <TrackedMethodRef uid="1" vc="8" />
                  </TrackedMethodRefs>
                </BranchPoint>
              </BranchPoints>
              <MethodPoint xsi:type="SequencePoint" vc="1" uspid="1" ordinal="0" offset="0" sl="13" sc="9" el="13" ec="10" bec="0" bev="0" fileid="1">
                <TrackedMethodRefs>
                  <TrackedMethodRef uid="1" vc="1" />
                </TrackedMethodRefs>
              </MethodPoint>
            </Method>
            <Method visited="true" cyclomaticComplexity="2" nPathComplexity="2" sequenceCoverage="100" branchCoverage="100" crapScore="2" isConstructor="false" isStatic="false" isGetter="false" isSetter="false">
              <Summary numSequencePoints="16" visitedSequencePoints="16" numBranchPoints="3" visitedBranchPoints="3" sequenceCoverage="100" branchCoverage="100" maxCyclomaticComplexity="2" minCyclomaticComplexity="2" maxCrapScore="2" minCrapScore="2" visitedClasses="0" numClasses="0" visitedMethods="1" numMethods="1" />
              <MetadataToken>100663298</MetadataToken>
              <Name>System.Void gsChessLib.GameTests::GeneratePawnsOnABoard()</Name>
              <FileRef uid="1" />
              <SequencePoints>
                <SequencePoint vc="1" uspid="22" ordinal="0" offset="0" sl="36" sc="9" el="36" ec="10" bec="0" bev="0" fileid="1">
                  <TrackedMethodRefs>
                    <TrackedMethodRef uid="2" vc="1" />
                  </TrackedMethodRefs>
                </SequencePoint>
                <SequencePoint vc="1" uspid="23" ordinal="1" offset="1" sl="37" sc="13" el="37" ec="45" bec="0" bev="0" fileid="1">
                  <TrackedMethodRefs>
                    <TrackedMethodRef uid="2" vc="1" />
                  </TrackedMethodRefs>
                </SequencePoint>
                <SequencePoint vc="1" uspid="24" ordinal="2" offset="7" sl="38" sc="13" el="38" ec="47" bec="0" bev="0" fileid="1">
                  <TrackedMethodRefs>
                    <TrackedMethodRef uid="2" vc="1" />
                  </TrackedMethodRefs>
                </SequencePoint>
                <SequencePoint vc="1" uspid="25" ordinal="3" offset="19" sl="41" sc="18" el="41" ec="27" bec="0" bev="0" fileid="1">
                  <TrackedMethodRefs>
                    <TrackedMethodRef uid="2" vc="1" />
                  </TrackedMethodRefs>
                </SequencePoint>
                <SequencePoint vc="8" uspid="26" ordinal="4" offset="23" sl="42" sc="13" el="42" ec="14" bec="0" bev="0" fileid="1">
                  <TrackedMethodRefs>
                    <TrackedMethodRef uid="2" vc="8" />
                  </TrackedMethodRefs>
                </SequencePoint>
                <SequencePoint vc="8" uspid="27" ordinal="5" offset="24" sl="43" sc="17" el="43" ec="49" bec="0" bev="0" fileid="1">
                  <TrackedMethodRefs>
                    <TrackedMethodRef uid="2" vc="8" />
                  </TrackedMethodRefs>
                </SequencePoint>
                <SequencePoint vc="8" uspid="28" ordinal="6" offset="30" sl="44" sc="17" el="44" ec="31" bec="0" bev="0" fileid="1">
                  <TrackedMethodRefs>
                    <TrackedMethodRef uid="2" vc="8" />
                  </TrackedMethodRefs>
                </SequencePoint>
                <SequencePoint vc="8" uspid="29" ordinal="7" offset="41" sl="45" sc="17" el="45" ec="45" bec="0" bev="0" fileid="1">
                  <TrackedMethodRefs>
                    <TrackedMethodRef uid="2" vc="8" />
                  </TrackedMethodRefs>
                </SequencePoint>
                <SequencePoint vc="8" uspid="30" ordinal="8" offset="65" sl="46" sc="17" el="46" ec="27" bec="0" bev="0" fileid="1">
                  <TrackedMethodRefs>
                    <TrackedMethodRef uid="2" vc="8" />
                  </TrackedMethodRefs>
                </SequencePoint>
                <SequencePoint vc="8" uspid="31" ordinal="9" offset="74" sl="47" sc="17" el="47" ec="33" bec="0" bev="0" fileid="1">
                  <TrackedMethodRefs>
                    <TrackedMethodRef uid="2" vc="8" />
                  </TrackedMethodRefs>
                </SequencePoint>
                <SequencePoint vc="8" uspid="32" ordinal="10" offset="81" sl="48" sc="17" el="48" ec="33" bec="0" bev="0" fileid="1">
                  <TrackedMethodRefs>
                    <TrackedMethodRef uid="2" vc="8" />
                  </TrackedMethodRefs>
                </SequencePoint>
                <SequencePoint vc="8" uspid="33" ordinal="11" offset="94" sl="49" sc="13" el="49" ec="14" bec="0" bev="0" fileid="1">
                  <TrackedMethodRefs>
                    <TrackedMethodRef uid="2" vc="8" />
                  </TrackedMethodRefs>
                </SequencePoint>
                <SequencePoint vc="8" uspid="34" ordinal="12" offset="95" sl="41" sc="36" el="41" ec="39" bec="0" bev="0" fileid="1">
                  <TrackedMethodRefs>
                    <TrackedMethodRef uid="2" vc="8" />
                  </TrackedMethodRefs>
                </SequencePoint>
                <SequencePoint vc="9" uspid="35" ordinal="13" offset="99" sl="41" sc="29" el="41" ec="34" bec="2" bev="2" fileid="1">
                  <TrackedMethodRefs>
                    <TrackedMethodRef uid="2" vc="9" />
                  </TrackedMethodRefs>
                </SequencePoint>
                <SequencePoint vc="1" uspid="36" ordinal="14" offset="109" sl="50" sc="13" el="50" ec="48" bec="0" bev="0" fileid="1">
                  <TrackedMethodRefs>
                    <TrackedMethodRef uid="2" vc="1" />
                  </TrackedMethodRefs>
                </SequencePoint>
                <SequencePoint vc="1" uspid="37" ordinal="15" offset="129" sl="51" sc="9" el="51" ec="10" bec="0" bev="0" fileid="1">
                  <TrackedMethodRefs>
                    <TrackedMethodRef uid="2" vc="1" />
                  </TrackedMethodRefs>
                </SequencePoint>
              </SequencePoints>
              <BranchPoints>
                <BranchPoint vc="1" uspid="38" ordinal="0" offset="107" sl="41" path="0" offsetend="109" fileid="1">
                  <TrackedMethodRefs>
                    <TrackedMethodRef uid="2" vc="1" />
                  </TrackedMethodRefs>
                </BranchPoint>
                <BranchPoint vc="8" uspid="39" ordinal="1" offset="107" sl="41" path="1" offsetend="23" fileid="1">
                  <TrackedMethodRefs>
                    <TrackedMethodRef uid="2" vc="8" />
                  </TrackedMethodRefs>
                </BranchPoint>
              </BranchPoints>
              <MethodPoint xsi:type="SequencePoint" vc="1" uspid="22" ordinal="0" offset="0" sl="36" sc="9" el="36" ec="10" bec="0" bev="0" fileid="1">
                <TrackedMethodRefs>
                  <TrackedMethodRef uid="2" vc="1" />
                </TrackedMethodRefs>
              </MethodPoint>
            </Method>
            <Method visited="true" cyclomaticComplexity="1" nPathComplexity="0" sequenceCoverage="100" branchCoverage="100" crapScore="1" isConstructor="false" isStatic="false" isGetter="false" isSetter="false">
              <Summary numSequencePoints="5" visitedSequencePoints="5" numBranchPoints="1" visitedBranchPoints="1" sequenceCoverage="100" branchCoverage="100" maxCyclomaticComplexity="1" minCyclomaticComplexity="1" maxCrapScore="1" minCrapScore="1" visitedClasses="0" numClasses="0" visitedMethods="1" numMethods="1" />
              <MetadataToken>100663299</MetadataToken>
              <Name>System.Void gsChessLib.GameTests::Test_8x8_BoardString()</Name>
              <FileRef uid="1" />
              <SequencePoints>
                <SequencePoint vc="1" uspid="40" ordinal="0" offset="0" sl="55" sc="9" el="55" ec="10" bec="0" bev="0" fileid="1">
                  <TrackedMethodRefs>
                    <TrackedMethodRef uid="3" vc="1" />
                  </TrackedMethodRefs>
                </SequencePoint>
                <SequencePoint vc="1" uspid="41" ordinal="1" offset="1" sl="56" sc="13" el="56" ec="45" bec="0" bev="0" fileid="1">
                  <TrackedMethodRefs>
                    <TrackedMethodRef uid="3" vc="1" />
                  </TrackedMethodRefs>
                </SequencePoint>
                <SequencePoint vc="1" uspid="42" ordinal="2" offset="7" sl="57" sc="13" el="57" ec="144" bec="0" bev="0" fileid="1">
                  <TrackedMethodRefs>
                    <TrackedMethodRef uid="3" vc="1" />
                  </TrackedMethodRefs>
                </SequencePoint>
                <SequencePoint vc="1" uspid="43" ordinal="3" offset="23" sl="63" sc="13" el="63" ec="144" bec="0" bev="0" fileid="1">
                  <TrackedMethodRefs>
                    <TrackedMethodRef uid="3" vc="1" />
                  </TrackedMethodRefs>
                </SequencePoint>
                <SequencePoint vc="1" uspid="44" ordinal="4" offset="39" sl="64" sc="9" el="64" ec="10" bec="0" bev="0" fileid="1">
                  <TrackedMethodRefs>
                    <TrackedMethodRef uid="3" vc="1" />
                  </TrackedMethodRefs>
                </SequencePoint>
              </SequencePoints>
              <BranchPoints />
              <MethodPoint xsi:type="SequencePoint" vc="1" uspid="40" ordinal="0" offset="0" sl="55" sc="9" el="55" ec="10" bec="0" bev="0" fileid="1">
                <TrackedMethodRefs>
                  <TrackedMethodRef uid="3" vc="1" />
                </TrackedMethodRefs>
              </MethodPoint>
            </Method>
            <Method visited="true" cyclomaticComplexity="1" nPathComplexity="0" sequenceCoverage="100" branchCoverage="100" crapScore="1" isConstructor="false" isStatic="false" isGetter="false" isSetter="false">
              <Summary numSequencePoints="7" visitedSequencePoints="7" numBranchPoints="1" visitedBranchPoints="1" sequenceCoverage="100" branchCoverage="100" maxCyclomaticComplexity="1" minCyclomaticComplexity="1" maxCrapScore="1" minCrapScore="1" visitedClasses="0" numClasses="0" visitedMethods="1" numMethods="1" />
              <MetadataToken>100663300</MetadataToken>
              <Name>System.Void gsChessLib.GameTests::TestBoardStringToPieces()</Name>
              <FileRef uid="1" />
              <SequencePoints>
                <SequencePoint vc="1" uspid="45" ordinal="0" offset="0" sl="77" sc="9" el="77" ec="10" bec="0" bev="0" fileid="1">
                  <TrackedMethodRefs>
                    <TrackedMethodRef uid="4" vc="1" />
                  </TrackedMethodRefs>
                </SequencePoint>
                <SequencePoint vc="1" uspid="46" ordinal="1" offset="1" sl="78" sc="13" el="78" ec="45" bec="0" bev="0" fileid="1">
                  <TrackedMethodRefs>
                    <TrackedMethodRef uid="4" vc="1" />
                  </TrackedMethodRefs>
                </SequencePoint>
                <SequencePoint vc="1" uspid="47" ordinal="2" offset="7" sl="79" sc="13" el="79" ec="52" bec="0" bev="0" fileid="1">
                  <TrackedMethodRefs>
                    <TrackedMethodRef uid="4" vc="1" />
                  </TrackedMethodRefs>
                </SequencePoint>
                <SequencePoint vc="1" uspid="48" ordinal="3" offset="20" sl="80" sc="13" el="80" ec="37" bec="0" bev="0" fileid="1">
                  <TrackedMethodRefs>
                    <TrackedMethodRef uid="4" vc="1" />
                  </TrackedMethodRefs>
                </SequencePoint>
                <SequencePoint vc="1" uspid="49" ordinal="4" offset="27" sl="81" sc="13" el="81" ec="45" bec="0" bev="0" fileid="1">
                  <TrackedMethodRefs>
                    <TrackedMethodRef uid="4" vc="1" />
                  </TrackedMethodRefs>
                </SequencePoint>
                <SequencePoint vc="1" uspid="50" ordinal="5" offset="42" sl="82" sc="13" el="82" ec="49" bec="0" bev="0" fileid="1">
                  <TrackedMethodRefs>
                    <TrackedMethodRef uid="4" vc="1" />
                  </TrackedMethodRefs>
                </SequencePoint>
                <SequencePoint vc="1" uspid="51" ordinal="6" offset="63" sl="83" sc="9" el="83" ec="10" bec="0" bev="0" fileid="1">
                  <TrackedMethodRefs>
                    <TrackedMethodRef uid="4" vc="1" />
                  </TrackedMethodRefs>
                </SequencePoint>
              </SequencePoints>
              <BranchPoints />
              <MethodPoint xsi:type="SequencePoint" vc="1" uspid="45" ordinal="0" offset="0" sl="77" sc="9" el="77" ec="10" bec="0" bev="0" fileid="1">
                <TrackedMethodRefs>
                  <TrackedMethodRef uid="4" vc="1" />
                </TrackedMethodRefs>
              </MethodPoint>
            </Method>
            <Method visited="true" cyclomaticComplexity="7" nPathComplexity="64" sequenceCoverage="100" branchCoverage="100" crapScore="7" isConstructor="false" isStatic="false" isGetter="false" isSetter="false">
              <Summary numSequencePoints="57" visitedSequencePoints="57" numBranchPoints="13" visitedBranchPoints="13" sequenceCoverage="100" branchCoverage="100" maxCyclomaticComplexity="7" minCyclomaticComplexity="7" maxCrapScore="7" minCrapScore="7" visitedClasses="0" numClasses="0" visitedMethods="1" numMethods="1" />
              <MetadataToken>100663301</MetadataToken>
              <Name>System.Void gsChessLib.GameTests::Test_GetPiecesOnSquare_InitialBoard()</Name>
              <FileRef uid="1" />
              <SequencePoints>
                <SequencePoint vc="1" uspid="52" ordinal="0" offset="0" sl="87" sc="9" el="87" ec="10" bec="0" bev="0" fileid="1">
                  <TrackedMethodRefs>
                    <TrackedMethodRef uid="5" vc="1" />
                  </TrackedMethodRefs>
                </SequencePoint>
                <SequencePoint vc="1" uspid="53" ordinal="1" offset="1" sl="88" sc="13" el="88" ec="45" bec="0" bev="0" fileid="1">
                  <TrackedMethodRefs>
                    <TrackedMethodRef uid="5" vc="1" />
                  </TrackedMethodRefs>
                </SequencePoint>
                <SequencePoint vc="1" uspid="54" ordinal="2" offset="7" sl="89" sc="13" el="89" ec="52" bec="0" bev="0" fileid="1">
                  <TrackedMethodRefs>
                    <TrackedMethodRef uid="5" vc="1" />
                  </TrackedMethodRefs>
                </SequencePoint>
                <SequencePoint vc="1" uspid="55" ordinal="3" offset="20" sl="90" sc="13" el="90" ec="37" bec="0" bev="0" fileid="1">
                  <TrackedMethodRefs>
                    <TrackedMethodRef uid="5" vc="1" />
                  </TrackedMethodRefs>
                </SequencePoint>
                <SequencePoint vc="1" uspid="56" ordinal="4" offset="27" sl="91" sc="13" el="91" ec="45" bec="0" bev="0" fileid="1">
                  <TrackedMethodRefs>
                    <TrackedMethodRef uid="5" vc="1" />
                  </TrackedMethodRefs>
                </SequencePoint>
                <SequencePoint vc="1" uspid="57" ordinal="5" offset="42" sl="92" sc="13" el="92" ec="49" bec="0" bev="0" fileid="1">
                  <TrackedMethodRefs>
                    <TrackedMethodRef uid="5" vc="1" />
                  </TrackedMethodRefs>
                </SequencePoint>
                <SequencePoint vc="1" uspid="58" ordinal="6" offset="63" sl="97" sc="13" el="97" ec="42" bec="0" bev="0" fileid="1">
                  <TrackedMethodRefs>
                    <TrackedMethodRef uid="5" vc="1" />
                  </TrackedMethodRefs>
                </SequencePoint>
                <SequencePoint vc="1" uspid="59" ordinal="7" offset="69" sl="98" sc="18" el="98" ec="27" bec="0" bev="0" fileid="1">
                  <TrackedMethodRefs>
                    <TrackedMethodRef uid="5" vc="1" />
                  </TrackedMethodRefs>
                </SequencePoint>
                <SequencePoint vc="7" uspid="60" ordinal="8" offset="73" sl="99" sc="13" el="99" ec="14" bec="0" bev="0" fileid="1">
                  <TrackedMethodRefs>
                    <TrackedMethodRef uid="5" vc="7" />
                  </TrackedMethodRefs>
                </SequencePoint>
                <SequencePoint vc="7" uspid="61" ordinal="9" offset="74" sl="100" sc="17" el="100" ec="79" bec="0" bev="0" fileid="1">
                  <TrackedMethodRefs>
                    <TrackedMethodRef uid="5" vc="7" />
                  </TrackedMethodRefs>
                </SequencePoint>
                <SequencePoint vc="7" uspid="62" ordinal="10" offset="97" sl="101" sc="17" el="101" ec="42" bec="0" bev="0" fileid="1">
                  <TrackedMethodRefs>
                    <TrackedMethodRef uid="5" vc="7" />
                  </TrackedMethodRefs>
                </SequencePoint>
                <SequencePoint vc="7" uspid="63" ordinal="11" offset="108" sl="102" sc="17" el="102" ec="47" bec="0" bev="0" fileid="1">
                  <TrackedMethodRefs>
                    <TrackedMethodRef uid="5" vc="7" />
                  </TrackedMethodRefs>
                </SequencePoint>
                <SequencePoint vc="7" uspid="64" ordinal="12" offset="131" sl="103" sc="17" el="103" ec="69" bec="0" bev="0" fileid="1">
                  <TrackedMethodRefs>
                    <TrackedMethodRef uid="5" vc="7" />
                  </TrackedMethodRefs>
                </SequencePoint>
                <SequencePoint vc="7" uspid="65" ordinal="13" offset="167" sl="104" sc="13" el="104" ec="14" bec="0" bev="0" fileid="1">
                  <TrackedMethodRefs>
                    <TrackedMethodRef uid="5" vc="7" />
                  </TrackedMethodRefs>
                </SequencePoint>
                <SequencePoint vc="7" uspid="66" ordinal="14" offset="168" sl="98" sc="36" el="98" ec="39" bec="0" bev="0" fileid="1">
                  <TrackedMethodRefs>
                    <TrackedMethodRef uid="5" vc="7" />
                  </TrackedMethodRefs>
                </SequencePoint>
                <SequencePoint vc="8" uspid="67" ordinal="15" offset="172" sl="98" sc="29" el="98" ec="34" bec="2" bev="2" fileid="1">
                  <TrackedMethodRefs>
                    <TrackedMethodRef uid="5" vc="8" />
                  </TrackedMethodRefs>
                </SequencePoint>
                <SequencePoint vc="1" uspid="68" ordinal="16" offset="182" sl="108" sc="18" el="108" ec="27" bec="0" bev="0" fileid="1">
                  <TrackedMethodRefs>
                    <TrackedMethodRef uid="5" vc="1" />
                  </TrackedMethodRefs>
                </SequencePoint>
                <SequencePoint vc="7" uspid="69" ordinal="17" offset="187" sl="109" sc="13" el="109" ec="14" bec="0" bev="0" fileid="1">
                  <TrackedMethodRefs>
                    <TrackedMethodRef uid="5" vc="7" />
                  </TrackedMethodRefs>
                </SequencePoint>
                <SequencePoint vc="7" uspid="70" ordinal="18" offset="188" sl="110" sc="17" el="110" ec="79" bec="0" bev="0" fileid="1">
                  <TrackedMethodRefs>
                    <TrackedMethodRef uid="5" vc="7" />
                  </TrackedMethodRefs>
                </SequencePoint>
                <SequencePoint vc="7" uspid="71" ordinal="19" offset="211" sl="111" sc="17" el="111" ec="42" bec="0" bev="0" fileid="1">
                  <TrackedMethodRefs>
                    <TrackedMethodRef uid="5" vc="7" />
                  </TrackedMethodRefs>
                </SequencePoint>
                <SequencePoint vc="7" uspid="72" ordinal="20" offset="222" sl="112" sc="17" el="112" ec="47" bec="0" bev="0" fileid="1">
                  <TrackedMethodRefs>
                    <TrackedMethodRef uid="5" vc="7" />
                  </TrackedMethodRefs>
                </SequencePoint>
                <SequencePoint vc="7" uspid="73" ordinal="21" offset="245" sl="113" sc="17" el="113" ec="57" bec="0" bev="0" fileid="1">
                  <TrackedMethodRefs>
                    <TrackedMethodRef uid="5" vc="7" />
                  </TrackedMethodRefs>
                </SequencePoint>
                <SequencePoint vc="7" uspid="74" ordinal="22" offset="274" sl="114" sc="13" el="114" ec="14" bec="0" bev="0" fileid="1">
                  <TrackedMethodRefs>
                    <TrackedMethodRef uid="5" vc="7" />
                  </TrackedMethodRefs>
                </SequencePoint>
                <SequencePoint vc="7" uspid="75" ordinal="23" offset="275" sl="108" sc="36" el="108" ec="39" bec="0" bev="0" fileid="1">
                  <TrackedMethodRefs>
                    <TrackedMethodRef uid="5" vc="7" />
                  </TrackedMethodRefs>
                </SequencePoint>
                <SequencePoint vc="8" uspid="76" ordinal="24" offset="281" sl="108" sc="29" el="108" ec="34" bec="2" bev="2" fileid="1">
                  <TrackedMethodRefs>
                    <TrackedMethodRef uid="5" vc="8" />
                  </TrackedMethodRefs>
                </SequencePoint>
                <SequencePoint vc="1" uspid="77" ordinal="25" offset="292" sl="117" sc="18" el="117" ec="27" bec="0" bev="0" fileid="1">
                  <TrackedMethodRefs>
                    <TrackedMethodRef uid="5" vc="1" />
                  </TrackedMethodRefs>
                </SequencePoint>
                <SequencePoint vc="4" uspid="78" ordinal="26" offset="297" sl="118" sc="13" el="118" ec="14" bec="0" bev="0" fileid="1">
                  <TrackedMethodRefs>
                    <TrackedMethodRef uid="5" vc="4" />
                  </TrackedMethodRefs>
                </SequencePoint>
                <SequencePoint vc="4" uspid="79" ordinal="27" offset="298" sl="119" sc="22" el="119" ec="31" bec="0" bev="0" fileid="1">
                  <TrackedMethodRefs>
                    <TrackedMethodRef uid="5" vc="4" />
                  </TrackedMethodRefs>
                </SequencePoint>
                <SequencePoint vc="28" uspid="80" ordinal="28" offset="303" sl="120" sc="17" el="120" ec="18" bec="0" bev="0" fileid="1">
                  <TrackedMethodRefs>
                    <TrackedMethodRef uid="5" vc="28" />
                  </TrackedMethodRefs>
                </SequencePoint>
                <SequencePoint vc="28" uspid="81" ordinal="29" offset="304" sl="121" sc="21" el="121" ec="95" bec="0" bev="0" fileid="1">
                  <TrackedMethodRefs>
                    <TrackedMethodRef uid="5" vc="28" />
                  </TrackedMethodRefs>
                </SequencePoint>
                <SequencePoint vc="28" uspid="82" ordinal="30" offset="338" sl="122" sc="21" el="122" ec="46" bec="0" bev="0" fileid="1">
                  <TrackedMethodRefs>
                    <TrackedMethodRef uid="5" vc="28" />
                  </TrackedMethodRefs>
                </SequencePoint>
                <SequencePoint vc="28" uspid="83" ordinal="31" offset="349" sl="123" sc="17" el="123" ec="18" bec="0" bev="0" fileid="1">
                  <TrackedMethodRefs>
                    <TrackedMethodRef uid="5" vc="28" />
                  </TrackedMethodRefs>
                </SequencePoint>
                <SequencePoint vc="28" uspid="84" ordinal="32" offset="350" sl="119" sc="40" el="119" ec="43" bec="0" bev="0" fileid="1">
                  <TrackedMethodRefs>
                    <TrackedMethodRef uid="5" vc="28" />
                  </TrackedMethodRefs>
                </SequencePoint>
                <SequencePoint vc="32" uspid="85" ordinal="33" offset="356" sl="119" sc="33" el="119" ec="38" bec="2" bev="2" fileid="1">
                  <TrackedMethodRefs>
                    <TrackedMethodRef uid="5" vc="32" />
                  </TrackedMethodRefs>
                </SequencePoint>
                <SequencePoint vc="4" uspid="86" ordinal="34" offset="367" sl="124" sc="13" el="124" ec="14" bec="0" bev="0" fileid="1">
                  <TrackedMethodRefs>
                    <TrackedMethodRef uid="5" vc="4" />
                  </TrackedMethodRefs>
                </SequencePoint>
                <SequencePoint vc="4" uspid="87" ordinal="35" offset="368" sl="117" sc="36" el="117" ec="39" bec="0" bev="0" fileid="1">
                  <TrackedMethodRefs>
                    <TrackedMethodRef uid="5" vc="4" />
                  </TrackedMethodRefs>
                </SequencePoint>
                <SequencePoint vc="5" uspid="88" ordinal="36" offset="374" sl="117" sc="29" el="117" ec="34" bec="2" bev="2" fileid="1">
                  <TrackedMethodRefs>
                    <TrackedMethodRef uid="5" vc="5" />
                  </TrackedMethodRefs>
                </SequencePoint>
                <SequencePoint vc="1" uspid="89" ordinal="37" offset="385" sl="127" sc="18" el="127" ec="27" bec="0" bev="0" fileid="1">
                  <TrackedMethodRefs>
                    <TrackedMethodRef uid="5" vc="1" />
                  </TrackedMethodRefs>
                </SequencePoint>
                <SequencePoint vc="7" uspid="90" ordinal="38" offset="390" sl="128" sc="13" el="128" ec="14" bec="0" bev="0" fileid="1">
                  <TrackedMethodRefs>
                    <TrackedMethodRef uid="5" vc="7" />
                  </TrackedMethodRefs>
                </SequencePoint>
                <SequencePoint vc="7" uspid="91" ordinal="39" offset="391" sl="129" sc="17" el="129" ec="79" bec="0" bev="0" fileid="1">
                  <TrackedMethodRefs>
                    <TrackedMethodRef uid="5" vc="7" />
                  </TrackedMethodRefs>
                </SequencePoint>
                <SequencePoint vc="7" uspid="92" ordinal="40" offset="414" sl="130" sc="17" el="130" ec="42" bec="0" bev="0" fileid="1">
                  <TrackedMethodRefs>
                    <TrackedMethodRef uid="5" vc="7" />
                  </TrackedMethodRefs>
                </SequencePoint>
                <SequencePoint vc="7" uspid="93" ordinal="41" offset="425" sl="131" sc="17" el="131" ec="47" bec="0" bev="0" fileid="1">
                  <TrackedMethodRefs>
                    <TrackedMethodRef uid="5" vc="7" />
                  </TrackedMethodRefs>
                </SequencePoint>
                <SequencePoint vc="7" uspid="94" ordinal="42" offset="448" sl="132" sc="17" el="132" ec="57" bec="0" bev="0" fileid="1">
                  <TrackedMethodRefs>
                    <TrackedMethodRef uid="5" vc="7" />
                  </TrackedMethodRefs>
                </SequencePoint>
                <SequencePoint vc="7" uspid="95" ordinal="43" offset="477" sl="133" sc="13" el="133" ec="14" bec="0" bev="0" fileid="1">
                  <TrackedMethodRefs>
                    <TrackedMethodRef uid="5" vc="7" />
                  </TrackedMethodRefs>
                </SequencePoint>
                <SequencePoint vc="7" uspid="96" ordinal="44" offset="478" sl="127" sc="36" el="127" ec="39" bec="0" bev="0" fileid="1">
                  <TrackedMethodRefs>
                    <TrackedMethodRef uid="5" vc="7" />
                  </TrackedMethodRefs>
                </SequencePoint>
                <SequencePoint vc="8" uspid="97" ordinal="45" offset="484" sl="127" sc="29" el="127" ec="34" bec="2" bev="2" fileid="1">
                  <TrackedMethodRefs>
                    <TrackedMethodRef uid="5" vc="8" />
                  </TrackedMethodRefs>
                </SequencePoint>
                <SequencePoint vc="1" uspid="98" ordinal="46" offset="495" sl="136" sc="13" el="136" ec="43" bec="0" bev="0" fileid="1">
                  <TrackedMethodRefs>
                    <TrackedMethodRef uid="5" vc="1" />
                  </TrackedMethodRefs>
                </SequencePoint>
                <SequencePoint vc="1" uspid="99" ordinal="47" offset="501" sl="137" sc="18" el="137" ec="27" bec="0" bev="0" fileid="1">
                  <TrackedMethodRefs>
                    <TrackedMethodRef uid="5" vc="1" />
                  </TrackedMethodRefs>
                </SequencePoint>
                <SequencePoint vc="7" uspid="100" ordinal="48" offset="506" sl="138" sc="13" el="138" ec="14" bec="0" bev="0" fileid="1">
                  <TrackedMethodRefs>
                    <TrackedMethodRef uid="5" vc="7" />
                  </TrackedMethodRefs>
                </SequencePoint>
                <SequencePoint vc="7" uspid="101" ordinal="49" offset="507" sl="139" sc="17" el="139" ec="79" bec="0" bev="0" fileid="1">
                  <TrackedMethodRefs>
                    <TrackedMethodRef uid="5" vc="7" />
                  </TrackedMethodRefs>
                </SequencePoint>
                <SequencePoint vc="7" uspid="102" ordinal="50" offset="530" sl="140" sc="17" el="140" ec="42" bec="0" bev="0" fileid="1">
                  <TrackedMethodRefs>
                    <TrackedMethodRef uid="5" vc="7" />
                  </TrackedMethodRefs>
                </SequencePoint>
                <SequencePoint vc="7" uspid="103" ordinal="51" offset="541" sl="141" sc="17" el="141" ec="47" bec="0" bev="0" fileid="1">
                  <TrackedMethodRefs>
                    <TrackedMethodRef uid="5" vc="7" />
                  </TrackedMethodRefs>
                </SequencePoint>
                <SequencePoint vc="7" uspid="104" ordinal="52" offset="564" sl="142" sc="17" el="142" ec="70" bec="0" bev="0" fileid="1">
                  <TrackedMethodRefs>
                    <TrackedMethodRef uid="5" vc="7" />
                  </TrackedMethodRefs>
                </SequencePoint>
                <SequencePoint vc="7" uspid="105" ordinal="53" offset="601" sl="143" sc="13" el="143" ec="14" bec="0" bev="0" fileid="1">
                  <TrackedMethodRefs>
                    <TrackedMethodRef uid="5" vc="7" />
                  </TrackedMethodRefs>
                </SequencePoint>
                <SequencePoint vc="7" uspid="106" ordinal="54" offset="602" sl="137" sc="36" el="137" ec="39" bec="0" bev="0" fileid="1">
                  <TrackedMethodRefs>
                    <TrackedMethodRef uid="5" vc="7" />
                  </TrackedMethodRefs>
                </SequencePoint>
                <SequencePoint vc="8" uspid="107" ordinal="55" offset="608" sl="137" sc="29" el="137" ec="34" bec="2" bev="2" fileid="1">
                  <TrackedMethodRefs>
                    <TrackedMethodRef uid="5" vc="8" />
                  </TrackedMethodRefs>
                </SequencePoint>
                <SequencePoint vc="1" uspid="108" ordinal="56" offset="619" sl="145" sc="9" el="145" ec="10" bec="0" bev="0" fileid="1">
                  <TrackedMethodRefs>
                    <TrackedMethodRef uid="5" vc="1" />
                  </TrackedMethodRefs>
                </SequencePoint>
              </SequencePoints>
              <BranchPoints>
                <BranchPoint vc="1" uspid="109" ordinal="0" offset="180" sl="98" path="0" offsetend="182" fileid="1">
                  <TrackedMethodRefs>
                    <TrackedMethodRef uid="5" vc="1" />
                  </TrackedMethodRefs>
                </BranchPoint>
                <BranchPoint vc="7" uspid="110" ordinal="1" offset="180" sl="98" path="1" offsetend="73" fileid="1">
                  <TrackedMethodRefs>
                    <TrackedMethodRef uid="5" vc="7" />
                  </TrackedMethodRefs>
                </BranchPoint>
                <BranchPoint vc="1" uspid="111" ordinal="2" offset="290" sl="108" path="0" offsetend="292" fileid="1">
                  <TrackedMethodRefs>
                    <TrackedMethodRef uid="5" vc="1" />
                  </TrackedMethodRefs>
                </BranchPoint>
                <BranchPoint vc="7" uspid="112" ordinal="3" offset="290" sl="108" path="1" offsetend="187" fileid="1">
                  <TrackedMethodRefs>
                    <TrackedMethodRef uid="5" vc="7" />
                  </TrackedMethodRefs>
                </BranchPoint>
                <BranchPoint vc="4" uspid="113" ordinal="4" offset="365" sl="119" path="0" offsetend="367" fileid="1">
                  <TrackedMethodRefs>
                    <TrackedMethodRef uid="5" vc="4" />
                  </TrackedMethodRefs>
                </BranchPoint>
                <BranchPoint vc="28" uspid="114" ordinal="5" offset="365" sl="119" path="1" offsetend="303" fileid="1">
                  <TrackedMethodRefs>
                    <TrackedMethodRef uid="5" vc="28" />
                  </TrackedMethodRefs>
                </BranchPoint>
                <BranchPoint vc="1" uspid="115" ordinal="6" offset="383" sl="117" path="0" offsetend="385" fileid="1">
                  <TrackedMethodRefs>
                    <TrackedMethodRef uid="5" vc="1" />
                  </TrackedMethodRefs>
                </BranchPoint>
                <BranchPoint vc="4" uspid="116" ordinal="7" offset="383" sl="117" path="1" offsetend="297" fileid="1">
                  <TrackedMethodRefs>
                    <TrackedMethodRef uid="5" vc="4" />
                  </TrackedMethodRefs>
                </BranchPoint>
                <BranchPoint vc="1" uspid="117" ordinal="8" offset="493" sl="127" path="0" offsetend="495" fileid="1">
                  <TrackedMethodRefs>
                    <TrackedMethodRef uid="5" vc="1" />
                  </TrackedMethodRefs>
                </BranchPoint>
                <BranchPoint vc="7" uspid="118" ordinal="9" offset="493" sl="127" path="1" offsetend="390" fileid="1">
                  <TrackedMethodRefs>
                    <TrackedMethodRef uid="5" vc="7" />
                  </TrackedMethodRefs>
                </BranchPoint>
                <BranchPoint vc="1" uspid="119" ordinal="10" offset="617" sl="137" path="0" offsetend="619" fileid="1">
                  <TrackedMethodRefs>
                    <TrackedMethodRef uid="5" vc="1" />
                  </TrackedMethodRefs>
                </BranchPoint>
                <BranchPoint vc="7" uspid="120" ordinal="11" offset="617" sl="137" path="1" offsetend="506" fileid="1">
                  <TrackedMethodRefs>
                    <TrackedMethodRef uid="5" vc="7" />
                  </TrackedMethodRefs>
                </BranchPoint>
              </BranchPoints>
              <MethodPoint xsi:type="SequencePoint" vc="1" uspid="52" ordinal="0" offset="0" sl="87" sc="9" el="87" ec="10" bec="0" bev="0" fileid="1">
                <TrackedMethodRefs>
                  <TrackedMethodRef uid="5" vc="1" />
                </TrackedMethodRefs>
              </MethodPoint>
            </Method>
            <Method visited="true" cyclomaticComplexity="1" nPathComplexity="0" sequenceCoverage="100" branchCoverage="100" crapScore="1" isConstructor="false" isStatic="false" isGetter="false" isSetter="false">
              <Summary numSequencePoints="10" visitedSequencePoints="10" numBranchPoints="1" visitedBranchPoints="1" sequenceCoverage="100" branchCoverage="100" maxCyclomaticComplexity="1" minCyclomaticComplexity="1" maxCrapScore="1" minCrapScore="1" visitedClasses="0" numClasses="0" visitedMethods="1" numMethods="1" />
              <MetadataToken>100663302</MetadataToken>
              <Name>System.Void gsChessLib.GameTests::Test_GetAlgebraicPiecesOnSquare_InitialBoard()</Name>
              <FileRef uid="1" />
              <SequencePoints>
                <SequencePoint vc="1" uspid="121" ordinal="0" offset="0" sl="149" sc="9" el="149" ec="10" bec="0" bev="0" fileid="1">
                  <TrackedMethodRefs>
                    <TrackedMethodRef uid="6" vc="1" />
                  </TrackedMethodRefs>
                </SequencePoint>
                <SequencePoint vc="1" uspid="122" ordinal="1" offset="1" sl="150" sc="13" el="150" ec="125" bec="0" bev="0" fileid="1">
                  <TrackedMethodRefs>
                    <TrackedMethodRef uid="6" vc="1" />
                  </TrackedMethodRefs>
                </SequencePoint>
                <SequencePoint vc="1" uspid="123" ordinal="2" offset="12" sl="151" sc="13" el="151" ec="45" bec="0" bev="0" fileid="1">
                  <TrackedMethodRefs>
                    <TrackedMethodRef uid="6" vc="1" />
                  </TrackedMethodRefs>
                </SequencePoint>
                <SequencePoint vc="1" uspid="124" ordinal="3" offset="27" sl="152" sc="13" el="152" ec="49" bec="0" bev="0" fileid="1">
                  <TrackedMethodRefs>
                    <TrackedMethodRef uid="6" vc="1" />
                  </TrackedMethodRefs>
                </SequencePoint>
                <SequencePoint vc="1" uspid="125" ordinal="4" offset="48" sl="155" sc="13" el="155" ec="59" bec="0" bev="0" fileid="1">
                  <TrackedMethodRefs>
                    <TrackedMethodRef uid="6" vc="1" />
                  </TrackedMethodRefs>
                </SequencePoint>
                <SequencePoint vc="1" uspid="126" ordinal="5" offset="60" sl="156" sc="13" el="156" ec="39" bec="0" bev="0" fileid="1">
                  <TrackedMethodRefs>
                    <TrackedMethodRef uid="6" vc="1" />
                  </TrackedMethodRefs>
                </SequencePoint>
                <SequencePoint vc="1" uspid="127" ordinal="6" offset="70" sl="157" sc="13" el="157" ec="58" bec="0" bev="0" fileid="1">
                  <TrackedMethodRefs>
                    <TrackedMethodRef uid="6" vc="1" />
                  </TrackedMethodRefs>
                </SequencePoint>
                <SequencePoint vc="1" uspid="128" ordinal="7" offset="92" sl="158" sc="13" el="158" ec="42" bec="0" bev="0" fileid="1">
                  <TrackedMethodRefs>
                    <TrackedMethodRef uid="6" vc="1" />
                  </TrackedMethodRefs>
                </SequencePoint>
                <SequencePoint vc="1" uspid="129" ordinal="8" offset="114" sl="159" sc="13" el="159" ec="43" bec="0" bev="0" fileid="1">
                  <TrackedMethodRefs>
                    <TrackedMethodRef uid="6" vc="1" />
                  </TrackedMethodRefs>
                </SequencePoint>
                <SequencePoint vc="1" uspid="130" ordinal="9" offset="136" sl="161" sc="9" el="161" ec="10" bec="0" bev="0" fileid="1">
                  <TrackedMethodRefs>
                    <TrackedMethodRef uid="6" vc="1" />
                  </TrackedMethodRefs>
                </SequencePoint>
              </SequencePoints>
              <BranchPoints />
              <MethodPoint xsi:type="SequencePoint" vc="1" uspid="121" ordinal="0" offset="0" sl="149" sc="9" el="149" ec="10" bec="0" bev="0" fileid="1">
                <TrackedMethodRefs>
                  <TrackedMethodRef uid="6" vc="1" />
                </TrackedMethodRefs>
              </MethodPoint>
            </Method>
            <Method visited="true" cyclomaticComplexity="1" nPathComplexity="0" sequenceCoverage="100" branchCoverage="100" crapScore="1" isConstructor="false" isStatic="false" isGetter="false" isSetter="false">
              <Summary numSequencePoints="10" visitedSequencePoints="10" numBranchPoints="1" visitedBranchPoints="1" sequenceCoverage="100" branchCoverage="100" maxCyclomaticComplexity="1" minCyclomaticComplexity="1" maxCrapScore="1" minCrapScore="1" visitedClasses="0" numClasses="0" visitedMethods="1" numMethods="1" />
              <MetadataToken>100663303</MetadataToken>
              <Name>System.Void gsChessLib.GameTests::TestCheckForward_negative()</Name>
              <FileRef uid="1" />
              <SequencePoints>
                <SequencePoint vc="1" uspid="131" ordinal="0" offset="0" sl="165" sc="9" el="165" ec="10" bec="0" bev="0" fileid="1">
                  <TrackedMethodRefs>
                    <TrackedMethodRef uid="7" vc="1" />
                  </TrackedMethodRefs>
                </SequencePoint>
                <SequencePoint vc="1" uspid="132" ordinal="1" offset="1" sl="166" sc="13" el="166" ec="45" bec="0" bev="0" fileid="1">
                  <TrackedMethodRefs>
                    <TrackedMethodRef uid="7" vc="1" />
                  </TrackedMethodRefs>
                </SequencePoint>
                <SequencePoint vc="1" uspid="133" ordinal="2" offset="7" sl="168" sc="13" el="168" ec="110" bec="0" bev="0" fileid="1">
                  <TrackedMethodRefs>
                    <TrackedMethodRef uid="7" vc="1" />
                  </TrackedMethodRefs>
                </SequencePoint>
                <SequencePoint vc="1" uspid="134" ordinal="3" offset="19" sl="169" sc="13" el="169" ec="37" bec="0" bev="0" fileid="1">
                  <TrackedMethodRefs>
                    <TrackedMethodRef uid="7" vc="1" />
                  </TrackedMethodRefs>
                </SequencePoint>
                <SequencePoint vc="1" uspid="135" ordinal="4" offset="26" sl="172" sc="13" el="172" ec="63" bec="0" bev="0" fileid="1">
                  <TrackedMethodRefs>
                    <TrackedMethodRef uid="7" vc="1" />
                  </TrackedMethodRefs>
                </SequencePoint>
                <SequencePoint vc="1" uspid="136" ordinal="5" offset="37" sl="173" sc="13" el="173" ec="38" bec="0" bev="0" fileid="1">
                  <TrackedMethodRefs>
                    <TrackedMethodRef uid="7" vc="1" />
                  </TrackedMethodRefs>
                </SequencePoint>
                <SequencePoint vc="1" uspid="137" ordinal="6" offset="47" sl="174" sc="13" el="174" ec="42" bec="0" bev="0" fileid="1">
                  <TrackedMethodRefs>
                    <TrackedMethodRef uid="7" vc="1" />
                  </TrackedMethodRefs>
                </SequencePoint>
                <SequencePoint vc="1" uspid="138" ordinal="7" offset="69" sl="176" sc="13" el="176" ec="57" bec="0" bev="0" fileid="1">
                  <TrackedMethodRefs>
                    <TrackedMethodRef uid="7" vc="1" />
                  </TrackedMethodRefs>
                </SequencePoint>
                <SequencePoint vc="1" uspid="139" ordinal="8" offset="79" sl="177" sc="13" el="177" ec="39" bec="0" bev="0" fileid="1">
                  <TrackedMethodRefs>
                    <TrackedMethodRef uid="7" vc="1" />
                  </TrackedMethodRefs>
                </SequencePoint>
                <SequencePoint vc="1" uspid="140" ordinal="9" offset="89" sl="178" sc="9" el="178" ec="10" bec="0" bev="0" fileid="1">
                  <TrackedMethodRefs>
                    <TrackedMethodRef uid="7" vc="1" />
                  </TrackedMethodRefs>
                </SequencePoint>
              </SequencePoints>
              <BranchPoints />
              <MethodPoint xsi:type="SequencePoint" vc="1" uspid="131" ordinal="0" offset="0" sl="165" sc="9" el="165" ec="10" bec="0" bev="0" fileid="1">
                <TrackedMethodRefs>
                  <TrackedMethodRef uid="7" vc="1" />
                </TrackedMethodRefs>
              </MethodPoint>
            </Method>
            <Method visited="true" cyclomaticComplexity="1" nPathComplexity="0" sequenceCoverage="100" branchCoverage="100" crapScore="1" isConstructor="false" isStatic="false" isGetter="false" isSetter="false">
              <Summary numSequencePoints="14" visitedSequencePoints="14" numBranchPoints="1" visitedBranchPoints="1" sequenceCoverage="100" branchCoverage="100" maxCyclomaticComplexity="1" minCyclomaticComplexity="1" maxCrapScore="1" minCrapScore="1" visitedClasses="0" numClasses="0" visitedMethods="1" numMethods="1" />
              <MetadataToken>100663304</MetadataToken>
              <Name>System.Void gsChessLib.GameTests::TestCheckForward_positive()</Name>
              <FileRef uid="1" />
              <SequencePoints>
                <SequencePoint vc="1" uspid="141" ordinal="0" offset="0" sl="182" sc="9" el="182" ec="10" bec="0" bev="0" fileid="1">
                  <TrackedMethodRefs>
                    <TrackedMethodRef uid="8" vc="1" />
                  </TrackedMethodRefs>
                </SequencePoint>
                <SequencePoint vc="1" uspid="142" ordinal="1" offset="1" sl="183" sc="13" el="183" ec="45" bec="0" bev="0" fileid="1">
                  <TrackedMethodRefs>
                    <TrackedMethodRef uid="8" vc="1" />
                  </TrackedMethodRefs>
                </SequencePoint>
                <SequencePoint vc="1" uspid="143" ordinal="2" offset="7" sl="185" sc="13" el="185" ec="110" bec="0" bev="0" fileid="1">
                  <TrackedMethodRefs>
                    <TrackedMethodRef uid="8" vc="1" />
                  </TrackedMethodRefs>
                </SequencePoint>
                <SequencePoint vc="1" uspid="144" ordinal="3" offset="19" sl="186" sc="13" el="186" ec="37" bec="0" bev="0" fileid="1">
                  <TrackedMethodRefs>
                    <TrackedMethodRef uid="8" vc="1" />
                  </TrackedMethodRefs>
                </SequencePoint>
                <SequencePoint vc="1" uspid="145" ordinal="4" offset="26" sl="190" sc="13" el="190" ec="110" bec="0" bev="0" fileid="1">
                  <TrackedMethodRefs>
                    <TrackedMethodRef uid="8" vc="1" />
                  </TrackedMethodRefs>
                </SequencePoint>
                <SequencePoint vc="1" uspid="146" ordinal="5" offset="38" sl="191" sc="13" el="191" ec="37" bec="0" bev="0" fileid="1">
                  <TrackedMethodRefs>
                    <TrackedMethodRef uid="8" vc="1" />
                  </TrackedMethodRefs>
                </SequencePoint>
                <SequencePoint vc="1" uspid="147" ordinal="6" offset="45" sl="192" sc="13" el="192" ec="63" bec="0" bev="0" fileid="1">
                  <TrackedMethodRefs>
                    <TrackedMethodRef uid="8" vc="1" />
                  </TrackedMethodRefs>
                </SequencePoint>
                <SequencePoint vc="1" uspid="148" ordinal="7" offset="56" sl="193" sc="13" el="193" ec="38" bec="0" bev="0" fileid="1">
                  <TrackedMethodRefs>
                    <TrackedMethodRef uid="8" vc="1" />
                  </TrackedMethodRefs>
                </SequencePoint>
                <SequencePoint vc="1" uspid="149" ordinal="8" offset="66" sl="194" sc="13" el="194" ec="42" bec="0" bev="0" fileid="1">
                  <TrackedMethodRefs>
                    <TrackedMethodRef uid="8" vc="1" />
                  </TrackedMethodRefs>
                </SequencePoint>
                <SequencePoint vc="1" uspid="150" ordinal="9" offset="88" sl="196" sc="13" el="196" ec="64" bec="0" bev="0" fileid="1">
                  <TrackedMethodRefs>
                    <TrackedMethodRef uid="8" vc="1" />
                  </TrackedMethodRefs>
                </SequencePoint>
                <SequencePoint vc="1" uspid="151" ordinal="10" offset="99" sl="197" sc="13" el="197" ec="43" bec="0" bev="0" fileid="1">
                  <TrackedMethodRefs>
                    <TrackedMethodRef uid="8" vc="1" />
                  </TrackedMethodRefs>
                </SequencePoint>
                <SequencePoint vc="1" uspid="152" ordinal="11" offset="121" sl="198" sc="13" el="198" ec="45" bec="0" bev="0" fileid="1">
                  <TrackedMethodRefs>
                    <TrackedMethodRef uid="8" vc="1" />
                  </TrackedMethodRefs>
                </SequencePoint>
                <SequencePoint vc="1" uspid="153" ordinal="12" offset="130" sl="199" sc="13" el="199" ec="39" bec="0" bev="0" fileid="1">
                  <TrackedMethodRefs>
                    <TrackedMethodRef uid="8" vc="1" />
                  </TrackedMethodRefs>
                </SequencePoint>
                <SequencePoint vc="1" uspid="154" ordinal="13" offset="140" sl="200" sc="9" el="200" ec="10" bec="0" bev="0" fileid="1">
                  <TrackedMethodRefs>
                    <TrackedMethodRef uid="8" vc="1" />
                  </TrackedMethodRefs>
                </SequencePoint>
              </SequencePoints>
              <BranchPoints />
              <MethodPoint xsi:type="SequencePoint" vc="1" uspid="141" ordinal="0" offset="0" sl="182" sc="9" el="182" ec="10" bec="0" bev="0" fileid="1">
                <TrackedMethodRefs>
                  <TrackedMethodRef uid="8" vc="1" />
                </TrackedMethodRefs>
              </MethodPoint>
            </Method>
            <Method visited="true" cyclomaticComplexity="1" nPathComplexity="0" sequenceCoverage="100" branchCoverage="100" crapScore="1" isConstructor="false" isStatic="false" isGetter="false" isSetter="false">
              <Summary numSequencePoints="14" visitedSequencePoints="14" numBranchPoints="1" visitedBranchPoints="1" sequenceCoverage="100" branchCoverage="100" maxCyclomaticComplexity="1" minCyclomaticComplexity="1" maxCrapScore="1" minCrapScore="1" visitedClasses="0" numClasses="0" visitedMethods="1" numMethods="1" />
              <MetadataToken>100663305</MetadataToken>
              <Name>System.Void gsChessLib.GameTests::TestValidPawnMovesForward_init()</Name>
              <FileRef uid="1" />
              <SequencePoints>
                <SequencePoint vc="1" uspid="155" ordinal="0" offset="0" sl="204" sc="9" el="204" ec="10" bec="0" bev="0" fileid="1">
                  <TrackedMethodRefs>
                    <TrackedMethodRef uid="9" vc="1" />
                  </TrackedMethodRefs>
                </SequencePoint>
                <SequencePoint vc="1" uspid="156" ordinal="1" offset="1" sl="205" sc="13" el="205" ec="45" bec="0" bev="0" fileid="1">
                  <TrackedMethodRefs>
                    <TrackedMethodRef uid="9" vc="1" />
                  </TrackedMethodRefs>
                </SequencePoint>
                <SequencePoint vc="1" uspid="157" ordinal="2" offset="7" sl="206" sc="13" el="206" ec="52" bec="0" bev="0" fileid="1">
                  <TrackedMethodRefs>
                    <TrackedMethodRef uid="9" vc="1" />
                  </TrackedMethodRefs>
                </SequencePoint>
                <SequencePoint vc="1" uspid="158" ordinal="3" offset="20" sl="207" sc="13" el="207" ec="37" bec="0" bev="0" fileid="1">
                  <TrackedMethodRefs>
                    <TrackedMethodRef uid="9" vc="1" />
                  </TrackedMethodRefs>
                </SequencePoint>
                <SequencePoint vc="1" uspid="159" ordinal="4" offset="27" sl="210" sc="13" el="210" ec="63" bec="0" bev="0" fileid="1">
                  <TrackedMethodRefs>
                    <TrackedMethodRef uid="9" vc="1" />
                  </TrackedMethodRefs>
                </SequencePoint>
                <SequencePoint vc="1" uspid="160" ordinal="5" offset="38" sl="211" sc="13" el="211" ec="38" bec="0" bev="0" fileid="1">
                  <TrackedMethodRefs>
                    <TrackedMethodRef uid="9" vc="1" />
                  </TrackedMethodRefs>
                </SequencePoint>
                <SequencePoint vc="1" uspid="161" ordinal="6" offset="48" sl="213" sc="13" el="213" ec="54" bec="0" bev="0" fileid="1">
                  <TrackedMethodRefs>
                    <TrackedMethodRef uid="9" vc="1" />
                  </TrackedMethodRefs>
                </SequencePoint>
                <SequencePoint vc="1" uspid="162" ordinal="7" offset="56" sl="214" sc="13" el="214" ec="43" bec="0" bev="0" fileid="1">
                  <TrackedMethodRefs>
                    <TrackedMethodRef uid="9" vc="1" />
                  </TrackedMethodRefs>
                </SequencePoint>
                <SequencePoint vc="1" uspid="163" ordinal="8" offset="71" sl="215" sc="13" el="215" ec="44" bec="0" bev="0" fileid="1">
                  <TrackedMethodRefs>
                    <TrackedMethodRef uid="9" vc="1" />
                  </TrackedMethodRefs>
                </SequencePoint>
                <SequencePoint vc="1" uspid="164" ordinal="9" offset="86" sl="216" sc="13" el="216" ec="43" bec="0" bev="0" fileid="1">
                  <TrackedMethodRefs>
                    <TrackedMethodRef uid="9" vc="1" />
                  </TrackedMethodRefs>
                </SequencePoint>
                <SequencePoint vc="1" uspid="165" ordinal="10" offset="118" sl="217" sc="13" el="217" ec="43" bec="0" bev="0" fileid="1">
                  <TrackedMethodRefs>
                    <TrackedMethodRef uid="9" vc="1" />
                  </TrackedMethodRefs>
                </SequencePoint>
                <SequencePoint vc="1" uspid="166" ordinal="11" offset="150" sl="218" sc="13" el="218" ec="43" bec="0" bev="0" fileid="1">
                  <TrackedMethodRefs>
                    <TrackedMethodRef uid="9" vc="1" />
                  </TrackedMethodRefs>
                </SequencePoint>
                <SequencePoint vc="1" uspid="167" ordinal="12" offset="182" sl="219" sc="13" el="219" ec="43" bec="0" bev="0" fileid="1">
                  <TrackedMethodRefs>
                    <TrackedMethodRef uid="9" vc="1" />
                  </TrackedMethodRefs>
                </SequencePoint>
                <SequencePoint vc="1" uspid="168" ordinal="13" offset="214" sl="221" sc="9" el="221" ec="10" bec="0" bev="0" fileid="1">
                  <TrackedMethodRefs>
                    <TrackedMethodRef uid="9" vc="1" />
                  </TrackedMethodRefs>
                </SequencePoint>
              </SequencePoints>
              <BranchPoints />
              <MethodPoint xsi:type="SequencePoint" vc="1" uspid="155" ordinal="0" offset="0" sl="204" sc="9" el="204" ec="10" bec="0" bev="0" fileid="1">
                <TrackedMethodRefs>
                  <TrackedMethodRef uid="9" vc="1" />
                </TrackedMethodRefs>
              </MethodPoint>
            </Method>
            <Method visited="true" cyclomaticComplexity="1" nPathComplexity="0" sequenceCoverage="100" branchCoverage="100" crapScore="1" isConstructor="false" isStatic="false" isGetter="false" isSetter="false">
              <Summary numSequencePoints="8" visitedSequencePoints="8" numBranchPoints="1" visitedBranchPoints="1" sequenceCoverage="100" branchCoverage="100" maxCyclomaticComplexity="1" minCyclomaticComplexity="1" maxCrapScore="1" minCrapScore="1" visitedClasses="0" numClasses="0" visitedMethods="1" numMethods="1" />
              <MetadataToken>100663306</MetadataToken>
              <Name>System.Void gsChessLib.GameTests::TestValidPawnMovesDiagonal_l_1()</Name>
              <FileRef uid="1" />
              <SequencePoints>
                <SequencePoint vc="1" uspid="169" ordinal="0" offset="0" sl="225" sc="9" el="225" ec="10" bec="0" bev="0" fileid="1">
                  <TrackedMethodRefs>
                    <TrackedMethodRef uid="10" vc="1" />
                  </TrackedMethodRefs>
                </SequencePoint>
                <SequencePoint vc="1" uspid="170" ordinal="1" offset="1" sl="226" sc="13" el="226" ec="125" bec="0" bev="0" fileid="1">
                  <TrackedMethodRefs>
                    <TrackedMethodRef uid="10" vc="1" />
                  </TrackedMethodRefs>
                </SequencePoint>
                <SequencePoint vc="1" uspid="171" ordinal="2" offset="12" sl="228" sc="13" el="228" ec="37" bec="0" bev="0" fileid="1">
                  <TrackedMethodRefs>
                    <TrackedMethodRef uid="10" vc="1" />
                  </TrackedMethodRefs>
                </SequencePoint>
                <SequencePoint vc="1" uspid="172" ordinal="3" offset="19" sl="231" sc="13" el="231" ec="63" bec="0" bev="0" fileid="1">
                  <TrackedMethodRefs>
                    <TrackedMethodRef uid="10" vc="1" />
                  </TrackedMethodRefs>
                </SequencePoint>
                <SequencePoint vc="1" uspid="173" ordinal="4" offset="30" sl="232" sc="13" el="232" ec="60" bec="0" bev="0" fileid="1">
                  <TrackedMethodRefs>
                    <TrackedMethodRef uid="10" vc="1" />
                  </TrackedMethodRefs>
                </SequencePoint>
                <SequencePoint vc="1" uspid="174" ordinal="5" offset="42" sl="233" sc="13" el="233" ec="38" bec="0" bev="0" fileid="1">
                  <TrackedMethodRefs>
                    <TrackedMethodRef uid="10" vc="1" />
                  </TrackedMethodRefs>
                </SequencePoint>
                <SequencePoint vc="1" uspid="175" ordinal="6" offset="52" sl="234" sc="13" el="234" ec="39" bec="0" bev="0" fileid="1">
                  <TrackedMethodRefs>
                    <TrackedMethodRef uid="10" vc="1" />
                  </TrackedMethodRefs>
                </SequencePoint>
                <SequencePoint vc="1" uspid="176" ordinal="7" offset="62" sl="236" sc="9" el="236" ec="10" bec="0" bev="0" fileid="1">
                  <TrackedMethodRefs>
                    <TrackedMethodRef uid="10" vc="1" />
                  </TrackedMethodRefs>
                </SequencePoint>
              </SequencePoints>
              <BranchPoints />
              <MethodPoint xsi:type="SequencePoint" vc="1" uspid="169" ordinal="0" offset="0" sl="225" sc="9" el="225" ec="10" bec="0" bev="0" fileid="1">
                <TrackedMethodRefs>
                  <TrackedMethodRef uid="10" vc="1" />
                </TrackedMethodRefs>
              </MethodPoint>
            </Method>
            <Method visited="true" cyclomaticComplexity="1" nPathComplexity="0" sequenceCoverage="100" branchCoverage="100" crapScore="1" isConstructor="false" isStatic="false" isGetter="false" isSetter="false">
              <Summary numSequencePoints="8" visitedSequencePoints="8" numBranchPoints="1" visitedBranchPoints="1" sequenceCoverage="100" branchCoverage="100" maxCyclomaticComplexity="1" minCyclomaticComplexity="1" maxCrapScore="1" minCrapScore="1" visitedClasses="0" numClasses="0" visitedMethods="1" numMethods="1" />
              <MetadataToken>100663307</MetadataToken>
              <Name>System.Void gsChessLib.GameTests::TestValidPawnMovesForward_blocking()</Name>
              <FileRef uid="1" />
              <SequencePoints>
                <SequencePoint vc="1" uspid="177" ordinal="0" offset="0" sl="240" sc="9" el="240" ec="10" bec="0" bev="0" fileid="1">
                  <TrackedMethodRefs>
                    <TrackedMethodRef uid="11" vc="1" />
                  </TrackedMethodRefs>
                </SequencePoint>
                <SequencePoint vc="1" uspid="178" ordinal="1" offset="1" sl="242" sc="13" el="242" ec="125" bec="0" bev="0" fileid="1">
                  <TrackedMethodRefs>
                    <TrackedMethodRef uid="11" vc="1" />
                  </TrackedMethodRefs>
                </SequencePoint>
                <SequencePoint vc="1" uspid="179" ordinal="2" offset="12" sl="243" sc="13" el="243" ec="49" bec="0" bev="0" fileid="1">
                  <TrackedMethodRefs>
                    <TrackedMethodRef uid="11" vc="1" />
                  </TrackedMethodRefs>
                </SequencePoint>
                <SequencePoint vc="1" uspid="180" ordinal="3" offset="33" sl="245" sc="13" el="245" ec="63" bec="0" bev="0" fileid="1">
                  <TrackedMethodRefs>
                    <TrackedMethodRef uid="11" vc="1" />
                  </TrackedMethodRefs>
                </SequencePoint>
                <SequencePoint vc="1" uspid="181" ordinal="4" offset="44" sl="246" sc="13" el="246" ec="38" bec="0" bev="0" fileid="1">
                  <TrackedMethodRefs>
                    <TrackedMethodRef uid="11" vc="1" />
                  </TrackedMethodRefs>
                </SequencePoint>
                <SequencePoint vc="1" uspid="182" ordinal="5" offset="54" sl="247" sc="13" el="247" ec="53" bec="0" bev="0" fileid="1">
                  <TrackedMethodRefs>
                    <TrackedMethodRef uid="11" vc="1" />
                  </TrackedMethodRefs>
                </SequencePoint>
                <SequencePoint vc="1" uspid="183" ordinal="6" offset="62" sl="248" sc="13" el="248" ec="43" bec="0" bev="0" fileid="1">
                  <TrackedMethodRefs>
                    <TrackedMethodRef uid="11" vc="1" />
                  </TrackedMethodRefs>
                </SequencePoint>
                <SequencePoint vc="1" uspid="184" ordinal="7" offset="77" sl="251" sc="9" el="251" ec="10" bec="0" bev="0" fileid="1">
                  <TrackedMethodRefs>
                    <TrackedMethodRef uid="11" vc="1" />
                  </TrackedMethodRefs>
                </SequencePoint>
              </SequencePoints>
              <BranchPoints />
              <MethodPoint xsi:type="SequencePoint" vc="1" uspid="177" ordinal="0" offset="0" sl="240" sc="9" el="240" ec="10" bec="0" bev="0" fileid="1">
                <TrackedMethodRefs>
                  <TrackedMethodRef uid="11" vc="1" />
                </TrackedMethodRefs>
              </MethodPoint>
            </Method>
            <Method visited="true" cyclomaticComplexity="3" nPathComplexity="4" sequenceCoverage="100" branchCoverage="100" crapScore="3" isConstructor="false" isStatic="false" isGetter="false" isSetter="false">
              <Summary numSequencePoints="21" visitedSequencePoints="21" numBranchPoints="5" visitedBranchPoints="5" sequenceCoverage="100" branchCoverage="100" maxCyclomaticComplexity="3" minCyclomaticComplexity="3" maxCrapScore="3" minCrapScore="3" visitedClasses="0" numClasses="0" visitedMethods="1" numMethods="1" />
              <MetadataToken>100663308</MetadataToken>
              <Name>System.Void gsChessLib.GameTests::TestPointToAlgebraic()</Name>
              <FileRef uid="1" />
              <SequencePoints>
                <SequencePoint vc="1" uspid="185" ordinal="0" offset="0" sl="255" sc="9" el="255" ec="10" bec="0" bev="0" fileid="1">
                  <TrackedMethodRefs>
                    <TrackedMethodRef uid="12" vc="1" />
                  </TrackedMethodRefs>
                </SequencePoint>
                <SequencePoint vc="1" uspid="186" ordinal="1" offset="1" sl="256" sc="13" el="256" ec="38" bec="0" bev="0" fileid="1">
                  <TrackedMethodRefs>
                    <TrackedMethodRef uid="12" vc="1" />
                  </TrackedMethodRefs>
                </SequencePoint>
                <SequencePoint vc="1" uspid="187" ordinal="2" offset="7" sl="259" sc="18" el="259" ec="27" bec="0" bev="0" fileid="1">
                  <TrackedMethodRefs>
                    <TrackedMethodRef uid="12" vc="1" />
                  </TrackedMethodRefs>
                </SequencePoint>
                <SequencePoint vc="8" uspid="188" ordinal="3" offset="11" sl="260" sc="13" el="260" ec="14" bec="0" bev="0" fileid="1">
                  <TrackedMethodRefs>
                    <TrackedMethodRef uid="12" vc="8" />
                  </TrackedMethodRefs>
                </SequencePoint>
                <SequencePoint vc="8" uspid="189" ordinal="4" offset="12" sl="261" sc="17" el="261" ec="43" bec="0" bev="0" fileid="1">
                  <TrackedMethodRefs>
                    <TrackedMethodRef uid="12" vc="8" />
                  </TrackedMethodRefs>
                </SequencePoint>
                <SequencePoint vc="8" uspid="190" ordinal="5" offset="30" sl="262" sc="17" el="262" ec="62" bec="0" bev="0" fileid="1">
                  <TrackedMethodRefs>
                    <TrackedMethodRef uid="12" vc="8" />
                  </TrackedMethodRefs>
                </SequencePoint>
                <SequencePoint vc="8" uspid="191" ordinal="6" offset="37" sl="263" sc="17" el="263" ec="69" bec="0" bev="0" fileid="1">
                  <TrackedMethodRefs>
                    <TrackedMethodRef uid="12" vc="8" />
                  </TrackedMethodRefs>
                </SequencePoint>
                <SequencePoint vc="8" uspid="192" ordinal="7" offset="75" sl="265" sc="17" el="265" ec="77" bec="0" bev="0" fileid="1">
                  <TrackedMethodRefs>
                    <TrackedMethodRef uid="12" vc="8" />
                  </TrackedMethodRefs>
                </SequencePoint>
                <SequencePoint vc="8" uspid="193" ordinal="8" offset="93" sl="266" sc="13" el="266" ec="14" bec="0" bev="0" fileid="1">
                  <TrackedMethodRefs>
                    <TrackedMethodRef uid="12" vc="8" />
                  </TrackedMethodRefs>
                </SequencePoint>
                <SequencePoint vc="8" uspid="194" ordinal="9" offset="94" sl="259" sc="46" el="259" ec="49" bec="0" bev="0" fileid="1">
                  <TrackedMethodRefs>
                    <TrackedMethodRef uid="12" vc="8" />
                  </TrackedMethodRefs>
                </SequencePoint>
                <SequencePoint vc="9" uspid="195" ordinal="10" offset="98" sl="259" sc="29" el="259" ec="44" bec="2" bev="2" fileid="1">
                  <TrackedMethodRefs>
                    <TrackedMethodRef uid="12" vc="9" />
                  </TrackedMethodRefs>
                </SequencePoint>
                <SequencePoint vc="1" uspid="196" ordinal="11" offset="113" sl="268" sc="18" el="268" ec="27" bec="0" bev="0" fileid="1">
                  <TrackedMethodRefs>
                    <TrackedMethodRef uid="12" vc="1" />
                  </TrackedMethodRefs>
                </SequencePoint>
                <SequencePoint vc="8" uspid="197" ordinal="12" offset="118" sl="269" sc="13" el="269" ec="14" bec="0" bev="0" fileid="1">
                  <TrackedMethodRefs>
                    <TrackedMethodRef uid="12" vc="8" />
                  </TrackedMethodRefs>
                </SequencePoint>
                <SequencePoint vc="8" uspid="198" ordinal="13" offset="119" sl="270" sc="17" el="270" ec="43" bec="0" bev="0" fileid="1">
                  <TrackedMethodRefs>
                    <TrackedMethodRef uid="12" vc="8" />
                  </TrackedMethodRefs>
                </SequencePoint>
                <SequencePoint vc="8" uspid="199" ordinal="14" offset="138" sl="271" sc="17" el="271" ec="62" bec="0" bev="0" fileid="1">
                  <TrackedMethodRefs>
                    <TrackedMethodRef uid="12" vc="8" />
                  </TrackedMethodRefs>
                </SequencePoint>
                <SequencePoint vc="8" uspid="200" ordinal="15" offset="147" sl="272" sc="17" el="272" ec="71" bec="0" bev="0" fileid="1">
                  <TrackedMethodRefs>
                    <TrackedMethodRef uid="12" vc="8" />
                  </TrackedMethodRefs>
                </SequencePoint>
                <SequencePoint vc="8" uspid="201" ordinal="16" offset="187" sl="274" sc="17" el="274" ec="77" bec="0" bev="0" fileid="1">
                  <TrackedMethodRefs>
                    <TrackedMethodRef uid="12" vc="8" />
                  </TrackedMethodRefs>
                </SequencePoint>
                <SequencePoint vc="8" uspid="202" ordinal="17" offset="207" sl="275" sc="13" el="275" ec="14" bec="0" bev="0" fileid="1">
                  <TrackedMethodRefs>
                    <TrackedMethodRef uid="12" vc="8" />
                  </TrackedMethodRefs>
                </SequencePoint>
                <SequencePoint vc="8" uspid="203" ordinal="18" offset="208" sl="268" sc="46" el="268" ec="49" bec="0" bev="0" fileid="1">
                  <TrackedMethodRefs>
                    <TrackedMethodRef uid="12" vc="8" />
                  </TrackedMethodRefs>
                </SequencePoint>
                <SequencePoint vc="9" uspid="204" ordinal="19" offset="214" sl="268" sc="29" el="268" ec="44" bec="2" bev="2" fileid="1">
                  <TrackedMethodRefs>
                    <TrackedMethodRef uid="12" vc="9" />
                  </TrackedMethodRefs>
                </SequencePoint>
                <SequencePoint vc="1" uspid="205" ordinal="20" offset="230" sl="277" sc="9" el="277" ec="10" bec="0" bev="0" fileid="1">
                  <TrackedMethodRefs>
                    <TrackedMethodRef uid="12" vc="1" />
                  </TrackedMethodRefs>
                </SequencePoint>
              </SequencePoints>
              <BranchPoints>
                <BranchPoint vc="1" uspid="206" ordinal="0" offset="111" sl="259" path="0" offsetend="113" fileid="1">
                  <TrackedMethodRefs>
                    <TrackedMethodRef uid="12" vc="1" />
                  </TrackedMethodRefs>
                </BranchPoint>
                <BranchPoint vc="8" uspid="207" ordinal="1" offset="111" sl="259" path="1" offsetend="11" fileid="1">
                  <TrackedMethodRefs>
                    <TrackedMethodRef uid="12" vc="8" />
                  </TrackedMethodRefs>
                </BranchPoint>
                <BranchPoint vc="1" uspid="208" ordinal="2" offset="228" sl="268" path="0" offsetend="230" fileid="1">
                  <TrackedMethodRefs>
                    <TrackedMethodRef uid="12" vc="1" />
                  </TrackedMethodRefs>
                </BranchPoint>
                <BranchPoint vc="8" uspid="209" ordinal="3" offset="228" sl="268" path="1" offsetend="118" fileid="1">
                  <TrackedMethodRefs>
                    <TrackedMethodRef uid="12" vc="8" />
                  </TrackedMethodRefs>
                </BranchPoint>
              </BranchPoints>
              <MethodPoint xsi:type="SequencePoint" vc="1" uspid="185" ordinal="0" offset="0" sl="255" sc="9" el="255" ec="10" bec="0" bev="0" fileid="1">
                <TrackedMethodRefs>
                  <TrackedMethodRef uid="12" vc="1" />
                </TrackedMethodRefs>
              </MethodPoint>
            </Method>
            <Method visited="true" cyclomaticComplexity="1" nPathComplexity="0" sequenceCoverage="100" branchCoverage="100" crapScore="1" isConstructor="false" isStatic="false" isGetter="false" isSetter="false">
              <Summary numSequencePoints="13" visitedSequencePoints="13" numBranchPoints="1" visitedBranchPoints="1" sequenceCoverage="100" branchCoverage="100" maxCyclomaticComplexity="1" minCyclomaticComplexity="1" maxCrapScore="1" minCrapScore="1" visitedClasses="0" numClasses="0" visitedMethods="1" numMethods="1" />
              <MetadataToken>100663309</MetadataToken>
              <Name>System.Void gsChessLib.GameTests::TestAlgebraicStringToPoint()</Name>
              <FileRef uid="1" />
              <SequencePoints>
                <SequencePoint vc="1" uspid="210" ordinal="0" offset="0" sl="281" sc="9" el="281" ec="10" bec="0" bev="0" fileid="1">
                  <TrackedMethodRefs>
                    <TrackedMethodRef uid="13" vc="1" />
                  </TrackedMethodRefs>
                </SequencePoint>
                <SequencePoint vc="1" uspid="211" ordinal="1" offset="1" sl="282" sc="13" el="282" ec="38" bec="0" bev="0" fileid="1">
                  <TrackedMethodRefs>
                    <TrackedMethodRef uid="13" vc="1" />
                  </TrackedMethodRefs>
                </SequencePoint>
                <SequencePoint vc="1" uspid="212" ordinal="2" offset="7" sl="283" sc="13" el="283" ec="39" bec="0" bev="0" fileid="1">
                  <TrackedMethodRefs>
                    <TrackedMethodRef uid="13" vc="1" />
                  </TrackedMethodRefs>
                </SequencePoint>
                <SequencePoint vc="1" uspid="213" ordinal="3" offset="13" sl="284" sc="13" el="284" ec="64" bec="0" bev="0" fileid="1">
                  <TrackedMethodRefs>
                    <TrackedMethodRef uid="13" vc="1" />
[...]
                    <TrackedMethodRef uid="11" vc="8" />
                    <TrackedMethodRef uid="9" vc="16" />
                    <TrackedMethodRef uid="6" vc="8" />
                    <TrackedMethodRef uid="5" vc="16" />
                  </TrackedMethodRefs>
                </SequencePoint>
                <SequencePoint vc="117" uspid="492" ordinal="25" offset="299" sl="99" sc="33" el="99" ec="48" bec="2" bev="2" fileid="3">
                  <TrackedMethodRefs>
                    <TrackedMethodRef uid="4" vc="18" />
                    <TrackedMethodRef uid="7" vc="9" />
                    <TrackedMethodRef uid="8" vc="18" />
                    <TrackedMethodRef uid="10" vc="18" />
                    <TrackedMethodRef uid="11" vc="9" />
                    <TrackedMethodRef uid="9" vc="18" />
                    <TrackedMethodRef uid="6" vc="9" />
                    <TrackedMethodRef uid="5" vc="18" />
                  </TrackedMethodRefs>
                </SequencePoint>
                <SequencePoint vc="13" uspid="493" ordinal="26" offset="314" sl="123" sc="17" el="123" ec="36" bec="0" bev="0" fileid="3">
                  <TrackedMethodRefs>
                    <TrackedMethodRef uid="4" vc="2" />
                    <TrackedMethodRef uid="7" vc="1" />
                    <TrackedMethodRef uid="8" vc="2" />
                    <TrackedMethodRef uid="10" vc="2" />
                    <TrackedMethodRef uid="11" vc="1" />
                    <TrackedMethodRef uid="9" vc="2" />
                    <TrackedMethodRef uid="6" vc="1" />
                    <TrackedMethodRef uid="5" vc="2" />
                  </TrackedMethodRefs>
                </SequencePoint>
                <SequencePoint vc="13" uspid="494" ordinal="27" offset="322" sl="124" sc="13" el="124" ec="14" bec="0" bev="0" fileid="3">
                  <TrackedMethodRefs>
                    <TrackedMethodRef uid="4" vc="2" />
                    <TrackedMethodRef uid="7" vc="1" />
                    <TrackedMethodRef uid="8" vc="2" />
                    <TrackedMethodRef uid="10" vc="2" />
                    <TrackedMethodRef uid="11" vc="1" />
                    <TrackedMethodRef uid="9" vc="2" />
                    <TrackedMethodRef uid="6" vc="1" />
                    <TrackedMethodRef uid="5" vc="2" />
                  </TrackedMethodRefs>
                </SequencePoint>
              </SequencePoints>
              <BranchPoints>
                <BranchPoint vc="421" uspid="495" ordinal="0" offset="70" sl="104" path="0" offsetend="75" fileid="3">
                  <TrackedMethodRefs>
                    <TrackedMethodRef uid="4" vc="64" />
                    <TrackedMethodRef uid="7" vc="32" />
                    <TrackedMethodRef uid="8" vc="65" />
                    <TrackedMethodRef uid="10" vc="68" />
                    <TrackedMethodRef uid="11" vc="32" />
                    <TrackedMethodRef uid="9" vc="64" />
                    <TrackedMethodRef uid="6" vc="32" />
                    <TrackedMethodRef uid="5" vc="64" />
                  </TrackedMethodRefs>
                </BranchPoint>
                <BranchPoint vc="411" uspid="496" ordinal="1" offset="70" sl="104" path="1" offsetend="268" fileid="3">
                  <TrackedMethodRefs>
                    <TrackedMethodRef uid="4" vc="64" />
                    <TrackedMethodRef uid="7" vc="32" />
                    <TrackedMethodRef uid="8" vc="63" />
                    <TrackedMethodRef uid="10" vc="60" />
                    <TrackedMethodRef uid="11" vc="32" />
                    <TrackedMethodRef uid="9" vc="64" />
                    <TrackedMethodRef uid="6" vc="32" />
                    <TrackedMethodRef uid="5" vc="64" />
                  </TrackedMethodRefs>
                </BranchPoint>
                <BranchPoint vc="210" uspid="497" ordinal="2" offset="191" sl="112" path="0" offsetend="193" fileid="3">
                  <TrackedMethodRefs>
                    <TrackedMethodRef uid="4" vc="32" />
                    <TrackedMethodRef uid="7" vc="16" />
                    <TrackedMethodRef uid="8" vc="32" />
                    <TrackedMethodRef uid="10" vc="34" />
                    <TrackedMethodRef uid="11" vc="16" />
                    <TrackedMethodRef uid="9" vc="32" />
                    <TrackedMethodRef uid="6" vc="16" />
                    <TrackedMethodRef uid="5" vc="32" />
                  </TrackedMethodRefs>
                </BranchPoint>
                <BranchPoint vc="211" uspid="498" ordinal="3" offset="191" sl="112" path="1" offsetend="207" fileid="3">
                  <TrackedMethodRefs>
                    <TrackedMethodRef uid="4" vc="32" />
                    <TrackedMethodRef uid="7" vc="16" />
                    <TrackedMethodRef uid="8" vc="33" />
                    <TrackedMethodRef uid="10" vc="34" />
                    <TrackedMethodRef uid="11" vc="16" />
                    <TrackedMethodRef uid="9" vc="32" />
                    <TrackedMethodRef uid="6" vc="16" />
                    <TrackedMethodRef uid="5" vc="32" />
                  </TrackedMethodRefs>
                </BranchPoint>
                <BranchPoint vc="104" uspid="499" ordinal="4" offset="289" sl="102" path="0" offsetend="294" fileid="3">
                  <TrackedMethodRefs>
                    <TrackedMethodRef uid="4" vc="16" />
                    <TrackedMethodRef uid="7" vc="8" />
                    <TrackedMethodRef uid="8" vc="16" />
                    <TrackedMethodRef uid="10" vc="16" />
                    <TrackedMethodRef uid="11" vc="8" />
                    <TrackedMethodRef uid="9" vc="16" />
                    <TrackedMethodRef uid="6" vc="8" />
                    <TrackedMethodRef uid="5" vc="16" />
                  </TrackedMethodRefs>
                </BranchPoint>
                <BranchPoint vc="832" uspid="500" ordinal="5" offset="289" sl="102" path="1" offsetend="50" fileid="3">
                  <TrackedMethodRefs>
                    <TrackedMethodRef uid="4" vc="128" />
                    <TrackedMethodRef uid="7" vc="64" />
                    <TrackedMethodRef uid="8" vc="128" />
                    <TrackedMethodRef uid="10" vc="128" />
                    <TrackedMethodRef uid="11" vc="64" />
                    <TrackedMethodRef uid="9" vc="128" />
                    <TrackedMethodRef uid="6" vc="64" />
                    <TrackedMethodRef uid="5" vc="128" />
                  </TrackedMethodRefs>
                </BranchPoint>
                <BranchPoint vc="13" uspid="501" ordinal="6" offset="309" sl="99" path="0" offsetend="314" fileid="3">
                  <TrackedMethodRefs>
                    <TrackedMethodRef uid="4" vc="2" />
                    <TrackedMethodRef uid="7" vc="1" />
                    <TrackedMethodRef uid="8" vc="2" />
                    <TrackedMethodRef uid="10" vc="2" />
                    <TrackedMethodRef uid="11" vc="1" />
                    <TrackedMethodRef uid="9" vc="2" />
                    <TrackedMethodRef uid="6" vc="1" />
                    <TrackedMethodRef uid="5" vc="2" />
                  </TrackedMethodRefs>
                </BranchPoint>
                <BranchPoint vc="104" uspid="502" ordinal="7" offset="309" sl="99" path="1" offsetend="37" fileid="3">
                  <TrackedMethodRefs>
                    <TrackedMethodRef uid="4" vc="16" />
                    <TrackedMethodRef uid="7" vc="8" />
                    <TrackedMethodRef uid="8" vc="16" />
                    <TrackedMethodRef uid="10" vc="16" />
                    <TrackedMethodRef uid="11" vc="8" />
                    <TrackedMethodRef uid="9" vc="16" />
                    <TrackedMethodRef uid="6" vc="8" />
                    <TrackedMethodRef uid="5" vc="16" />
                  </TrackedMethodRefs>
                </BranchPoint>
              </BranchPoints>
              <MethodPoint xsi:type="SequencePoint" vc="13" uspid="467" ordinal="0" offset="0" sl="92" sc="13" el="92" ec="14" bec="0" bev="0" fileid="3">
                <TrackedMethodRefs>
                  <TrackedMethodRef uid="4" vc="2" />
                  <TrackedMethodRef uid="7" vc="1" />
                  <TrackedMethodRef uid="8" vc="2" />
                  <TrackedMethodRef uid="10" vc="2" />
                  <TrackedMethodRef uid="11" vc="1" />
                  <TrackedMethodRef uid="9" vc="2" />
                  <TrackedMethodRef uid="6" vc="1" />
                  <TrackedMethodRef uid="5" vc="2" />
                </TrackedMethodRefs>
              </MethodPoint>
            </Method>
            <Method visited="false" cyclomaticComplexity="1" nPathComplexity="0" sequenceCoverage="0" branchCoverage="0" crapScore="2" isConstructor="false" isStatic="true" isGetter="false" isSetter="false">
              <Summary numSequencePoints="4" visitedSequencePoints="0" numBranchPoints="1" visitedBranchPoints="0" sequenceCoverage="0" branchCoverage="0" maxCyclomaticComplexity="1" minCyclomaticComplexity="1" maxCrapScore="2" minCrapScore="2" visitedClasses="0" numClasses="0" visitedMethods="0" numMethods="1" />
              <MetadataToken>100663340</MetadataToken>
              <Name>System.Collections.Generic.List`1&lt;System.String&gt; gsChessLib.Game/Board::GetPossibleMoves(gsChessLib.Game/Board)</Name>
              <FileRef uid="3" />
              <SequencePoints>
                <SequencePoint vc="0" uspid="503" ordinal="0" offset="0" sl="128" sc="13" el="128" ec="14" bec="0" bev="0" fileid="3" />
                <SequencePoint vc="0" uspid="504" ordinal="1" offset="1" sl="129" sc="17" el="129" ec="62" bec="0" bev="0" fileid="3" />
                <SequencePoint vc="0" uspid="505" ordinal="2" offset="7" sl="130" sc="17" el="130" ec="35" bec="0" bev="0" fileid="3" />
                <SequencePoint vc="0" uspid="506" ordinal="3" offset="11" sl="131" sc="13" el="131" ec="14" bec="0" bev="0" fileid="3" />
              </SequencePoints>
              <BranchPoints />
              <MethodPoint xsi:type="SequencePoint" vc="0" uspid="503" ordinal="0" offset="0" sl="128" sc="13" el="128" ec="14" bec="0" bev="0" fileid="3" />
            </Method>
            <Method visited="false" cyclomaticComplexity="1" nPathComplexity="0" sequenceCoverage="0" branchCoverage="0" crapScore="2" isConstructor="false" isStatic="true" isGetter="false" isSetter="false">
              <Summary numSequencePoints="4" visitedSequencePoints="0" numBranchPoints="1" visitedBranchPoints="0" sequenceCoverage="0" branchCoverage="0" maxCyclomaticComplexity="1" minCyclomaticComplexity="1" maxCrapScore="2" minCrapScore="2" visitedClasses="0" numClasses="0" visitedMethods="0" numMethods="1" />
              <MetadataToken>100663341</MetadataToken>
              <Name>System.Collections.Generic.List`1&lt;gsChessLib.Game/Piece&gt; gsChessLib.Game/Board::WhitePieces()</Name>
              <FileRef uid="3" />
              <SequencePoints>
                <SequencePoint vc="0" uspid="507" ordinal="0" offset="0" sl="134" sc="13" el="134" ec="14" bec="0" bev="0" fileid="3" />
                <SequencePoint vc="0" uspid="508" ordinal="1" offset="1" sl="135" sc="17" el="135" ec="56" bec="0" bev="0" fileid="3" />
                <SequencePoint vc="0" uspid="509" ordinal="2" offset="7" sl="136" sc="17" el="136" ec="31" bec="0" bev="0" fileid="3" />
                <SequencePoint vc="0" uspid="510" ordinal="3" offset="11" sl="137" sc="13" el="137" ec="14" bec="0" bev="0" fileid="3" />
              </SequencePoints>
              <BranchPoints />
              <MethodPoint xsi:type="SequencePoint" vc="0" uspid="507" ordinal="0" offset="0" sl="134" sc="13" el="134" ec="14" bec="0" bev="0" fileid="3" />
            </Method>
            <Method visited="false" cyclomaticComplexity="1" nPathComplexity="0" sequenceCoverage="0" branchCoverage="0" crapScore="2" isConstructor="false" isStatic="true" isGetter="false" isSetter="false">
              <Summary numSequencePoints="4" visitedSequencePoints="0" numBranchPoints="1" visitedBranchPoints="0" sequenceCoverage="0" branchCoverage="0" maxCyclomaticComplexity="1" minCyclomaticComplexity="1" maxCrapScore="2" minCrapScore="2" visitedClasses="0" numClasses="0" visitedMethods="0" numMethods="1" />
              <MetadataToken>100663342</MetadataToken>
              <Name>System.Collections.Generic.List`1&lt;gsChessLib.Game/Piece&gt; gsChessLib.Game/Board::BlackPieces()</Name>
              <FileRef uid="3" />
              <SequencePoints>
                <SequencePoint vc="0" uspid="511" ordinal="0" offset="0" sl="140" sc="13" el="140" ec="14" bec="0" bev="0" fileid="3" />
                <SequencePoint vc="0" uspid="512" ordinal="1" offset="1" sl="141" sc="17" el="141" ec="56" bec="0" bev="0" fileid="3" />
                <SequencePoint vc="0" uspid="513" ordinal="2" offset="7" sl="142" sc="17" el="142" ec="31" bec="0" bev="0" fileid="3" />
                <SequencePoint vc="0" uspid="514" ordinal="3" offset="11" sl="144" sc="13" el="144" ec="14" bec="0" bev="0" fileid="3" />
              </SequencePoints>
              <BranchPoints />
              <MethodPoint xsi:type="SequencePoint" vc="0" uspid="511" ordinal="0" offset="0" sl="140" sc="13" el="140" ec="14" bec="0" bev="0" fileid="3" />
            </Method>
          </Methods>
        </Class>
        <Class>
          <Summary numSequencePoints="1" visitedSequencePoints="1" numBranchPoints="1" visitedBranchPoints="1" sequenceCoverage="100" branchCoverage="100" maxCyclomaticComplexity="1" minCyclomaticComplexity="1" maxCrapScore="2" minCrapScore="1" visitedClasses="1" numClasses="1" visitedMethods="1" numMethods="1" />
          <FullName>gsChessLib.Game/Board/&lt;&gt;c</FullName>
          <Methods>
            <Method visited="false" cyclomaticComplexity="1" nPathComplexity="0" sequenceCoverage="0" branchCoverage="0" crapScore="2" isConstructor="true" isStatic="true" isGetter="false" isSetter="false">
              <Summary numSequencePoints="0" visitedSequencePoints="0" numBranchPoints="0" visitedBranchPoints="0" sequenceCoverage="0" branchCoverage="0" maxCyclomaticComplexity="1" minCyclomaticComplexity="1" maxCrapScore="2" minCrapScore="2" visitedClasses="0" numClasses="0" visitedMethods="0" numMethods="0" />
              <MetadataToken>100663345</MetadataToken>
              <Name>System.Void gsChessLib.Game/Board/&lt;&gt;c::.cctor()</Name>
              <SequencePoints />
              <BranchPoints />
              <MethodPoint vc="0" uspid="515" ordinal="0" offset="0" />
            </Method>
            <Method visited="false" cyclomaticComplexity="1" nPathComplexity="0" sequenceCoverage="0" branchCoverage="0" crapScore="2" isConstructor="true" isStatic="false" isGetter="false" isSetter="false">
              <Summary numSequencePoints="0" visitedSequencePoints="0" numBranchPoints="0" visitedBranchPoints="0" sequenceCoverage="0" branchCoverage="0" maxCyclomaticComplexity="1" minCyclomaticComplexity="1" maxCrapScore="2" minCrapScore="2" visitedClasses="0" numClasses="0" visitedMethods="0" numMethods="0" />
              <MetadataToken>100663346</MetadataToken>
              <Name>System.Void gsChessLib.Game/Board/&lt;&gt;c::.ctor()</Name>
              <SequencePoints />
              <BranchPoints />
              <MethodPoint vc="0" uspid="516" ordinal="0" offset="0" />
            </Method>
            <Method visited="true" cyclomaticComplexity="1" nPathComplexity="0" sequenceCoverage="100" branchCoverage="100" crapScore="1" isConstructor="false" isStatic="false" isGetter="false" isSetter="false">
              <Summary numSequencePoints="1" visitedSequencePoints="1" numBranchPoints="1" visitedBranchPoints="1" sequenceCoverage="100" branchCoverage="100" maxCyclomaticComplexity="1" minCyclomaticComplexity="1" maxCrapScore="1" minCrapScore="1" visitedClasses="0" numClasses="0" visitedMethods="1" numMethods="1" />
              <MetadataToken>100663347</MetadataToken>
              <Name>System.Boolean gsChessLib.Game/Board/&lt;&gt;c::&lt;IsValidBoardString_8x8&gt;b__16_0(System.Char)</Name>
              <FileRef uid="3" />
              <SequencePoints>
                <SequencePoint vc="141" uspid="517" ordinal="0" offset="0" sl="80" sc="56" el="80" ec="65" bec="0" bev="0" fileid="3">
                  <TrackedMethodRefs>
                    <TrackedMethodRef uid="3" vc="141" />
                  </TrackedMethodRefs>
                </SequencePoint>
              </SequencePoints>
              <BranchPoints />
              <MethodPoint xsi:type="SequencePoint" vc="141" uspid="517" ordinal="0" offset="0" sl="80" sc="56" el="80" ec="65" bec="0" bev="0" fileid="3">
                <TrackedMethodRefs>
                  <TrackedMethodRef uid="3" vc="141" />
                </TrackedMethodRefs>
              </MethodPoint>
            </Method>
          </Methods>
        </Class>
        <Class>
          <Summary numSequencePoints="1" visitedSequencePoints="1" numBranchPoints="1" visitedBranchPoints="1" sequenceCoverage="100" branchCoverage="100" maxCyclomaticComplexity="1" minCyclomaticComplexity="1" maxCrapScore="2" minCrapScore="1" visitedClasses="1" numClasses="1" visitedMethods="1" numMethods="1" />
          <FullName>gsChessLib.Game/&lt;&gt;c__DisplayClass7_0</FullName>
          <Methods>
            <Method visited="false" cyclomaticComplexity="1" nPathComplexity="0" sequenceCoverage="0" branchCoverage="0" crapScore="2" isConstructor="true" isStatic="false" isGetter="false" isSetter="false">
              <Summary numSequencePoints="0" visitedSequencePoints="0" numBranchPoints="0" visitedBranchPoints="0" sequenceCoverage="0" branchCoverage="0" maxCyclomaticComplexity="1" minCyclomaticComplexity="1" maxCrapScore="2" minCrapScore="2" visitedClasses="0" numClasses="0" visitedMethods="0" numMethods="0" />
              <MetadataToken>100663343</MetadataToken>
              <Name>System.Void gsChessLib.Game/&lt;&gt;c__DisplayClass7_0::.ctor()</Name>
              <SequencePoints />
              <BranchPoints />
              <MethodPoint vc="0" uspid="518" ordinal="0" offset="0" />
            </Method>
            <Method visited="true" cyclomaticComplexity="1" nPathComplexity="0" sequenceCoverage="100" branchCoverage="100" crapScore="1" isConstructor="false" isStatic="false" isGetter="false" isSetter="false">
              <Summary numSequencePoints="1" visitedSequencePoints="1" numBranchPoints="1" visitedBranchPoints="1" sequenceCoverage="100" branchCoverage="100" maxCyclomaticComplexity="1" minCyclomaticComplexity="1" maxCrapScore="1" minCrapScore="1" visitedClasses="0" numClasses="0" visitedMethods="1" numMethods="1" />
              <MetadataToken>100663344</MetadataToken>
              <Name>System.Boolean gsChessLib.Game/&lt;&gt;c__DisplayClass7_0::&lt;GetPieceOnSquare&gt;b__0(gsChessLib.Game/Piece)</Name>
              <FileRef uid="3" />
              <SequencePoints>
                <SequencePoint vc="66" uspid="519" ordinal="0" offset="0" sl="221" sc="59" el="221" ec="107" bec="0" bev="0" fileid="3">
                  <TrackedMethodRefs>
                    <TrackedMethodRef uid="10" vc="34" />
                    <TrackedMethodRef uid="6" vc="32" />
                  </TrackedMethodRefs>
                </SequencePoint>
              </SequencePoints>
              <BranchPoints />
              <MethodPoint xsi:type="SequencePoint" vc="66" uspid="519" ordinal="0" offset="0" sl="221" sc="59" el="221" ec="107" bec="0" bev="0" fileid="3">
                <TrackedMethodRefs>
                  <TrackedMethodRef uid="10" vc="34" />
                  <TrackedMethodRef uid="6" vc="32" />
                </TrackedMethodRefs>
              </MethodPoint>
            </Method>
          </Methods>
        </Class>
      </Classes>
      <TrackedMethods />
    </Module>
  </Modules>
</CoverageSession>